{"meta": {"format": 3, "version": "7.11.0", "timestamp": "2025-10-20T13:33:01.766833", "branch_coverage": true, "show_contexts": false}, "files": {"src/elspeth/__init__.py": {"executed_lines": [1], "summary": {"covered_lines": 0, "num_statements": 0, "percent_covered": 100.0, "percent_covered_display": "100", "missing_lines": 0, "excluded_lines": 0, "num_branches": 0, "num_partial_branches": 0, "covered_branches": 0, "missing_branches": 0}, "missing_lines": [], "excluded_lines": [], "executed_branches": [], "missing_branches": [], "functions": {"": {"executed_lines": [1], "summary": {"covered_lines": 0, "num_statements": 0, "percent_covered": 100.0, "percent_covered_display": "100", "missing_lines": 0, "excluded_lines": 0, "num_branches": 0, "num_partial_branches": 0, "covered_branches": 0, "missing_branches": 0}, "missing_lines": [], "excluded_lines": [], "executed_branches": [], "missing_branches": []}}, "classes": {"": {"executed_lines": [1], "summary": {"covered_lines": 0, "num_statements": 0, "percent_covered": 100.0, "percent_covered_display": "100", "missing_lines": 0, "excluded_lines": 0, "num_branches": 0, "num_partial_branches": 0, "covered_branches": 0, "missing_branches": 0}, "missing_lines": [], "excluded_lines": [], "executed_branches": [], "missing_branches": []}}}, "src/elspeth/adapters/__init__.py": {"executed_lines": [1, 3, 5], "summary": {"covered_lines": 2, "num_statements": 2, "percent_covered": 100.0, "percent_covered_display": "100", "missing_lines": 0, "excluded_lines": 0, "num_branches": 0, "num_partial_branches": 0, "covered_branches": 0, "missing_branches": 0}, "missing_lines": [], "excluded_lines": [], "executed_branches": [], "missing_branches": [], "functions": {"": {"executed_lines": [1, 3, 5], "summary": {"covered_lines": 2, "num_statements": 2, "percent_covered": 100.0, "percent_covered_display": "100", "missing_lines": 0, "excluded_lines": 0, "num_branches": 0, "num_partial_branches": 0, "covered_branches": 0, "missing_branches": 0}, "missing_lines": [], "excluded_lines": [], "executed_branches": [], "missing_branches": []}}, "classes": {"": {"executed_lines": [1, 3, 5], "summary": {"covered_lines": 2, "num_statements": 2, "percent_covered": 100.0, "percent_covered_display": "100", "missing_lines": 0, "excluded_lines": 0, "num_branches": 0, "num_partial_branches": 0, "covered_branches": 0, "missing_branches": 0}, "missing_lines": [], "excluded_lines": [], "executed_branches": [], "missing_branches": []}}}, "src/elspeth/adapters/blob_store.py": {"executed_lines": [1, 9, 11, 12, 13, 14, 15, 16, 17, 19, 21, 24, 25, 28, 29, 30, 32, 33, 34, 35, 36, 37, 38, 40, 41, 44, 45, 46, 47, 49, 50, 51, 52, 54, 55, 56, 57, 58, 60, 61, 62, 64, 65, 66, 68, 71, 72, 74, 75, 76, 78, 89, 92, 93, 94, 96, 97, 99, 100, 101, 103, 104, 107, 108, 115, 118, 119, 120, 122, 123, 125, 126, 127, 128, 130, 133, 134, 135, 137, 138, 139, 140, 141, 142, 144, 147, 148, 154, 157, 158, 160, 167, 168, 169, 170, 172, 173, 176, 177, 179, 180, 181, 182, 185, 187, 196, 197, 199, 202, 203, 204, 206, 208, 213, 214, 215, 216, 218, 221, 222, 224, 226, 229, 231, 233, 243, 253, 254, 255, 256, 259], "summary": {"covered_lines": 127, "num_statements": 138, "percent_covered": 90.80459770114942, "percent_covered_display": "91", "missing_lines": 11, "excluded_lines": 0, "num_branches": 36, "num_partial_branches": 5, "covered_branches": 31, "missing_branches": 5}, "missing_lines": [67, 69, 105, 131, 145, 183, 184, 236, 238, 239, 240], "excluded_lines": [], "executed_branches": [[46, 47], [46, 49], [54, 55], [54, 60], [64, 65], [64, 66], [66, 68], [68, 71], [75, 76], [75, 78], [93, 94], [93, 96], [96, 97], [96, 99], [100, 101], [100, 103], [104, 107], [119, 120], [119, 122], [130, 133], [133, 134], [133, 137], [138, 139], [138, 144], [144, 147], [176, 177], [176, 197], [180, 181], [180, 187], [203, 204], [203, 206]], "missing_branches": [[66, 67], [68, 69], [104, 105], [130, 131], [144, 145]], "functions": {"BlobConfig.from_mapping": {"executed_lines": [44, 45, 46, 47, 49, 50, 51, 52, 54, 55, 56, 57, 58, 60, 61, 62, 64, 65, 66, 68, 71, 72, 74, 75, 76, 78], "summary": {"covered_lines": 26, "num_statements": 28, "percent_covered": 90.0, "percent_covered_display": "90", "missing_lines": 2, "excluded_lines": 0, "num_branches": 12, "num_partial_branches": 2, "covered_branches": 10, "missing_branches": 2}, "missing_lines": [67, 69], "excluded_lines": [], "executed_branches": [[46, 47], [46, 49], [54, 55], [54, 60], [64, 65], [64, 66], [66, 68], [68, 71], [75, 76], [75, 78]], "missing_branches": [[66, 67], [68, 69]]}, "_parse_storage_uri": {"executed_lines": [92, 93, 94, 96, 97, 99, 100, 101, 103, 104, 107, 108], "summary": {"covered_lines": 12, "num_statements": 13, "percent_covered": 90.47619047619048, "percent_covered_display": "90", "missing_lines": 1, "excluded_lines": 0, "num_branches": 8, "num_partial_branches": 1, "covered_branches": 7, "missing_branches": 1}, "missing_lines": [105], "excluded_lines": [], "executed_branches": [[93, 94], [93, 96], [96, 97], [96, 99], [100, 101], [100, 103], [104, 107]], "missing_branches": [[104, 105]]}, "load_blob_config": {"executed_lines": [118, 119, 120, 122, 123, 125, 126, 127, 128, 130, 133, 134, 135, 137, 138, 139, 140, 141, 142, 144, 147, 148, 154], "summary": {"covered_lines": 23, "num_statements": 25, "percent_covered": 88.57142857142857, "percent_covered_display": "89", "missing_lines": 2, "excluded_lines": 0, "num_branches": 10, "num_partial_branches": 2, "covered_branches": 8, "missing_branches": 2}, "missing_lines": [131, 145], "excluded_lines": [], "executed_branches": [[119, 120], [119, 122], [130, 133], [133, 134], [133, 137], [138, 139], [138, 144], [144, 147]], "missing_branches": [[130, 131], [144, 145]]}, "BlobDataLoader.__init__": {"executed_lines": [167, 168, 169, 170], "summary": {"covered_lines": 4, "num_statements": 4, "percent_covered": 100.0, "percent_covered_display": "100", "missing_lines": 0, "excluded_lines": 0, "num_branches": 0, "num_partial_branches": 0, "covered_branches": 0, "missing_branches": 0}, "missing_lines": [], "excluded_lines": [], "executed_branches": [], "missing_branches": []}, "BlobDataLoader.blob_client": {"executed_lines": [176, 177, 179, 180, 181, 182, 185, 187, 196, 197], "summary": {"covered_lines": 10, "num_statements": 12, "percent_covered": 87.5, "percent_covered_display": "88", "missing_lines": 2, "excluded_lines": 0, "num_branches": 4, "num_partial_branches": 0, "covered_branches": 4, "missing_branches": 0}, "missing_lines": [183, 184], "excluded_lines": [], "executed_branches": [[176, 177], [176, 197], [180, 181], [180, 187]], "missing_branches": []}, "BlobDataLoader.download_to_file": {"executed_lines": [202, 203, 204, 206, 208, 213, 214, 215, 216], "summary": {"covered_lines": 9, "num_statements": 9, "percent_covered": 100.0, "percent_covered_display": "100", "missing_lines": 0, "excluded_lines": 0, "num_branches": 2, "num_partial_branches": 0, "covered_branches": 2, "missing_branches": 0}, "missing_lines": [], "excluded_lines": [], "executed_branches": [[203, 204], [203, 206]], "missing_branches": []}, "BlobDataLoader.load_text": {"executed_lines": [221, 222, 224], "summary": {"covered_lines": 3, "num_statements": 3, "percent_covered": 100.0, "percent_covered_display": "100", "missing_lines": 0, "excluded_lines": 0, "num_branches": 0, "num_partial_branches": 0, "covered_branches": 0, "missing_branches": 0}, "missing_lines": [], "excluded_lines": [], "executed_branches": [], "missing_branches": []}, "BlobDataLoader.load_bytes": {"executed_lines": [229, 231], "summary": {"covered_lines": 2, "num_statements": 2, "percent_covered": 100.0, "percent_covered_display": "100", "missing_lines": 0, "excluded_lines": 0, "num_branches": 0, "num_partial_branches": 0, "covered_branches": 0, "missing_branches": 0}, "missing_lines": [], "excluded_lines": [], "executed_branches": [], "missing_branches": []}, "BlobDataLoader.load_csv": {"executed_lines": [], "summary": {"covered_lines": 0, "num_statements": 4, "percent_covered": 0.0, "percent_covered_display": "0", "missing_lines": 4, "excluded_lines": 0, "num_branches": 0, "num_partial_branches": 0, "covered_branches": 0, "missing_branches": 0}, "missing_lines": [236, 238, 239, 240], "excluded_lines": [], "executed_branches": [], "missing_branches": []}, "load_blob_csv": {"executed_lines": [253, 254, 255, 256], "summary": {"covered_lines": 4, "num_statements": 4, "percent_covered": 100.0, "percent_covered_display": "100", "missing_lines": 0, "excluded_lines": 0, "num_branches": 0, "num_partial_branches": 0, "covered_branches": 0, "missing_branches": 0}, "missing_lines": [], "excluded_lines": [], "executed_branches": [], "missing_branches": []}, "": {"executed_lines": [1, 9, 11, 12, 13, 14, 15, 16, 17, 19, 21, 24, 25, 28, 29, 30, 32, 33, 34, 35, 36, 37, 38, 40, 41, 89, 115, 157, 158, 160, 172, 173, 199, 218, 226, 233, 243, 259], "summary": {"covered_lines": 34, "num_statements": 34, "percent_covered": 100.0, "percent_covered_display": "100", "missing_lines": 0, "excluded_lines": 0, "num_branches": 0, "num_partial_branches": 0, "covered_branches": 0, "missing_branches": 0}, "missing_lines": [], "excluded_lines": [], "executed_branches": [], "missing_branches": []}}, "classes": {"BlobConfigurationError": {"executed_lines": [], "summary": {"covered_lines": 0, "num_statements": 0, "percent_covered": 100.0, "percent_covered_display": "100", "missing_lines": 0, "excluded_lines": 0, "num_branches": 0, "num_partial_branches": 0, "covered_branches": 0, "missing_branches": 0}, "missing_lines": [], "excluded_lines": [], "executed_branches": [], "missing_branches": []}, "BlobConfig": {"executed_lines": [44, 45, 46, 47, 49, 50, 51, 52, 54, 55, 56, 57, 58, 60, 61, 62, 64, 65, 66, 68, 71, 72, 74, 75, 76, 78], "summary": {"covered_lines": 26, "num_statements": 28, "percent_covered": 90.0, "percent_covered_display": "90", "missing_lines": 2, "excluded_lines": 0, "num_branches": 12, "num_partial_branches": 2, "covered_branches": 10, "missing_branches": 2}, "missing_lines": [67, 69], "excluded_lines": [], "executed_branches": [[46, 47], [46, 49], [54, 55], [54, 60], [64, 65], [64, 66], [66, 68], [68, 71], [75, 76], [75, 78]], "missing_branches": [[66, 67], [68, 69]]}, "BlobDataLoader": {"executed_lines": [167, 168, 169, 170, 176, 177, 179, 180, 181, 182, 185, 187, 196, 197, 202, 203, 204, 206, 208, 213, 214, 215, 216, 221, 222, 224, 229, 231], "summary": {"covered_lines": 28, "num_statements": 34, "percent_covered": 85.0, "percent_covered_display": "85", "missing_lines": 6, "excluded_lines": 0, "num_branches": 6, "num_partial_branches": 0, "covered_branches": 6, "missing_branches": 0}, "missing_lines": [183, 184, 236, 238, 239, 240], "excluded_lines": [], "executed_branches": [[176, 177], [176, 197], [180, 181], [180, 187], [203, 204], [203, 206]], "missing_branches": []}, "": {"executed_lines": [1, 9, 11, 12, 13, 14, 15, 16, 17, 19, 21, 24, 25, 28, 29, 30, 32, 33, 34, 35, 36, 37, 38, 40, 41, 89, 92, 93, 94, 96, 97, 99, 100, 101, 103, 104, 107, 108, 115, 118, 119, 120, 122, 123, 125, 126, 127, 128, 130, 133, 134, 135, 137, 138, 139, 140, 141, 142, 144, 147, 148, 154, 157, 158, 160, 172, 173, 199, 218, 226, 233, 243, 253, 254, 255, 256, 259], "summary": {"covered_lines": 73, "num_statements": 76, "percent_covered": 93.61702127659575, "percent_covered_display": "94", "missing_lines": 3, "excluded_lines": 0, "num_branches": 18, "num_partial_branches": 3, "covered_branches": 15, "missing_branches": 3}, "missing_lines": [105, 131, 145], "excluded_lines": [], "executed_branches": [[93, 94], [93, 96], [96, 97], [96, 99], [100, 101], [100, 103], [104, 107], [119, 120], [119, 122], [130, 133], [133, 134], [133, 137], [138, 139], [138, 144], [144, 147]], "missing_branches": [[104, 105], [130, 131], [144, 145]]}}}, "src/elspeth/cli.py": {"executed_lines": [1, 8, 10, 11, 12, 13, 14, 16, 18, 19, 22, 25, 26, 27, 28, 29, 31, 34, 37, 38, 39, 44, 49, 55, 60, 65, 70, 76, 81, 86, 91, 96, 101, 106, 111, 116, 121, 125, 130, 135, 143, 147, 148, 151, 155, 156, 157, 158, 159, 162, 166, 167, 168, 169, 170, 171, 172, 173, 176, 180, 181, 182, 183, 184, 185, 186, 187, 188, 191, 194, 197, 200, 201, 202, 205, 206, 207, 208, 209, 211, 214, 215, 217, 218, 220, 221, 222, 223, 224, 225, 226, 228, 229, 230, 232, 233, 235, 236, 237, 238, 239, 240, 241, 243, 244, 246, 249, 252, 253, 255, 256, 258, 259, 261, 262, 264, 265, 267, 268, 269, 270, 272, 273, 274, 275, 277, 278, 280, 281, 288, 290, 291, 292, 293, 295, 296, 298, 299, 301, 302, 304, 305, 308, 309, 311, 312, 314, 316, 317, 318, 319, 321, 322, 330, 337, 340, 341, 351, 352, 353, 355, 356, 357, 358, 359, 364, 365, 366, 367, 373, 374, 376, 377, 378, 379, 380, 382, 383, 385, 387, 388, 396, 398, 400, 403, 404, 406, 409, 412, 413, 415, 416, 417, 418, 419, 420, 423, 424, 426, 427, 430, 433, 434, 437, 438, 440, 443, 446, 448, 451, 457, 458, 460, 463, 464, 466, 469, 475, 481, 482, 484, 487, 497, 500, 501, 502, 505], "summary": {"covered_lines": 224, "num_statements": 245, "percent_covered": 89.18032786885246, "percent_covered_display": "89", "missing_lines": 21, "excluded_lines": 2, "num_branches": 60, "num_partial_branches": 12, "covered_branches": 48, "missing_branches": 12}, "missing_lines": [219, 260, 276, 279, 300, 320, 361, 362, 389, 390, 391, 393, 414, 452, 454, 470, 472, 476, 478, 488, 490], "excluded_lines": [505, 506], "executed_branches": [[206, 207], [206, 211], [207, -205], [207, 208], [218, 220], [221, 222], [221, 223], [224, 225], [225, -217], [225, 226], [229, 230], [229, 232], [232, 233], [232, 235], [236, 237], [240, 241], [243, 244], [243, 246], [255, 256], [255, 264], [259, 261], [264, 265], [264, 272], [272, 273], [272, 290], [275, 277], [278, 280], [290, 291], [290, 295], [295, 296], [295, 304], [299, 301], [308, 309], [308, 314], [317, 318], [317, 330], [319, 321], [356, 357], [364, 365], [364, 373], [376, 377], [376, 382], [382, 383], [382, 385], [388, -337], [413, 415], [417, 418], [417, 419]], "missing_branches": [[218, 219], [224, -217], [236, 243], [240, 243], [259, 260], [275, 276], [278, 279], [299, 300], [319, 320], [356, 362], [388, 389], [413, 414]], "functions": {"build_parser": {"executed_lines": [37, 38, 39, 44, 49, 55, 60, 65, 70, 76, 81, 86, 91, 96, 101, 106, 111, 116, 121, 125, 130, 135, 143, 147, 148, 151, 155, 156, 157, 158, 159, 162, 166, 167, 168, 169, 170, 171, 172, 173, 176, 180, 181, 182, 183, 184, 185, 186, 187, 188], "summary": {"covered_lines": 50, "num_statements": 50, "percent_covered": 100.0, "percent_covered_display": "100", "missing_lines": 0, "excluded_lines": 0, "num_branches": 0, "num_partial_branches": 0, "covered_branches": 0, "missing_branches": 0}, "missing_lines": [], "excluded_lines": [], "executed_branches": [], "missing_branches": []}, "configure_logging": {"executed_lines": [194], "summary": {"covered_lines": 1, "num_statements": 1, "percent_covered": 100.0, "percent_covered_display": "100", "missing_lines": 0, "excluded_lines": 0, "num_branches": 0, "num_partial_branches": 0, "covered_branches": 0, "missing_branches": 0}, "missing_lines": [], "excluded_lines": [], "executed_branches": [], "missing_branches": []}, "format_preview": {"executed_lines": [200, 201, 202], "summary": {"covered_lines": 3, "num_statements": 3, "percent_covered": 100.0, "percent_covered_display": "100", "missing_lines": 0, "excluded_lines": 0, "num_branches": 0, "num_partial_branches": 0, "covered_branches": 0, "missing_branches": 0}, "missing_lines": [], "excluded_lines": [], "executed_branches": [], "missing_branches": []}, "_flatten_value": {"executed_lines": [206, 207, 208, 209, 211], "summary": {"covered_lines": 5, "num_statements": 5, "percent_covered": 100.0, "percent_covered_display": "100", "missing_lines": 0, "excluded_lines": 0, "num_branches": 4, "num_partial_branches": 0, "covered_branches": 4, "missing_branches": 0}, "missing_lines": [], "excluded_lines": [], "executed_branches": [[206, 207], [206, 211], [207, -205], [207, 208]], "missing_branches": []}, "_result_to_row": {"executed_lines": [215, 217, 228, 229, 230, 232, 233, 235, 236, 237, 238, 239, 240, 241, 243, 244, 246], "summary": {"covered_lines": 17, "num_statements": 17, "percent_covered": 92.5925925925926, "percent_covered_display": "93", "missing_lines": 0, "excluded_lines": 0, "num_branches": 10, "num_partial_branches": 2, "covered_branches": 8, "missing_branches": 2}, "missing_lines": [], "excluded_lines": [], "executed_branches": [[229, 230], [229, 232], [232, 233], [232, 235], [236, 237], [240, 241], [243, 244], [243, 246]], "missing_branches": [[236, 243], [240, 243]]}, "_result_to_row.consume_response": {"executed_lines": [218, 220, 221, 222, 223, 224, 225, 226], "summary": {"covered_lines": 8, "num_statements": 9, "percent_covered": 82.3529411764706, "percent_covered_display": "82", "missing_lines": 1, "excluded_lines": 0, "num_branches": 8, "num_partial_branches": 2, "covered_branches": 6, "missing_branches": 2}, "missing_lines": [219], "excluded_lines": [], "executed_branches": [[218, 220], [221, 222], [221, 223], [224, 225], [225, -217], [225, 226]], "missing_branches": [[218, 219], [224, -217]]}, "run": {"executed_lines": [252, 253, 255, 256, 258, 259, 261, 262, 264, 265, 267, 268, 269, 270, 272, 273, 274, 275, 277, 278, 280, 281, 288, 290, 291, 292, 293, 295, 296, 298, 299, 301, 302, 304, 305, 308, 309, 311, 312, 314, 316, 317, 318, 319, 321, 322, 330], "summary": {"covered_lines": 47, "num_statements": 52, "percent_covered": 86.84210526315789, "percent_covered_display": "87", "missing_lines": 5, "excluded_lines": 0, "num_branches": 24, "num_partial_branches": 5, "covered_branches": 19, "missing_branches": 5}, "missing_lines": [260, 276, 279, 300, 320], "excluded_lines": [], "executed_branches": [[255, 256], [255, 264], [259, 261], [264, 265], [264, 272], [272, 273], [272, 290], [275, 277], [278, 280], [290, 291], [290, 295], [295, 296], [295, 304], [299, 301], [308, 309], [308, 314], [317, 318], [317, 330], [319, 321]], "missing_branches": [[259, 260], [275, 276], [278, 279], [299, 300], [319, 320]]}, "_run_single": {"executed_lines": [340, 341, 351, 352, 353, 355, 356, 357, 358, 359, 364, 365, 366, 367, 373, 374, 376, 377, 378, 379, 380, 382, 383, 385, 387, 388], "summary": {"covered_lines": 26, "num_statements": 32, "percent_covered": 80.95238095238095, "percent_covered_display": "81", "missing_lines": 6, "excluded_lines": 0, "num_branches": 10, "num_partial_branches": 2, "covered_branches": 8, "missing_branches": 2}, "missing_lines": [361, 362, 389, 390, 391, 393], "excluded_lines": [], "executed_branches": [[356, 357], [364, 365], [364, 373], [376, 377], [376, 382], [382, 383], [382, 385], [388, -337]], "missing_branches": [[356, 362], [388, 389]]}, "_clone_suite_sinks": {"executed_lines": [398, 400], "summary": {"covered_lines": 2, "num_statements": 2, "percent_covered": 100.0, "percent_covered_display": "100", "missing_lines": 0, "excluded_lines": 0, "num_branches": 0, "num_partial_branches": 0, "covered_branches": 0, "missing_branches": 0}, "missing_lines": [], "excluded_lines": [], "executed_branches": [], "missing_branches": []}, "_assemble_suite_defaults": {"executed_lines": [404, 406], "summary": {"covered_lines": 2, "num_statements": 2, "percent_covered": 100.0, "percent_covered_display": "100", "missing_lines": 0, "excluded_lines": 0, "num_branches": 0, "num_partial_branches": 0, "covered_branches": 0, "missing_branches": 0}, "missing_lines": [], "excluded_lines": [], "executed_branches": [], "missing_branches": []}, "_load_settings_from_args": {"executed_lines": [412, 413, 415, 416, 417, 418, 419, 420], "summary": {"covered_lines": 8, "num_statements": 9, "percent_covered": 84.61538461538461, "percent_covered_display": "85", "missing_lines": 1, "excluded_lines": 0, "num_branches": 4, "num_partial_branches": 1, "covered_branches": 3, "missing_branches": 1}, "missing_lines": [414], "excluded_lines": [], "executed_branches": [[413, 415], [417, 418], [417, 419]], "missing_branches": [[413, 414]]}, "_AdHoc.__init__": {"executed_lines": [427], "summary": {"covered_lines": 1, "num_statements": 1, "percent_covered": 100.0, "percent_covered_display": "100", "missing_lines": 0, "excluded_lines": 0, "num_branches": 0, "num_partial_branches": 0, "covered_branches": 0, "missing_branches": 0}, "missing_lines": [], "excluded_lines": [], "executed_branches": [], "missing_branches": []}, "_resolve_suite_root": {"executed_lines": [433, 434], "summary": {"covered_lines": 2, "num_statements": 2, "percent_covered": 100.0, "percent_covered_display": "100", "missing_lines": 0, "excluded_lines": 0, "num_branches": 0, "num_partial_branches": 0, "covered_branches": 0, "missing_branches": 0}, "missing_lines": [], "excluded_lines": [], "executed_branches": [], "missing_branches": []}, "_handle_suite_management": {"executed_lines": [438, 440], "summary": {"covered_lines": 2, "num_statements": 2, "percent_covered": 100.0, "percent_covered_display": "100", "missing_lines": 0, "excluded_lines": 0, "num_branches": 0, "num_partial_branches": 0, "covered_branches": 0, "missing_branches": 0}, "missing_lines": [], "excluded_lines": [], "executed_branches": [], "missing_branches": []}, "_run_suite": {"executed_lines": [446, 448], "summary": {"covered_lines": 2, "num_statements": 2, "percent_covered": 100.0, "percent_covered_display": "100", "missing_lines": 0, "excluded_lines": 0, "num_branches": 0, "num_partial_branches": 0, "covered_branches": 0, "missing_branches": 0}, "missing_lines": [], "excluded_lines": [], "executed_branches": [], "missing_branches": []}, "_ensure_artifacts_dir": {"executed_lines": [], "summary": {"covered_lines": 0, "num_statements": 2, "percent_covered": 0.0, "percent_covered_display": "0", "missing_lines": 2, "excluded_lines": 0, "num_branches": 0, "num_partial_branches": 0, "covered_branches": 0, "missing_branches": 0}, "missing_lines": [452, 454], "excluded_lines": [], "executed_branches": [], "missing_branches": []}, "_write_simple_artifacts": {"executed_lines": [458, 460], "summary": {"covered_lines": 2, "num_statements": 2, "percent_covered": 100.0, "percent_covered_display": "100", "missing_lines": 0, "excluded_lines": 0, "num_branches": 0, "num_partial_branches": 0, "covered_branches": 0, "missing_branches": 0}, "missing_lines": [], "excluded_lines": [], "executed_branches": [], "missing_branches": []}, "_maybe_write_artifacts_single": {"executed_lines": [464, 466], "summary": {"covered_lines": 2, "num_statements": 2, "percent_covered": 100.0, "percent_covered_display": "100", "missing_lines": 0, "excluded_lines": 0, "num_branches": 0, "num_partial_branches": 0, "covered_branches": 0, "missing_branches": 0}, "missing_lines": [], "excluded_lines": [], "executed_branches": [], "missing_branches": []}, "_maybe_write_artifacts_suite": {"executed_lines": [], "summary": {"covered_lines": 0, "num_statements": 2, "percent_covered": 0.0, "percent_covered_display": "0", "missing_lines": 2, "excluded_lines": 0, "num_branches": 0, "num_partial_branches": 0, "covered_branches": 0, "missing_branches": 0}, "missing_lines": [470, 472], "excluded_lines": [], "executed_branches": [], "missing_branches": []}, "_create_signed_bundle": {"executed_lines": [], "summary": {"covered_lines": 0, "num_statements": 2, "percent_covered": 0.0, "percent_covered_display": "0", "missing_lines": 2, "excluded_lines": 0, "num_branches": 0, "num_partial_branches": 0, "covered_branches": 0, "missing_branches": 0}, "missing_lines": [476, 478], "excluded_lines": [], "executed_branches": [], "missing_branches": []}, "_load_yaml_json": {"executed_lines": [482, 484], "summary": {"covered_lines": 2, "num_statements": 2, "percent_covered": 100.0, "percent_covered_display": "100", "missing_lines": 0, "excluded_lines": 0, "num_branches": 0, "num_partial_branches": 0, "covered_branches": 0, "missing_branches": 0}, "missing_lines": [], "excluded_lines": [], "executed_branches": [], "missing_branches": []}, "_maybe_publish_artifacts_bundle": {"executed_lines": [], "summary": {"covered_lines": 0, "num_statements": 2, "percent_covered": 0.0, "percent_covered_display": "0", "missing_lines": 2, "excluded_lines": 0, "num_branches": 0, "num_partial_branches": 0, "covered_branches": 0, "missing_branches": 0}, "missing_lines": [488, 490], "excluded_lines": [], "executed_branches": [], "missing_branches": []}, "main": {"executed_lines": [500, 501, 502], "summary": {"covered_lines": 3, "num_statements": 3, "percent_covered": 100.0, "percent_covered_display": "100", "missing_lines": 0, "excluded_lines": 0, "num_branches": 0, "num_partial_branches": 0, "covered_branches": 0, "missing_branches": 0}, "missing_lines": [], "excluded_lines": [], "executed_branches": [], "missing_branches": []}, "": {"executed_lines": [1, 8, 10, 11, 12, 13, 14, 16, 18, 19, 22, 25, 26, 27, 28, 29, 31, 34, 191, 197, 205, 214, 249, 337, 396, 403, 409, 423, 424, 426, 430, 437, 443, 451, 457, 463, 469, 475, 481, 487, 497, 505], "summary": {"covered_lines": 39, "num_statements": 39, "percent_covered": 100.0, "percent_covered_display": "100", "missing_lines": 0, "excluded_lines": 2, "num_branches": 0, "num_partial_branches": 0, "covered_branches": 0, "missing_branches": 0}, "missing_lines": [], "excluded_lines": [505, 506], "executed_branches": [], "missing_branches": []}}, "classes": {"_AdHoc": {"executed_lines": [427], "summary": {"covered_lines": 1, "num_statements": 1, "percent_covered": 100.0, "percent_covered_display": "100", "missing_lines": 0, "excluded_lines": 0, "num_branches": 0, "num_partial_branches": 0, "covered_branches": 0, "missing_branches": 0}, "missing_lines": [], "excluded_lines": [], "executed_branches": [], "missing_branches": []}, "": {"executed_lines": [1, 8, 10, 11, 12, 13, 14, 16, 18, 19, 22, 25, 26, 27, 28, 29, 31, 34, 37, 38, 39, 44, 49, 55, 60, 65, 70, 76, 81, 86, 91, 96, 101, 106, 111, 116, 121, 125, 130, 135, 143, 147, 148, 151, 155, 156, 157, 158, 159, 162, 166, 167, 168, 169, 170, 171, 172, 173, 176, 180, 181, 182, 183, 184, 185, 186, 187, 188, 191, 194, 197, 200, 201, 202, 205, 206, 207, 208, 209, 211, 214, 215, 217, 218, 220, 221, 222, 223, 224, 225, 226, 228, 229, 230, 232, 233, 235, 236, 237, 238, 239, 240, 241, 243, 244, 246, 249, 252, 253, 255, 256, 258, 259, 261, 262, 264, 265, 267, 268, 269, 270, 272, 273, 274, 275, 277, 278, 280, 281, 288, 290, 291, 292, 293, 295, 296, 298, 299, 301, 302, 304, 305, 308, 309, 311, 312, 314, 316, 317, 318, 319, 321, 322, 330, 337, 340, 341, 351, 352, 353, 355, 356, 357, 358, 359, 364, 365, 366, 367, 373, 374, 376, 377, 378, 379, 380, 382, 383, 385, 387, 388, 396, 398, 400, 403, 404, 406, 409, 412, 413, 415, 416, 417, 418, 419, 420, 423, 424, 426, 430, 433, 434, 437, 438, 440, 443, 446, 448, 451, 457, 458, 460, 463, 464, 466, 469, 475, 481, 482, 484, 487, 497, 500, 501, 502, 505], "summary": {"covered_lines": 223, "num_statements": 244, "percent_covered": 89.14473684210526, "percent_covered_display": "89", "missing_lines": 21, "excluded_lines": 2, "num_branches": 60, "num_partial_branches": 12, "covered_branches": 48, "missing_branches": 12}, "missing_lines": [219, 260, 276, 279, 300, 320, 361, 362, 389, 390, 391, 393, 414, 452, 454, 470, 472, 476, 478, 488, 490], "excluded_lines": [505, 506], "executed_branches": [[206, 207], [206, 211], [207, -205], [207, 208], [218, 220], [221, 222], [221, 223], [224, 225], [225, -217], [225, 226], [229, 230], [229, 232], [232, 233], [232, 235], [236, 237], [240, 241], [243, 244], [243, 246], [255, 256], [255, 264], [259, 261], [264, 265], [264, 272], [272, 273], [272, 290], [275, 277], [278, 280], [290, 291], [290, 295], [295, 296], [295, 304], [299, 301], [308, 309], [308, 314], [317, 318], [317, 330], [319, 321], [356, 357], [364, 365], [364, 373], [376, 377], [376, 382], [382, 383], [382, 385], [388, -337], [413, 415], [417, 418], [417, 419]], "missing_branches": [[218, 219], [224, -217], [236, 243], [240, 243], [259, 260], [275, 276], [278, 279], [299, 300], [319, 320], [356, 362], [388, 389], [413, 414]]}}}, "src/elspeth/config.py": {"executed_lines": [1, 3, 5, 6, 7, 9, 11, 12, 13, 14, 15, 16, 17, 18, 21, 22, 23, 25, 26, 27, 28, 29, 30, 31, 32, 33, 34, 35, 38, 39, 40, 42, 43, 44, 45, 48, 49, 50, 52, 53, 54, 55, 56, 57, 58, 59, 60, 61, 62, 63, 66, 69, 70, 71, 72, 75, 78, 79, 80, 84, 87, 88, 89, 91, 94, 97, 100, 101, 102, 103, 104, 105, 107, 108, 113, 114, 115, 116, 117, 119, 120, 125, 126, 127, 128, 131, 134, 135, 136, 139, 142, 143, 145, 146, 148, 151, 158, 160, 161, 163, 164, 165, 166, 169, 170, 171, 172, 173, 178, 181, 189, 192, 193, 194, 195, 196, 198, 214, 216, 217, 218, 219, 220, 221, 224, 226, 227, 228, 229, 230, 233, 235, 236, 239, 240, 241, 242, 243, 245, 246, 247, 248, 251, 253, 254, 255, 256, 260, 273, 274, 276, 277, 278, 279, 282, 288, 289, 290, 291, 294, 297, 298, 301, 304, 312, 313, 314, 317, 320, 321, 323, 324, 328, 331, 332, 333, 337, 344, 345, 346, 347, 348, 352, 358, 359, 360, 361, 363, 364, 365, 366, 367, 368, 370, 373, 376, 377, 378, 379, 382, 390, 412, 418, 419, 420, 421, 423, 424, 425, 426, 427, 430, 433, 434, 435, 436, 437, 439, 441, 443, 444, 445, 446, 448, 449, 450, 452, 459, 460, 462], "summary": {"covered_lines": 226, "num_statements": 247, "percent_covered": 86.06811145510837, "percent_covered_display": "86", "missing_lines": 21, "excluded_lines": 0, "num_branches": 76, "num_partial_branches": 24, "covered_branches": 52, "missing_branches": 24}, "missing_lines": [81, 90, 106, 109, 110, 118, 121, 122, 144, 147, 159, 162, 174, 175, 257, 322, 325, 334, 349, 362, 369], "excluded_lines": [], "executed_branches": [[70, 71], [70, 72], [79, 80], [89, 91], [103, 104], [105, 107], [115, 116], [117, 119], [143, 145], [146, 148], [158, 160], [161, 163], [216, 217], [218, 219], [220, 221], [235, 236], [235, 239], [240, -239], [240, 241], [242, 243], [254, 255], [256, -251], [273, 274], [273, 276], [288, 289], [288, 290], [297, -294], [297, 298], [312, -301], [312, 313], [313, 312], [313, 314], [320, -317], [320, 321], [321, 323], [324, 320], [331, 332], [333, -328], [344, 345], [344, 346], [348, -337], [358, 359], [358, 360], [361, 363], [364, 365], [364, 370], [366, 367], [368, 370], [377, 378], [377, 379], [420, 421], [420, 423]], "missing_branches": [[79, 81], [89, 90], [103, 105], [105, 106], [115, 117], [117, 118], [143, 144], [146, 147], [158, 159], [161, 162], [216, 218], [218, 220], [220, -214], [242, -239], [254, 256], [256, 257], [321, 322], [324, 325], [331, -328], [333, 334], [348, 349], [361, 362], [366, 370], [368, 369]], "functions": {"_extract_optional_mapping": {"executed_lines": [69, 70, 71, 72], "summary": {"covered_lines": 4, "num_statements": 4, "percent_covered": 100.0, "percent_covered_display": "100", "missing_lines": 0, "excluded_lines": 0, "num_branches": 2, "num_partial_branches": 0, "covered_branches": 2, "missing_branches": 0}, "missing_lines": [], "excluded_lines": [], "executed_branches": [[70, 71], [70, 72]], "missing_branches": []}, "_collect_plugin_list": {"executed_lines": [78, 79, 80], "summary": {"covered_lines": 3, "num_statements": 4, "percent_covered": 66.66666666666667, "percent_covered_display": "67", "missing_lines": 1, "excluded_lines": 0, "num_branches": 2, "num_partial_branches": 1, "covered_branches": 1, "missing_branches": 1}, "missing_lines": [81], "excluded_lines": [], "executed_branches": [[79, 80]], "missing_branches": [[79, 81]]}, "_resolve_early_stop_sections": {"executed_lines": [87, 88, 89, 91], "summary": {"covered_lines": 4, "num_statements": 5, "percent_covered": 71.42857142857143, "percent_covered_display": "71", "missing_lines": 1, "excluded_lines": 0, "num_branches": 2, "num_partial_branches": 1, "covered_branches": 1, "missing_branches": 1}, "missing_lines": [90], "excluded_lines": [], "executed_branches": [[89, 91]], "missing_branches": [[89, 90]]}, "_prepare_plugin_definition": {"executed_lines": [97, 100, 101, 102, 103, 104, 105, 107, 108, 113, 114, 115, 116, 117, 119, 120, 125, 126, 127, 128], "summary": {"covered_lines": 20, "num_statements": 26, "percent_covered": 70.58823529411765, "percent_covered_display": "71", "missing_lines": 6, "excluded_lines": 0, "num_branches": 8, "num_partial_branches": 4, "covered_branches": 4, "missing_branches": 4}, "missing_lines": [106, 109, 110, 118, 121, 122], "excluded_lines": [], "executed_branches": [[103, 104], [105, 107], [115, 116], [117, 119]], "missing_branches": [[103, 105], [105, 106], [115, 117], [117, 118]]}, "_merge_pack": {"executed_lines": [134, 135, 136], "summary": {"covered_lines": 3, "num_statements": 3, "percent_covered": 100.0, "percent_covered_display": "100", "missing_lines": 0, "excluded_lines": 0, "num_branches": 0, "num_partial_branches": 0, "covered_branches": 0, "missing_branches": 0}, "missing_lines": [], "excluded_lines": [], "executed_branches": [], "missing_branches": []}, "_read_profile_data": {"executed_lines": [142, 143, 145, 146, 148], "summary": {"covered_lines": 5, "num_statements": 7, "percent_covered": 63.63636363636363, "percent_covered_display": "64", "missing_lines": 2, "excluded_lines": 0, "num_branches": 4, "num_partial_branches": 2, "covered_branches": 2, "missing_branches": 2}, "missing_lines": [144, 147], "excluded_lines": [], "executed_branches": [[143, 145], [146, 148]], "missing_branches": [[143, 144], [146, 147]]}, "_instantiate_plugin": {"executed_lines": [158, 160, 161, 163, 164, 165, 166, 169, 170, 171, 172, 173], "summary": {"covered_lines": 12, "num_statements": 16, "percent_covered": 70.0, "percent_covered_display": "70", "missing_lines": 4, "excluded_lines": 0, "num_branches": 4, "num_partial_branches": 2, "covered_branches": 2, "missing_branches": 2}, "missing_lines": [159, 162, 174, 175], "excluded_lines": [], "executed_branches": [[158, 160], [161, 163]], "missing_branches": [[158, 159], [161, 162]]}, "_collect_prompt_configuration": {"executed_lines": [181], "summary": {"covered_lines": 1, "num_statements": 1, "percent_covered": 100.0, "percent_covered_display": "100", "missing_lines": 0, "excluded_lines": 0, "num_branches": 0, "num_partial_branches": 0, "covered_branches": 0, "missing_branches": 0}, "missing_lines": [], "excluded_lines": [], "executed_branches": [], "missing_branches": []}, "_collect_plugin_definitions": {"executed_lines": [192, 193, 194, 195, 196, 198], "summary": {"covered_lines": 6, "num_statements": 6, "percent_covered": 100.0, "percent_covered_display": "100", "missing_lines": 0, "excluded_lines": 0, "num_branches": 0, "num_partial_branches": 0, "covered_branches": 0, "missing_branches": 0}, "missing_lines": [], "excluded_lines": [], "executed_branches": [], "missing_branches": []}, "_apply_prompt_config_overrides": {"executed_lines": [216, 217, 218, 219, 220, 221], "summary": {"covered_lines": 6, "num_statements": 6, "percent_covered": 75.0, "percent_covered_display": "75", "missing_lines": 0, "excluded_lines": 0, "num_branches": 6, "num_partial_branches": 3, "covered_branches": 3, "missing_branches": 3}, "missing_lines": [], "excluded_lines": [], "executed_branches": [[216, 217], [218, 219], [220, 221]], "missing_branches": [[216, 218], [218, 220], [220, -214]]}, "_apply_plugin_list_overrides": {"executed_lines": [226, 227, 228, 229, 230], "summary": {"covered_lines": 5, "num_statements": 5, "percent_covered": 100.0, "percent_covered_display": "100", "missing_lines": 0, "excluded_lines": 0, "num_branches": 0, "num_partial_branches": 0, "covered_branches": 0, "missing_branches": 0}, "missing_lines": [], "excluded_lines": [], "executed_branches": [], "missing_branches": []}, "_apply_singleton_config_overrides": {"executed_lines": [235, 236, 239, 245, 246, 247, 248], "summary": {"covered_lines": 7, "num_statements": 7, "percent_covered": 100.0, "percent_covered_display": "100", "missing_lines": 0, "excluded_lines": 0, "num_branches": 2, "num_partial_branches": 0, "covered_branches": 2, "missing_branches": 0}, "missing_lines": [], "excluded_lines": [], "executed_branches": [[235, 236], [235, 239]], "missing_branches": []}, "_apply_singleton_config_overrides._set_if_mapping": {"executed_lines": [240, 241, 242, 243], "summary": {"covered_lines": 4, "num_statements": 4, "percent_covered": 87.5, "percent_covered_display": "88", "missing_lines": 0, "excluded_lines": 0, "num_branches": 4, "num_partial_branches": 1, "covered_branches": 3, "missing_branches": 1}, "missing_lines": [], "excluded_lines": [], "executed_branches": [[240, -239], [240, 241], [242, 243]], "missing_branches": [[242, -239]]}, "_apply_early_stop_overrides": {"executed_lines": [253, 254, 255, 256], "summary": {"covered_lines": 4, "num_statements": 5, "percent_covered": 66.66666666666667, "percent_covered_display": "67", "missing_lines": 1, "excluded_lines": 0, "num_branches": 4, "num_partial_branches": 2, "covered_branches": 2, "missing_branches": 2}, "missing_lines": [257], "excluded_lines": [], "executed_branches": [[254, 255], [256, -251]], "missing_branches": [[254, 256], [256, 257]]}, "_apply_prompt_pack_overrides": {"executed_lines": [273, 274, 276, 277, 278, 279], "summary": {"covered_lines": 6, "num_statements": 6, "percent_covered": 100.0, "percent_covered_display": "100", "missing_lines": 0, "excluded_lines": 0, "num_branches": 2, "num_partial_branches": 0, "covered_branches": 2, "missing_branches": 0}, "missing_lines": [], "excluded_lines": [], "executed_branches": [[273, 274], [273, 276]], "missing_branches": []}, "_resolve_suite_defaults_pack": {"executed_lines": [288, 289, 290, 291], "summary": {"covered_lines": 4, "num_statements": 4, "percent_covered": 100.0, "percent_covered_display": "100", "missing_lines": 0, "excluded_lines": 0, "num_branches": 2, "num_partial_branches": 0, "covered_branches": 2, "missing_branches": 0}, "missing_lines": [], "excluded_lines": [], "executed_branches": [[288, 289], [288, 290]], "missing_branches": []}, "_merge_suite_default_scalars": {"executed_lines": [297, 298], "summary": {"covered_lines": 2, "num_statements": 2, "percent_covered": 100.0, "percent_covered_display": "100", "missing_lines": 0, "excluded_lines": 0, "num_branches": 2, "num_partial_branches": 0, "covered_branches": 2, "missing_branches": 0}, "missing_lines": [], "excluded_lines": [], "executed_branches": [[297, -294], [297, 298]], "missing_branches": []}, "_merge_suite_default_lists": {"executed_lines": [304, 312, 313, 314], "summary": {"covered_lines": 4, "num_statements": 4, "percent_covered": 100.0, "percent_covered_display": "100", "missing_lines": 0, "excluded_lines": 0, "num_branches": 4, "num_partial_branches": 0, "covered_branches": 4, "missing_branches": 0}, "missing_lines": [], "excluded_lines": [], "executed_branches": [[312, -301], [312, 313], [313, 312], [313, 314]], "missing_branches": []}, "_merge_suite_default_mappings": {"executed_lines": [320, 321, 323, 324], "summary": {"covered_lines": 4, "num_statements": 6, "percent_covered": 66.66666666666667, "percent_covered_display": "67", "missing_lines": 2, "excluded_lines": 0, "num_branches": 6, "num_partial_branches": 2, "covered_branches": 4, "missing_branches": 2}, "missing_lines": [322, 325], "excluded_lines": [], "executed_branches": [[320, -317], [320, 321], [321, 323], [324, 320]], "missing_branches": [[321, 322], [324, 325]]}, "_merge_suite_default_early_stop_plugins": {"executed_lines": [331, 332, 333], "summary": {"covered_lines": 3, "num_statements": 4, "percent_covered": 62.5, "percent_covered_display": "62", "missing_lines": 1, "excluded_lines": 0, "num_branches": 4, "num_partial_branches": 2, "covered_branches": 2, "missing_branches": 2}, "missing_lines": [334], "excluded_lines": [], "executed_branches": [[331, 332], [333, -328]], "missing_branches": [[331, -328], [333, 334]]}, "_resolve_sink_definitions": {"executed_lines": [344, 345, 346, 347, 348], "summary": {"covered_lines": 5, "num_statements": 6, "percent_covered": 80.0, "percent_covered_display": "80", "missing_lines": 1, "excluded_lines": 0, "num_branches": 4, "num_partial_branches": 1, "covered_branches": 3, "missing_branches": 1}, "missing_lines": [349], "excluded_lines": [], "executed_branches": [[344, 345], [344, 346], [348, -337]], "missing_branches": [[348, 349]]}, "_sinks_from_suite_defaults": {"executed_lines": [358, 359, 360, 361, 363, 364, 365, 366, 367, 368, 370], "summary": {"covered_lines": 11, "num_statements": 13, "percent_covered": 78.26086956521739, "percent_covered_display": "78", "missing_lines": 2, "excluded_lines": 0, "num_branches": 10, "num_partial_branches": 3, "covered_branches": 7, "missing_branches": 3}, "missing_lines": [362, 369], "excluded_lines": [], "executed_branches": [[358, 359], [358, 360], [361, 363], [364, 365], [364, 370], [366, 367], [368, 370]], "missing_branches": [[361, 362], [366, 370], [368, 369]]}, "_instantiate_sinks": {"executed_lines": [376, 377, 378, 379], "summary": {"covered_lines": 4, "num_statements": 4, "percent_covered": 100.0, "percent_covered_display": "100", "missing_lines": 0, "excluded_lines": 0, "num_branches": 2, "num_partial_branches": 0, "covered_branches": 2, "missing_branches": 0}, "missing_lines": [], "excluded_lines": [], "executed_branches": [[377, 378], [377, 379]], "missing_branches": []}, "_build_orchestrator_config": {"executed_lines": [390], "summary": {"covered_lines": 1, "num_statements": 1, "percent_covered": 100.0, "percent_covered_display": "100", "missing_lines": 0, "excluded_lines": 0, "num_branches": 0, "num_partial_branches": 0, "covered_branches": 0, "missing_branches": 0}, "missing_lines": [], "excluded_lines": [], "executed_branches": [], "missing_branches": []}, "_prepare_suite_defaults": {"executed_lines": [418, 419, 420, 421, 423, 424, 425, 426, 427], "summary": {"covered_lines": 9, "num_statements": 9, "percent_covered": 100.0, "percent_covered_display": "100", "missing_lines": 0, "excluded_lines": 0, "num_branches": 2, "num_partial_branches": 0, "covered_branches": 2, "missing_branches": 0}, "missing_lines": [], "excluded_lines": [], "executed_branches": [[420, 421], [420, 423]], "missing_branches": []}, "load_settings": {"executed_lines": [433, 434, 435, 436, 437, 439, 441, 443, 444, 445, 446, 448, 449, 450, 452, 459, 460, 462], "summary": {"covered_lines": 18, "num_statements": 18, "percent_covered": 100.0, "percent_covered_display": "100", "missing_lines": 0, "excluded_lines": 0, "num_branches": 0, "num_partial_branches": 0, "covered_branches": 0, "missing_branches": 0}, "missing_lines": [], "excluded_lines": [], "executed_branches": [], "missing_branches": []}, "": {"executed_lines": [1, 3, 5, 6, 7, 9, 11, 12, 13, 14, 15, 16, 17, 18, 21, 22, 23, 25, 26, 27, 28, 29, 30, 31, 32, 33, 34, 35, 38, 39, 40, 42, 43, 44, 45, 48, 49, 50, 52, 53, 54, 55, 56, 57, 58, 59, 60, 61, 62, 63, 66, 75, 84, 94, 131, 139, 151, 178, 189, 214, 224, 233, 251, 260, 282, 294, 301, 317, 328, 337, 352, 373, 382, 412, 430], "summary": {"covered_lines": 71, "num_statements": 71, "percent_covered": 100.0, "percent_covered_display": "100", "missing_lines": 0, "excluded_lines": 0, "num_branches": 0, "num_partial_branches": 0, "covered_branches": 0, "missing_branches": 0}, "missing_lines": [], "excluded_lines": [], "executed_branches": [], "missing_branches": []}}, "classes": {"Settings": {"executed_lines": [], "summary": {"covered_lines": 0, "num_statements": 0, "percent_covered": 100.0, "percent_covered_display": "100", "missing_lines": 0, "excluded_lines": 0, "num_branches": 0, "num_partial_branches": 0, "covered_branches": 0, "missing_branches": 0}, "missing_lines": [], "excluded_lines": [], "executed_branches": [], "missing_branches": []}, "PromptConfiguration": {"executed_lines": [], "summary": {"covered_lines": 0, "num_statements": 0, "percent_covered": 100.0, "percent_covered_display": "100", "missing_lines": 0, "excluded_lines": 0, "num_branches": 0, "num_partial_branches": 0, "covered_branches": 0, "missing_branches": 0}, "missing_lines": [], "excluded_lines": [], "executed_branches": [], "missing_branches": []}, "PluginDefinitions": {"executed_lines": [], "summary": {"covered_lines": 0, "num_statements": 0, "percent_covered": 100.0, "percent_covered_display": "100", "missing_lines": 0, "excluded_lines": 0, "num_branches": 0, "num_partial_branches": 0, "covered_branches": 0, "missing_branches": 0}, "missing_lines": [], "excluded_lines": [], "executed_branches": [], "missing_branches": []}, "": {"executed_lines": [1, 3, 5, 6, 7, 9, 11, 12, 13, 14, 15, 16, 17, 18, 21, 22, 23, 25, 26, 27, 28, 29, 30, 31, 32, 33, 34, 35, 38, 39, 40, 42, 43, 44, 45, 48, 49, 50, 52, 53, 54, 55, 56, 57, 58, 59, 60, 61, 62, 63, 66, 69, 70, 71, 72, 75, 78, 79, 80, 84, 87, 88, 89, 91, 94, 97, 100, 101, 102, 103, 104, 105, 107, 108, 113, 114, 115, 116, 117, 119, 120, 125, 126, 127, 128, 131, 134, 135, 136, 139, 142, 143, 145, 146, 148, 151, 158, 160, 161, 163, 164, 165, 166, 169, 170, 171, 172, 173, 178, 181, 189, 192, 193, 194, 195, 196, 198, 214, 216, 217, 218, 219, 220, 221, 224, 226, 227, 228, 229, 230, 233, 235, 236, 239, 240, 241, 242, 243, 245, 246, 247, 248, 251, 253, 254, 255, 256, 260, 273, 274, 276, 277, 278, 279, 282, 288, 289, 290, 291, 294, 297, 298, 301, 304, 312, 313, 314, 317, 320, 321, 323, 324, 328, 331, 332, 333, 337, 344, 345, 346, 347, 348, 352, 358, 359, 360, 361, 363, 364, 365, 366, 367, 368, 370, 373, 376, 377, 378, 379, 382, 390, 412, 418, 419, 420, 421, 423, 424, 425, 426, 427, 430, 433, 434, 435, 436, 437, 439, 441, 443, 444, 445, 446, 448, 449, 450, 452, 459, 460, 462], "summary": {"covered_lines": 226, "num_statements": 247, "percent_covered": 86.06811145510837, "percent_covered_display": "86", "missing_lines": 21, "excluded_lines": 0, "num_branches": 76, "num_partial_branches": 24, "covered_branches": 52, "missing_branches": 24}, "missing_lines": [81, 90, 106, 109, 110, 118, 121, 122, 144, 147, 159, 162, 174, 175, 257, 322, 325, 334, 349, 362, 369], "excluded_lines": [], "executed_branches": [[70, 71], [70, 72], [79, 80], [89, 91], [103, 104], [105, 107], [115, 116], [117, 119], [143, 145], [146, 148], [158, 160], [161, 163], [216, 217], [218, 219], [220, 221], [235, 236], [235, 239], [240, -239], [240, 241], [242, 243], [254, 255], [256, -251], [273, 274], [273, 276], [288, 289], [288, 290], [297, -294], [297, 298], [312, -301], [312, 313], [313, 312], [313, 314], [320, -317], [320, 321], [321, 323], [324, 320], [331, 332], [333, -328], [344, 345], [344, 346], [348, -337], [358, 359], [358, 360], [361, 363], [364, 365], [364, 370], [366, 367], [368, 370], [377, 378], [377, 379], [420, 421], [420, 423]], "missing_branches": [[79, 81], [89, 90], [103, 105], [105, 106], [115, 117], [117, 118], [143, 144], [146, 147], [158, 159], [161, 162], [216, 218], [218, 220], [220, -214], [242, -239], [254, 256], [256, 257], [321, 322], [324, 325], [331, -328], [333, 334], [348, 349], [361, 362], [366, 370], [368, 369]]}}}, "src/elspeth/core/__init__.py": {"executed_lines": [1, 3, 4, 6], "summary": {"covered_lines": 3, "num_statements": 3, "percent_covered": 100.0, "percent_covered_display": "100", "missing_lines": 0, "excluded_lines": 0, "num_branches": 0, "num_partial_branches": 0, "covered_branches": 0, "missing_branches": 0}, "missing_lines": [], "excluded_lines": [], "executed_branches": [], "missing_branches": [], "functions": {"": {"executed_lines": [1, 3, 4, 6], "summary": {"covered_lines": 3, "num_statements": 3, "percent_covered": 100.0, "percent_covered_display": "100", "missing_lines": 0, "excluded_lines": 0, "num_branches": 0, "num_partial_branches": 0, "covered_branches": 0, "missing_branches": 0}, "missing_lines": [], "excluded_lines": [], "executed_branches": [], "missing_branches": []}}, "classes": {"": {"executed_lines": [1, 3, 4, 6], "summary": {"covered_lines": 3, "num_statements": 3, "percent_covered": 100.0, "percent_covered_display": "100", "missing_lines": 0, "excluded_lines": 0, "num_branches": 0, "num_partial_branches": 0, "covered_branches": 0, "missing_branches": 0}, "missing_lines": [], "excluded_lines": [], "executed_branches": [], "missing_branches": []}}}, "src/elspeth/core/base/__init__.py": {"executed_lines": [1, 3, 5], "summary": {"covered_lines": 2, "num_statements": 2, "percent_covered": 100.0, "percent_covered_display": "100", "missing_lines": 0, "excluded_lines": 0, "num_branches": 0, "num_partial_branches": 0, "covered_branches": 0, "missing_branches": 0}, "missing_lines": [], "excluded_lines": [], "executed_branches": [], "missing_branches": [], "functions": {"": {"executed_lines": [1, 3, 5], "summary": {"covered_lines": 2, "num_statements": 2, "percent_covered": 100.0, "percent_covered_display": "100", "missing_lines": 0, "excluded_lines": 0, "num_branches": 0, "num_partial_branches": 0, "covered_branches": 0, "missing_branches": 0}, "missing_lines": [], "excluded_lines": [], "executed_branches": [], "missing_branches": []}}, "classes": {"": {"executed_lines": [1, 3, 5], "summary": {"covered_lines": 2, "num_statements": 2, "percent_covered": 100.0, "percent_covered_display": "100", "missing_lines": 0, "excluded_lines": 0, "num_branches": 0, "num_partial_branches": 0, "covered_branches": 0, "missing_branches": 0}, "missing_lines": [], "excluded_lines": [], "executed_branches": [], "missing_branches": []}}}, "src/elspeth/core/base/plugin_context.py": {"executed_lines": [1, 3, 5, 6, 8, 11, 12, 21, 22, 23, 24, 25, 26, 27, 28, 29, 31, 42, 43, 44, 46, 48, 50, 51, 52, 58, 59, 60, 62, 64, 84, 85, 86, 87, 88, 89, 92, 107, 114, 115, 116, 117, 118, 119, 122, 124, 126, 127], "summary": {"covered_lines": 46, "num_statements": 49, "percent_covered": 89.0909090909091, "percent_covered_display": "89", "missing_lines": 3, "excluded_lines": 0, "num_branches": 6, "num_partial_branches": 3, "covered_branches": 3, "missing_branches": 3}, "missing_lines": [47, 61, 128], "excluded_lines": [], "executed_branches": [[46, 48], [60, 62], [127, -107]], "missing_branches": [[46, 47], [60, 61], [127, 128]], "functions": {"PluginContext.validate_non_empty": {"executed_lines": [46, 48], "summary": {"covered_lines": 2, "num_statements": 3, "percent_covered": 60.0, "percent_covered_display": "60", "missing_lines": 1, "excluded_lines": 0, "num_branches": 2, "num_partial_branches": 1, "covered_branches": 1, "missing_branches": 1}, "missing_lines": [47], "excluded_lines": [], "executed_branches": [[46, 48]], "missing_branches": [[46, 47]]}, "PluginContext.validate_determinism_level": {"executed_lines": [58, 59, 60, 62], "summary": {"covered_lines": 4, "num_statements": 5, "percent_covered": 71.42857142857143, "percent_covered_display": "71", "missing_lines": 1, "excluded_lines": 0, "num_branches": 2, "num_partial_branches": 1, "covered_branches": 1, "missing_branches": 1}, "missing_lines": [61], "excluded_lines": [], "executed_branches": [[60, 62]], "missing_branches": [[60, 61]]}, "PluginContext.derive": {"executed_lines": [84, 85, 86, 87, 88, 89, 92], "summary": {"covered_lines": 7, "num_statements": 7, "percent_covered": 100.0, "percent_covered_display": "100", "missing_lines": 0, "excluded_lines": 0, "num_branches": 0, "num_partial_branches": 0, "covered_branches": 0, "missing_branches": 0}, "missing_lines": [], "excluded_lines": [], "executed_branches": [], "missing_branches": []}, "apply_plugin_context": {"executed_lines": [114, 115, 116, 117, 118, 119, 122, 124, 126, 127], "summary": {"covered_lines": 10, "num_statements": 11, "percent_covered": 84.61538461538461, "percent_covered_display": "85", "missing_lines": 1, "excluded_lines": 0, "num_branches": 2, "num_partial_branches": 1, "covered_branches": 1, "missing_branches": 1}, "missing_lines": [128], "excluded_lines": [], "executed_branches": [[127, -107]], "missing_branches": [[127, 128]]}, "": {"executed_lines": [1, 3, 5, 6, 8, 11, 12, 21, 22, 23, 24, 25, 26, 27, 28, 29, 31, 42, 43, 44, 50, 51, 52, 64, 107], "summary": {"covered_lines": 23, "num_statements": 23, "percent_covered": 100.0, "percent_covered_display": "100", "missing_lines": 0, "excluded_lines": 0, "num_branches": 0, "num_partial_branches": 0, "covered_branches": 0, "missing_branches": 0}, "missing_lines": [], "excluded_lines": [], "executed_branches": [], "missing_branches": []}}, "classes": {"PluginContext": {"executed_lines": [46, 48, 58, 59, 60, 62, 84, 85, 86, 87, 88, 89, 92], "summary": {"covered_lines": 13, "num_statements": 15, "percent_covered": 78.94736842105263, "percent_covered_display": "79", "missing_lines": 2, "excluded_lines": 0, "num_branches": 4, "num_partial_branches": 2, "covered_branches": 2, "missing_branches": 2}, "missing_lines": [47, 61], "excluded_lines": [], "executed_branches": [[46, 48], [60, 62]], "missing_branches": [[46, 47], [60, 61]]}, "": {"executed_lines": [1, 3, 5, 6, 8, 11, 12, 21, 22, 23, 24, 25, 26, 27, 28, 29, 31, 42, 43, 44, 50, 51, 52, 64, 107, 114, 115, 116, 117, 118, 119, 122, 124, 126, 127], "summary": {"covered_lines": 33, "num_statements": 34, "percent_covered": 94.44444444444444, "percent_covered_display": "94", "missing_lines": 1, "excluded_lines": 0, "num_branches": 2, "num_partial_branches": 1, "covered_branches": 1, "missing_branches": 1}, "missing_lines": [128], "excluded_lines": [], "executed_branches": [[127, -107]], "missing_branches": [[127, 128]]}}}, "src/elspeth/core/base/protocols.py": {"executed_lines": [1, 14, 16, 17, 18, 20, 22, 31, 32, 33, 43, 61, 62, 63, 65, 69, 82, 83, 84, 86, 90, 92, 94, 96, 98, 102, 104, 106, 108, 110, 113, 114, 115, 117, 119, 124, 125, 126, 128, 130, 140, 141, 142, 144, 155, 156, 157, 159, 160, 161, 163, 171, 179, 180, 182, 184, 188, 190, 193, 194, 196, 201, 205, 212, 213, 215, 219, 229, 230, 231, 233, 234, 237, 238, 239, 241, 242, 243, 244, 245, 246, 247, 250, 251, 252, 254, 255, 256, 257, 258, 259, 260, 261, 262, 263, 266], "summary": {"covered_lines": 66, "num_statements": 77, "percent_covered": 85.71428571428571, "percent_covered_display": "86", "missing_lines": 11, "excluded_lines": 41, "num_branches": 0, "num_partial_branches": 0, "covered_branches": 0, "missing_branches": 0}, "missing_lines": [53, 67, 88, 121, 132, 152, 186, 198, 199, 217, 221], "excluded_lines": [22, 23, 69, 70, 71, 72, 73, 74, 75, 76, 77, 78, 79, 90, 91, 92, 94, 95, 96, 98, 99, 100, 101, 102, 104, 105, 106, 108, 109, 110, 188, 189, 190, 201, 202, 203, 205, 206, 207, 208, 209], "executed_branches": [], "missing_branches": [], "functions": {"OrchestratorPlugin.run": {"executed_lines": [], "summary": {"covered_lines": 0, "num_statements": 1, "percent_covered": 0.0, "percent_covered_display": "0", "missing_lines": 1, "excluded_lines": 0, "num_branches": 0, "num_partial_branches": 0, "covered_branches": 0, "missing_branches": 0}, "missing_lines": [53], "excluded_lines": [], "executed_branches": [], "missing_branches": []}, "DataSource.load": {"executed_lines": [], "summary": {"covered_lines": 0, "num_statements": 1, "percent_covered": 0.0, "percent_covered_display": "0", "missing_lines": 1, "excluded_lines": 0, "num_branches": 0, "num_partial_branches": 0, "covered_branches": 0, "missing_branches": 0}, "missing_lines": [67], "excluded_lines": [], "executed_branches": [], "missing_branches": []}, "DataSource.output_schema": {"executed_lines": [], "summary": {"covered_lines": 0, "num_statements": 0, "percent_covered": 100.0, "percent_covered_display": "100", "missing_lines": 0, "excluded_lines": 10, "num_branches": 0, "num_partial_branches": 0, "covered_branches": 0, "missing_branches": 0}, "missing_lines": [], "excluded_lines": [70, 71, 72, 73, 74, 75, 76, 77, 78, 79], "executed_branches": [], "missing_branches": []}, "ResultSink.write": {"executed_lines": [], "summary": {"covered_lines": 0, "num_statements": 1, "percent_covered": 0.0, "percent_covered_display": "0", "missing_lines": 1, "excluded_lines": 0, "num_branches": 0, "num_partial_branches": 0, "covered_branches": 0, "missing_branches": 0}, "missing_lines": [88], "excluded_lines": [], "executed_branches": [], "missing_branches": []}, "ResultSink.produces": {"executed_lines": [92], "summary": {"covered_lines": 0, "num_statements": 0, "percent_covered": 100.0, "percent_covered_display": "100", "missing_lines": 0, "excluded_lines": 2, "num_branches": 0, "num_partial_branches": 0, "covered_branches": 0, "missing_branches": 0}, "missing_lines": [], "excluded_lines": [91, 92], "executed_branches": [], "missing_branches": []}, "ResultSink.consumes": {"executed_lines": [96], "summary": {"covered_lines": 0, "num_statements": 0, "percent_covered": 100.0, "percent_covered_display": "100", "missing_lines": 0, "excluded_lines": 2, "num_branches": 0, "num_partial_branches": 0, "covered_branches": 0, "missing_branches": 0}, "missing_lines": [], "excluded_lines": [95, 96], "executed_branches": [], "missing_branches": []}, "ResultSink.finalize": {"executed_lines": [102], "summary": {"covered_lines": 0, "num_statements": 0, "percent_covered": 100.0, "percent_covered_display": "100", "missing_lines": 0, "excluded_lines": 2, "num_branches": 0, "num_partial_branches": 0, "covered_branches": 0, "missing_branches": 0}, "missing_lines": [], "excluded_lines": [101, 102], "executed_branches": [], "missing_branches": []}, "ResultSink.prepare_artifacts": {"executed_lines": [106], "summary": {"covered_lines": 0, "num_statements": 0, "percent_covered": 100.0, "percent_covered_display": "100", "missing_lines": 0, "excluded_lines": 2, "num_branches": 0, "num_partial_branches": 0, "covered_branches": 0, "missing_branches": 0}, "missing_lines": [], "excluded_lines": [105, 106], "executed_branches": [], "missing_branches": []}, "ResultSink.collect_artifacts": {"executed_lines": [110], "summary": {"covered_lines": 0, "num_statements": 0, "percent_covered": 100.0, "percent_covered_display": "100", "missing_lines": 0, "excluded_lines": 2, "num_branches": 0, "num_partial_branches": 0, "covered_branches": 0, "missing_branches": 0}, "missing_lines": [], "excluded_lines": [109, 110], "executed_branches": [], "missing_branches": []}, "TransformNode.transform": {"executed_lines": [], "summary": {"covered_lines": 0, "num_statements": 1, "percent_covered": 0.0, "percent_covered_display": "0", "missing_lines": 1, "excluded_lines": 0, "num_branches": 0, "num_partial_branches": 0, "covered_branches": 0, "missing_branches": 0}, "missing_lines": [121], "excluded_lines": [], "executed_branches": [], "missing_branches": []}, "AggregatorNode.aggregate": {"executed_lines": [], "summary": {"covered_lines": 0, "num_statements": 1, "percent_covered": 0.0, "percent_covered_display": "0", "missing_lines": 1, "excluded_lines": 0, "num_branches": 0, "num_partial_branches": 0, "covered_branches": 0, "missing_branches": 0}, "missing_lines": [132], "excluded_lines": [], "executed_branches": [], "missing_branches": []}, "LLMClientProtocol.generate": {"executed_lines": [], "summary": {"covered_lines": 0, "num_statements": 1, "percent_covered": 0.0, "percent_covered_display": "0", "missing_lines": 1, "excluded_lines": 0, "num_branches": 0, "num_partial_branches": 0, "covered_branches": 0, "missing_branches": 0}, "missing_lines": [152], "excluded_lines": [], "executed_branches": [], "missing_branches": []}, "LLMRequest.clone": {"executed_lines": [171], "summary": {"covered_lines": 1, "num_statements": 1, "percent_covered": 100.0, "percent_covered_display": "100", "missing_lines": 0, "excluded_lines": 0, "num_branches": 0, "num_partial_branches": 0, "covered_branches": 0, "missing_branches": 0}, "missing_lines": [], "excluded_lines": [], "executed_branches": [], "missing_branches": []}, "LLMMiddleware.before_request": {"executed_lines": [], "summary": {"covered_lines": 0, "num_statements": 1, "percent_covered": 0.0, "percent_covered_display": "0", "missing_lines": 1, "excluded_lines": 0, "num_branches": 0, "num_partial_branches": 0, "covered_branches": 0, "missing_branches": 0}, "missing_lines": [186], "excluded_lines": [], "executed_branches": [], "missing_branches": []}, "LLMMiddleware.after_response": {"executed_lines": [190], "summary": {"covered_lines": 0, "num_statements": 0, "percent_covered": 100.0, "percent_covered_display": "100", "missing_lines": 0, "excluded_lines": 2, "num_branches": 0, "num_partial_branches": 0, "covered_branches": 0, "missing_branches": 0}, "missing_lines": [], "excluded_lines": [189, 190], "executed_branches": [], "missing_branches": []}, "RateLimiter.acquire": {"executed_lines": [], "summary": {"covered_lines": 0, "num_statements": 2, "percent_covered": 0.0, "percent_covered_display": "0", "missing_lines": 2, "excluded_lines": 0, "num_branches": 0, "num_partial_branches": 0, "covered_branches": 0, "missing_branches": 0}, "missing_lines": [198, 199], "excluded_lines": [], "executed_branches": [], "missing_branches": []}, "RateLimiter.utilization": {"executed_lines": [], "summary": {"covered_lines": 0, "num_statements": 0, "percent_covered": 100.0, "percent_covered_display": "100", "missing_lines": 0, "excluded_lines": 2, "num_branches": 0, "num_partial_branches": 0, "covered_branches": 0, "missing_branches": 0}, "missing_lines": [], "excluded_lines": [202, 203], "executed_branches": [], "missing_branches": []}, "RateLimiter.update_usage": {"executed_lines": [], "summary": {"covered_lines": 0, "num_statements": 0, "percent_covered": 100.0, "percent_covered_display": "100", "missing_lines": 0, "excluded_lines": 2, "num_branches": 0, "num_partial_branches": 0, "covered_branches": 0, "missing_branches": 0}, "missing_lines": [], "excluded_lines": [208, 209], "executed_branches": [], "missing_branches": []}, "CostTracker.record": {"executed_lines": [], "summary": {"covered_lines": 0, "num_statements": 1, "percent_covered": 0.0, "percent_covered_display": "0", "missing_lines": 1, "excluded_lines": 0, "num_branches": 0, "num_partial_branches": 0, "covered_branches": 0, "missing_branches": 0}, "missing_lines": [217], "excluded_lines": [], "executed_branches": [], "missing_branches": []}, "CostTracker.summary": {"executed_lines": [], "summary": {"covered_lines": 0, "num_statements": 1, "percent_covered": 0.0, "percent_covered_display": "0", "missing_lines": 1, "excluded_lines": 0, "num_branches": 0, "num_partial_branches": 0, "covered_branches": 0, "missing_branches": 0}, "missing_lines": [221], "excluded_lines": [], "executed_branches": [], "missing_branches": []}, "": {"executed_lines": [1, 14, 16, 17, 18, 20, 22, 31, 32, 33, 43, 61, 62, 63, 65, 69, 82, 83, 84, 86, 90, 94, 98, 104, 108, 113, 114, 115, 117, 119, 124, 125, 126, 128, 130, 140, 141, 142, 144, 155, 156, 157, 159, 160, 161, 163, 179, 180, 182, 184, 188, 193, 194, 196, 201, 205, 212, 213, 215, 219, 229, 230, 231, 233, 234, 237, 238, 239, 241, 242, 243, 244, 245, 246, 247, 250, 251, 252, 254, 255, 256, 257, 258, 259, 260, 261, 262, 263, 266], "summary": {"covered_lines": 65, "num_statements": 65, "percent_covered": 100.0, "percent_covered_display": "100", "missing_lines": 0, "excluded_lines": 15, "num_branches": 0, "num_partial_branches": 0, "covered_branches": 0, "missing_branches": 0}, "missing_lines": [], "excluded_lines": [22, 23, 69, 90, 94, 98, 99, 100, 104, 108, 188, 201, 205, 206, 207], "executed_branches": [], "missing_branches": []}}, "classes": {"OrchestratorPlugin": {"executed_lines": [], "summary": {"covered_lines": 0, "num_statements": 1, "percent_covered": 0.0, "percent_covered_display": "0", "missing_lines": 1, "excluded_lines": 0, "num_branches": 0, "num_partial_branches": 0, "covered_branches": 0, "missing_branches": 0}, "missing_lines": [53], "excluded_lines": [], "executed_branches": [], "missing_branches": []}, "DataSource": {"executed_lines": [], "summary": {"covered_lines": 0, "num_statements": 1, "percent_covered": 0.0, "percent_covered_display": "0", "missing_lines": 1, "excluded_lines": 10, "num_branches": 0, "num_partial_branches": 0, "covered_branches": 0, "missing_branches": 0}, "missing_lines": [67], "excluded_lines": [70, 71, 72, 73, 74, 75, 76, 77, 78, 79], "executed_branches": [], "missing_branches": []}, "ResultSink": {"executed_lines": [92, 96, 102, 106, 110], "summary": {"covered_lines": 0, "num_statements": 1, "percent_covered": 0.0, "percent_covered_display": "0", "missing_lines": 1, "excluded_lines": 10, "num_branches": 0, "num_partial_branches": 0, "covered_branches": 0, "missing_branches": 0}, "missing_lines": [88], "excluded_lines": [91, 92, 95, 96, 101, 102, 105, 106, 109, 110], "executed_branches": [], "missing_branches": []}, "TransformNode": {"executed_lines": [], "summary": {"covered_lines": 0, "num_statements": 1, "percent_covered": 0.0, "percent_covered_display": "0", "missing_lines": 1, "excluded_lines": 0, "num_branches": 0, "num_partial_branches": 0, "covered_branches": 0, "missing_branches": 0}, "missing_lines": [121], "excluded_lines": [], "executed_branches": [], "missing_branches": []}, "AggregatorNode": {"executed_lines": [], "summary": {"covered_lines": 0, "num_statements": 1, "percent_covered": 0.0, "percent_covered_display": "0", "missing_lines": 1, "excluded_lines": 0, "num_branches": 0, "num_partial_branches": 0, "covered_branches": 0, "missing_branches": 0}, "missing_lines": [132], "excluded_lines": [], "executed_branches": [], "missing_branches": []}, "LLMClientProtocol": {"executed_lines": [], "summary": {"covered_lines": 0, "num_statements": 1, "percent_covered": 0.0, "percent_covered_display": "0", "missing_lines": 1, "excluded_lines": 0, "num_branches": 0, "num_partial_branches": 0, "covered_branches": 0, "missing_branches": 0}, "missing_lines": [152], "excluded_lines": [], "executed_branches": [], "missing_branches": []}, "LLMRequest": {"executed_lines": [171], "summary": {"covered_lines": 1, "num_statements": 1, "percent_covered": 100.0, "percent_covered_display": "100", "missing_lines": 0, "excluded_lines": 0, "num_branches": 0, "num_partial_branches": 0, "covered_branches": 0, "missing_branches": 0}, "missing_lines": [], "excluded_lines": [], "executed_branches": [], "missing_branches": []}, "LLMMiddleware": {"executed_lines": [190], "summary": {"covered_lines": 0, "num_statements": 1, "percent_covered": 0.0, "percent_covered_display": "0", "missing_lines": 1, "excluded_lines": 2, "num_branches": 0, "num_partial_branches": 0, "covered_branches": 0, "missing_branches": 0}, "missing_lines": [186], "excluded_lines": [189, 190], "executed_branches": [], "missing_branches": []}, "RateLimiter": {"executed_lines": [], "summary": {"covered_lines": 0, "num_statements": 2, "percent_covered": 0.0, "percent_covered_display": "0", "missing_lines": 2, "excluded_lines": 4, "num_branches": 0, "num_partial_branches": 0, "covered_branches": 0, "missing_branches": 0}, "missing_lines": [198, 199], "excluded_lines": [202, 203, 208, 209], "executed_branches": [], "missing_branches": []}, "CostTracker": {"executed_lines": [], "summary": {"covered_lines": 0, "num_statements": 2, "percent_covered": 0.0, "percent_covered_display": "0", "missing_lines": 2, "excluded_lines": 0, "num_branches": 0, "num_partial_branches": 0, "covered_branches": 0, "missing_branches": 0}, "missing_lines": [217, 221], "excluded_lines": [], "executed_branches": [], "missing_branches": []}, "ExperimentContext": {"executed_lines": [], "summary": {"covered_lines": 0, "num_statements": 0, "percent_covered": 100.0, "percent_covered_display": "100", "missing_lines": 0, "excluded_lines": 0, "num_branches": 0, "num_partial_branches": 0, "covered_branches": 0, "missing_branches": 0}, "missing_lines": [], "excluded_lines": [], "executed_branches": [], "missing_branches": []}, "ArtifactDescriptor": {"executed_lines": [], "summary": {"covered_lines": 0, "num_statements": 0, "percent_covered": 100.0, "percent_covered_display": "100", "missing_lines": 0, "excluded_lines": 0, "num_branches": 0, "num_partial_branches": 0, "covered_branches": 0, "missing_branches": 0}, "missing_lines": [], "excluded_lines": [], "executed_branches": [], "missing_branches": []}, "Artifact": {"executed_lines": [], "summary": {"covered_lines": 0, "num_statements": 0, "percent_covered": 100.0, "percent_covered_display": "100", "missing_lines": 0, "excluded_lines": 0, "num_branches": 0, "num_partial_branches": 0, "covered_branches": 0, "missing_branches": 0}, "missing_lines": [], "excluded_lines": [], "executed_branches": [], "missing_branches": []}, "": {"executed_lines": [1, 14, 16, 17, 18, 20, 22, 31, 32, 33, 43, 61, 62, 63, 65, 69, 82, 83, 84, 86, 90, 94, 98, 104, 108, 113, 114, 115, 117, 119, 124, 125, 126, 128, 130, 140, 141, 142, 144, 155, 156, 157, 159, 160, 161, 163, 179, 180, 182, 184, 188, 193, 194, 196, 201, 205, 212, 213, 215, 219, 229, 230, 231, 233, 234, 237, 238, 239, 241, 242, 243, 244, 245, 246, 247, 250, 251, 252, 254, 255, 256, 257, 258, 259, 260, 261, 262, 263, 266], "summary": {"covered_lines": 65, "num_statements": 65, "percent_covered": 100.0, "percent_covered_display": "100", "missing_lines": 0, "excluded_lines": 15, "num_branches": 0, "num_partial_branches": 0, "covered_branches": 0, "missing_branches": 0}, "missing_lines": [], "excluded_lines": [22, 23, 69, 90, 94, 98, 99, 100, 104, 108, 188, 201, 205, 206, 207], "executed_branches": [], "missing_branches": []}}}, "src/elspeth/core/base/schema/__init__.py": {"executed_lines": [1, 11, 13, 14, 15, 16, 18], "summary": {"covered_lines": 6, "num_statements": 6, "percent_covered": 100.0, "percent_covered_display": "100", "missing_lines": 0, "excluded_lines": 0, "num_branches": 0, "num_partial_branches": 0, "covered_branches": 0, "missing_branches": 0}, "missing_lines": [], "excluded_lines": [], "executed_branches": [], "missing_branches": [], "functions": {"": {"executed_lines": [1, 11, 13, 14, 15, 16, 18], "summary": {"covered_lines": 6, "num_statements": 6, "percent_covered": 100.0, "percent_covered_display": "100", "missing_lines": 0, "excluded_lines": 0, "num_branches": 0, "num_partial_branches": 0, "covered_branches": 0, "missing_branches": 0}, "missing_lines": [], "excluded_lines": [], "executed_branches": [], "missing_branches": []}}, "classes": {"": {"executed_lines": [1, 11, 13, 14, 15, 16, 18], "summary": {"covered_lines": 6, "num_statements": 6, "percent_covered": 100.0, "percent_covered_display": "100", "missing_lines": 0, "excluded_lines": 0, "num_branches": 0, "num_partial_branches": 0, "covered_branches": 0, "missing_branches": 0}, "missing_lines": [], "excluded_lines": [], "executed_branches": [], "missing_branches": []}}}, "src/elspeth/core/base/schema/base.py": {"executed_lines": [1, 8, 10, 12, 13, 16, 17, 25, 32, 33, 34, 37, 38, 53, 59, 60, 71, 78, 79, 80, 81, 82, 84, 86, 94], "summary": {"covered_lines": 21, "num_statements": 23, "percent_covered": 91.30434782608695, "percent_covered_display": "91", "missing_lines": 2, "excluded_lines": 0, "num_branches": 0, "num_partial_branches": 0, "covered_branches": 0, "missing_branches": 0}, "missing_lines": [95, 96], "excluded_lines": [], "executed_branches": [], "missing_branches": [], "functions": {"SchemaCompatibilityError.__init__": {"executed_lines": [32, 33, 34], "summary": {"covered_lines": 3, "num_statements": 3, "percent_covered": 100.0, "percent_covered_display": "100", "missing_lines": 0, "excluded_lines": 0, "num_branches": 0, "num_partial_branches": 0, "covered_branches": 0, "missing_branches": 0}, "missing_lines": [], "excluded_lines": [], "executed_branches": [], "missing_branches": []}, "SchemaViolation.__init__": {"executed_lines": [78, 79, 80, 81, 82], "summary": {"covered_lines": 5, "num_statements": 5, "percent_covered": 100.0, "percent_covered_display": "100", "missing_lines": 0, "excluded_lines": 0, "num_branches": 0, "num_partial_branches": 0, "covered_branches": 0, "missing_branches": 0}, "missing_lines": [], "excluded_lines": [], "executed_branches": [], "missing_branches": []}, "SchemaViolation.to_dict": {"executed_lines": [86], "summary": {"covered_lines": 1, "num_statements": 1, "percent_covered": 100.0, "percent_covered_display": "100", "missing_lines": 0, "excluded_lines": 0, "num_branches": 0, "num_partial_branches": 0, "covered_branches": 0, "missing_branches": 0}, "missing_lines": [], "excluded_lines": [], "executed_branches": [], "missing_branches": []}, "SchemaViolation.__repr__": {"executed_lines": [], "summary": {"covered_lines": 0, "num_statements": 2, "percent_covered": 0.0, "percent_covered_display": "0", "missing_lines": 2, "excluded_lines": 0, "num_branches": 0, "num_partial_branches": 0, "covered_branches": 0, "missing_branches": 0}, "missing_lines": [95, 96], "excluded_lines": [], "executed_branches": [], "missing_branches": []}, "": {"executed_lines": [1, 8, 10, 12, 13, 16, 17, 25, 37, 38, 53, 59, 60, 71, 84, 94], "summary": {"covered_lines": 12, "num_statements": 12, "percent_covered": 100.0, "percent_covered_display": "100", "missing_lines": 0, "excluded_lines": 0, "num_branches": 0, "num_partial_branches": 0, "covered_branches": 0, "missing_branches": 0}, "missing_lines": [], "excluded_lines": [], "executed_branches": [], "missing_branches": []}}, "classes": {"SchemaCompatibilityError": {"executed_lines": [32, 33, 34], "summary": {"covered_lines": 3, "num_statements": 3, "percent_covered": 100.0, "percent_covered_display": "100", "missing_lines": 0, "excluded_lines": 0, "num_branches": 0, "num_partial_branches": 0, "covered_branches": 0, "missing_branches": 0}, "missing_lines": [], "excluded_lines": [], "executed_branches": [], "missing_branches": []}, "DataFrameSchema": {"executed_lines": [], "summary": {"covered_lines": 0, "num_statements": 0, "percent_covered": 100.0, "percent_covered_display": "100", "missing_lines": 0, "excluded_lines": 0, "num_branches": 0, "num_partial_branches": 0, "covered_branches": 0, "missing_branches": 0}, "missing_lines": [], "excluded_lines": [], "executed_branches": [], "missing_branches": []}, "SchemaViolation": {"executed_lines": [78, 79, 80, 81, 82, 86], "summary": {"covered_lines": 6, "num_statements": 8, "percent_covered": 75.0, "percent_covered_display": "75", "missing_lines": 2, "excluded_lines": 0, "num_branches": 0, "num_partial_branches": 0, "covered_branches": 0, "missing_branches": 0}, "missing_lines": [95, 96], "excluded_lines": [], "executed_branches": [], "missing_branches": []}, "": {"executed_lines": [1, 8, 10, 12, 13, 16, 17, 25, 37, 38, 53, 59, 60, 71, 84, 94], "summary": {"covered_lines": 12, "num_statements": 12, "percent_covered": 100.0, "percent_covered_display": "100", "missing_lines": 0, "excluded_lines": 0, "num_branches": 0, "num_partial_branches": 0, "covered_branches": 0, "missing_branches": 0}, "missing_lines": [], "excluded_lines": [], "executed_branches": [], "missing_branches": []}}}, "src/elspeth/core/base/schema/inference.py": {"executed_lines": [1, 8, 10, 11, 13, 14, 16, 18, 21, 31, 33, 34, 35, 36, 37, 38, 39, 40, 41, 42, 44, 45, 48, 65, 67, 68, 69, 72, 74, 75, 78, 82], "summary": {"covered_lines": 31, "num_statements": 31, "percent_covered": 100.0, "percent_covered_display": "100", "missing_lines": 0, "excluded_lines": 0, "num_branches": 14, "num_partial_branches": 0, "covered_branches": 14, "missing_branches": 0}, "missing_lines": [], "excluded_lines": [], "executed_branches": [[33, 34], [33, 35], [35, 36], [35, 37], [37, 38], [37, 39], [39, 40], [39, 41], [41, 42], [41, 44], [67, 68], [67, 82], [74, 75], [74, 78]], "missing_branches": [], "functions": {"_pandas_dtype_to_python": {"executed_lines": [31, 33, 34, 35, 36, 37, 38, 39, 40, 41, 42, 44, 45], "summary": {"covered_lines": 13, "num_statements": 13, "percent_covered": 100.0, "percent_covered_display": "100", "missing_lines": 0, "excluded_lines": 0, "num_branches": 10, "num_partial_branches": 0, "covered_branches": 10, "missing_branches": 0}, "missing_lines": [], "excluded_lines": [], "executed_branches": [[33, 34], [33, 35], [35, 36], [35, 37], [37, 38], [37, 39], [39, 40], [39, 41], [41, 42], [41, 44]], "missing_branches": []}, "infer_schema_from_dataframe": {"executed_lines": [65, 67, 68, 69, 72, 74, 75, 78, 82], "summary": {"covered_lines": 9, "num_statements": 9, "percent_covered": 100.0, "percent_covered_display": "100", "missing_lines": 0, "excluded_lines": 0, "num_branches": 4, "num_partial_branches": 0, "covered_branches": 4, "missing_branches": 0}, "missing_lines": [], "excluded_lines": [], "executed_branches": [[67, 68], [67, 82], [74, 75], [74, 78]], "missing_branches": []}, "": {"executed_lines": [1, 8, 10, 11, 13, 14, 16, 18, 21, 48], "summary": {"covered_lines": 9, "num_statements": 9, "percent_covered": 100.0, "percent_covered_display": "100", "missing_lines": 0, "excluded_lines": 0, "num_branches": 0, "num_partial_branches": 0, "covered_branches": 0, "missing_branches": 0}, "missing_lines": [], "excluded_lines": [], "executed_branches": [], "missing_branches": []}}, "classes": {"": {"executed_lines": [1, 8, 10, 11, 13, 14, 16, 18, 21, 31, 33, 34, 35, 36, 37, 38, 39, 40, 41, 42, 44, 45, 48, 65, 67, 68, 69, 72, 74, 75, 78, 82], "summary": {"covered_lines": 31, "num_statements": 31, "percent_covered": 100.0, "percent_covered_display": "100", "missing_lines": 0, "excluded_lines": 0, "num_branches": 14, "num_partial_branches": 0, "covered_branches": 14, "missing_branches": 0}, "missing_lines": [], "excluded_lines": [], "executed_branches": [[33, 34], [33, 35], [35, 36], [35, 37], [37, 38], [37, 39], [39, 40], [39, 41], [41, 42], [41, 44], [67, 68], [67, 82], [74, 75], [74, 78]], "missing_branches": []}}}, "src/elspeth/core/base/schema/model_factory.py": {"executed_lines": [1, 8, 10, 12, 13, 15, 18, 29, 31, 44, 45, 47, 50, 65, 67, 69, 70, 71, 72, 75, 78, 81, 84, 87, 88, 89, 91, 94, 95, 96, 97, 100, 101, 102, 103, 105, 106, 107, 110, 112, 113, 115, 119], "summary": {"covered_lines": 42, "num_statements": 44, "percent_covered": 94.28571428571429, "percent_covered_display": "94", "missing_lines": 2, "excluded_lines": 0, "num_branches": 26, "num_partial_branches": 2, "covered_branches": 24, "missing_branches": 2}, "missing_lines": [76, 79], "excluded_lines": [], "executed_branches": [[44, 45], [44, 47], [67, 69], [67, 119], [69, 70], [69, 75], [75, 78], [78, 81], [88, 89], [88, 94], [94, 95], [94, 96], [96, 97], [96, 100], [100, 101], [100, 102], [102, 103], [102, 105], [105, 106], [105, 107], [107, 110], [107, 112], [112, 113], [112, 115]], "missing_branches": [[75, 76], [78, 79]], "functions": {"_parse_type_string": {"executed_lines": [29, 31, 44, 45, 47], "summary": {"covered_lines": 5, "num_statements": 5, "percent_covered": 100.0, "percent_covered_display": "100", "missing_lines": 0, "excluded_lines": 0, "num_branches": 2, "num_partial_branches": 0, "covered_branches": 2, "missing_branches": 0}, "missing_lines": [], "excluded_lines": [], "executed_branches": [[44, 45], [44, 47]], "missing_branches": []}, "schema_from_config": {"executed_lines": [65, 67, 69, 70, 71, 72, 75, 78, 81, 84, 87, 88, 89, 91, 94, 95, 96, 97, 100, 101, 102, 103, 105, 106, 107, 110, 112, 113, 115, 119], "summary": {"covered_lines": 30, "num_statements": 32, "percent_covered": 92.85714285714286, "percent_covered_display": "93", "missing_lines": 2, "excluded_lines": 0, "num_branches": 24, "num_partial_branches": 2, "covered_branches": 22, "missing_branches": 2}, "missing_lines": [76, 79], "excluded_lines": [], "executed_branches": [[67, 69], [67, 119], [69, 70], [69, 75], [75, 78], [78, 81], [88, 89], [88, 94], [94, 95], [94, 96], [96, 97], [96, 100], [100, 101], [100, 102], [102, 103], [102, 105], [105, 106], [105, 107], [107, 110], [107, 112], [112, 113], [112, 115]], "missing_branches": [[75, 76], [78, 79]]}, "": {"executed_lines": [1, 8, 10, 12, 13, 15, 18, 50], "summary": {"covered_lines": 7, "num_statements": 7, "percent_covered": 100.0, "percent_covered_display": "100", "missing_lines": 0, "excluded_lines": 0, "num_branches": 0, "num_partial_branches": 0, "covered_branches": 0, "missing_branches": 0}, "missing_lines": [], "excluded_lines": [], "executed_branches": [], "missing_branches": []}}, "classes": {"": {"executed_lines": [1, 8, 10, 12, 13, 15, 18, 29, 31, 44, 45, 47, 50, 65, 67, 69, 70, 71, 72, 75, 78, 81, 84, 87, 88, 89, 91, 94, 95, 96, 97, 100, 101, 102, 103, 105, 106, 107, 110, 112, 113, 115, 119], "summary": {"covered_lines": 42, "num_statements": 44, "percent_covered": 94.28571428571429, "percent_covered_display": "94", "missing_lines": 2, "excluded_lines": 0, "num_branch
[...]
ered_display": "85", "missing_lines": 2, "excluded_lines": 0, "num_branches": 6, "num_partial_branches": 2, "covered_branches": 4, "missing_branches": 2}, "missing_lines": [181, 193], "excluded_lines": [], "executed_branches": [[180, 182], [190, -170], [190, 191], [192, 194]], "missing_branches": [[180, 181], [192, 193]]}, "": {"executed_lines": [1, 3, 5, 6, 7, 8, 9, 10, 11, 13, 14, 17, 18, 19, 20, 21, 22, 25, 26, 28, 39, 40, 50, 142, 147, 148, 170, 204, 205, 206, 207, 208, 209, 210, 211, 212, 214, 215, 216, 217, 218, 219, 220, 225, 226, 229, 230, 231, 232, 235, 236, 237, 238, 239, 240, 241, 242, 243, 245], "summary": {"covered_lines": 56, "num_statements": 60, "percent_covered": 90.0, "percent_covered_display": "90", "missing_lines": 4, "excluded_lines": 8, "num_branches": 20, "num_partial_branches": 4, "covered_branches": 16, "missing_branches": 4}, "missing_lines": [213, 221, 227, 254], "excluded_lines": [28, 29, 30, 31, 32, 33, 34, 35], "executed_branches": [[206, 207], [206, 214], [208, 209], [208, 210], [211, 212], [214, 215], [218, 219], [218, 226], [220, 225], [226, 229], [236, 237], [236, 238], [239, 240], [239, 241], [242, 243], [242, 245]], "missing_branches": [[211, 213], [214, 254], [220, 221], [226, 227]]}}}, "src/elspeth/retrieval/service.py": {"executed_lines": [1, 3, 5, 7, 8, 9, 12, 13, 15, 16, 17, 19, 27, 28, 31, 32, 33, 34, 36, 38, 39, 40, 42, 43, 44, 47, 48, 49, 50, 51, 52, 53, 55, 56, 57, 61, 62, 63, 64, 65, 66, 67, 68, 69, 70, 71, 72, 73, 74, 75, 76, 77, 78, 79, 83, 84, 85, 86, 90, 91, 92, 93, 94, 95, 96, 97], "summary": {"covered_lines": 64, "num_statements": 69, "percent_covered": 89.24731182795699, "percent_covered_display": "89", "missing_lines": 5, "excluded_lines": 0, "num_branches": 24, "num_partial_branches": 5, "covered_branches": 19, "missing_branches": 5}, "missing_lines": [35, 58, 59, 80, 81], "excluded_lines": [], "executed_branches": [[34, 36], [39, 40], [39, 42], [49, 50], [49, 68], [55, 56], [55, 61], [63, 64], [65, 66], [65, 67], [68, 69], [68, 97], [77, 78], [77, 83], [84, 85], [90, 91], [92, 93], [94, 95], [94, 96]], "missing_branches": [[34, 35], [63, 65], [84, 86], [90, 92], [92, 94]], "functions": {"RetrievalService.__init__": {"executed_lines": [16, 17], "summary": {"covered_lines": 2, "num_statements": 2, "percent_covered": 100.0, "percent_covered_display": "100", "missing_lines": 0, "excluded_lines": 0, "num_branches": 0, "num_partial_branches": 0, "covered_branches": 0, "missing_branches": 0}, "missing_lines": [], "excluded_lines": [], "executed_branches": [], "missing_branches": []}, "RetrievalService.retrieve": {"executed_lines": [27, 28], "summary": {"covered_lines": 2, "num_statements": 2, "percent_covered": 100.0, "percent_covered_display": "100", "missing_lines": 0, "excluded_lines": 0, "num_branches": 0, "num_partial_branches": 0, "covered_branches": 0, "missing_branches": 0}, "missing_lines": [], "excluded_lines": [], "executed_branches": [], "missing_branches": []}, "create_retrieval_service": {"executed_lines": [32, 33, 34, 36, 38, 39, 40, 42, 43, 44], "summary": {"covered_lines": 10, "num_statements": 11, "percent_covered": 86.66666666666667, "percent_covered_display": "87", "missing_lines": 1, "excluded_lines": 0, "num_branches": 4, "num_partial_branches": 1, "covered_branches": 3, "missing_branches": 1}, "missing_lines": [35], "excluded_lines": [], "executed_branches": [[34, 36], [39, 40], [39, 42]], "missing_branches": [[34, 35]]}, "_create_embedder": {"executed_lines": [48, 49, 50, 51, 52, 53, 55, 56, 57, 61, 62, 63, 64, 65, 66, 67, 68, 69, 70, 71, 72, 73, 74, 75, 76, 77, 78, 79, 83, 84, 85, 86, 90, 91, 92, 93, 94, 95, 96, 97], "summary": {"covered_lines": 40, "num_statements": 44, "percent_covered": 87.5, "percent_covered_display": "88", "missing_lines": 4, "excluded_lines": 0, "num_branches": 20, "num_partial_branches": 4, "covered_branches": 16, "missing_branches": 4}, "missing_lines": [58, 59, 80, 81], "excluded_lines": [], "executed_branches": [[49, 50], [49, 68], [55, 56], [55, 61], [63, 64], [65, 66], [65, 67], [68, 69], [68, 97], [77, 78], [77, 83], [84, 85], [90, 91], [92, 93], [94, 95], [94, 96]], "missing_branches": [[63, 65], [84, 86], [90, 92], [92, 94]]}, "": {"executed_lines": [1, 3, 5, 7, 8, 9, 12, 13, 15, 19, 31, 47], "summary": {"covered_lines": 10, "num_statements": 10, "percent_covered": 100.0, "percent_covered_display": "100", "missing_lines": 0, "excluded_lines": 0, "num_branches": 0, "num_partial_branches": 0, "covered_branches": 0, "missing_branches": 0}, "missing_lines": [], "excluded_lines": [], "executed_branches": [], "missing_branches": []}}, "classes": {"RetrievalService": {"executed_lines": [16, 17, 27, 28], "summary": {"covered_lines": 4, "num_statements": 4, "percent_covered": 100.0, "percent_covered_display": "100", "missing_lines": 0, "excluded_lines": 0, "num_branches": 0, "num_partial_branches": 0, "covered_branches": 0, "missing_branches": 0}, "missing_lines": [], "excluded_lines": [], "executed_branches": [], "missing_branches": []}, "": {"executed_lines": [1, 3, 5, 7, 8, 9, 12, 13, 15, 19, 31, 32, 33, 34, 36, 38, 39, 40, 42, 43, 44, 47, 48, 49, 50, 51, 52, 53, 55, 56, 57, 61, 62, 63, 64, 65, 66, 67, 68, 69, 70, 71, 72, 73, 74, 75, 76, 77, 78, 79, 83, 84, 85, 86, 90, 91, 92, 93, 94, 95, 96, 97], "summary": {"covered_lines": 60, "num_statements": 65, "percent_covered": 88.76404494382022, "percent_covered_display": "89", "missing_lines": 5, "excluded_lines": 0, "num_branches": 24, "num_partial_branches": 5, "covered_branches": 19, "missing_branches": 5}, "missing_lines": [35, 58, 59, 80, 81], "excluded_lines": [], "executed_branches": [[34, 36], [39, 40], [39, 42], [49, 50], [49, 68], [55, 56], [55, 61], [63, 64], [65, 66], [65, 67], [68, 69], [68, 97], [77, 78], [77, 83], [84, 85], [90, 91], [92, 93], [94, 95], [94, 96]], "missing_branches": [[34, 35], [63, 65], [84, 86], [90, 92], [92, 94]]}}}, "src/elspeth/tools/reporting.py": {"executed_lines": [1, 3, 5, 6, 7, 8, 9, 11, 12, 13, 15, 18, 19, 21, 22, 23, 24, 26, 40, 41, 42, 44, 46, 47, 48, 60, 61, 62, 63, 64, 65, 67, 68, 69, 70, 72, 73, 74, 75, 79, 80, 81, 82, 83, 85, 86, 87, 95, 97, 98, 99, 100, 101, 107, 108, 109, 110, 111, 113, 117, 118, 120, 121, 122, 123, 124, 125, 126, 127, 128, 132, 133, 135, 136, 141, 142, 144, 145, 146, 147, 148, 149, 150, 151, 152, 153, 154, 155, 156, 157, 158, 159, 160, 161, 162, 163, 164, 165, 166, 173, 174, 175, 176, 177, 178, 179, 181, 187, 188, 189, 190, 191, 192, 193, 194, 197, 198, 199, 200, 201, 203, 204, 205, 206, 207, 208, 209, 210, 211, 212, 213, 214, 215, 216, 217, 218, 220, 226, 228, 229, 230, 237, 238, 247, 248, 249, 250, 251, 252, 259, 261, 262, 263, 264, 265, 267, 268, 269, 271, 273, 274, 275, 277, 278, 279, 280, 281, 283, 284, 285, 286, 287, 289, 290, 291, 293, 294, 295, 296, 297, 298, 299, 300, 301, 305, 306, 308, 309, 311, 312, 314, 316, 317, 318, 320, 323, 332, 334, 335, 336, 337, 339, 340, 341, 342, 351, 359, 362, 363, 364, 365, 366, 367, 368, 371], "summary": {"covered_lines": 213, "num_statements": 221, "percent_covered": 91.80327868852459, "percent_covered_display": "92", "missing_lines": 8, "excluded_lines": 0, "num_branches": 84, "num_partial_branches": 17, "covered_branches": 67, "missing_branches": 17}, "missing_lines": [84, 112, 196, 307, 310, 313, 319, 338], "excluded_lines": [], "executed_branches": [[81, -79], [81, 82], [83, 85], [99, 100], [107, 108], [107, 117], [108, 109], [108, 110], [111, 113], [122, 123], [122, 132], [127, 128], [149, 150], [149, 166], [150, 151], [150, 154], [152, 153], [154, 155], [154, 158], [156, 157], [158, 159], [158, 162], [160, 161], [162, 149], [162, 163], [164, 165], [175, 176], [175, 179], [177, 175], [177, 178], [190, 191], [193, 194], [200, 201], [200, 203], [204, 205], [204, 207], [208, 209], [208, 218], [213, 214], [215, 216], [237, 238], [237, 247], [250, 251], [250, 259], [277, 278], [277, 283], [283, 284], [283, 289], [289, 290], [289, 293], [306, 308], [309, 311], [312, 314], [318, 320], [335, 336], [335, 359], [337, 339], [339, 335], [339, 340], [340, 341], [340, 351], [341, 339], [341, 342], [364, 365], [364, 368], [365, 366], [365, 367]], "missing_branches": [[83, 84], [99, 101], [111, 112], [127, 122], [152, 150], [156, 154], [160, 158], [164, 162], [190, 197], [193, 196], [213, 215], [215, 217], [306, 307], [309, 310], [312, 313], [318, 319], [337, 338]], "functions": {"SuiteReportGenerator.__init__": {"executed_lines": [22, 23, 24], "summary": {"covered_lines": 3, "num_statements": 3, "percent_covered": 100.0, "percent_covered_display": "100", "missing_lines": 0, "excluded_lines": 0, "num_branches": 0, "num_partial_branches": 0, "covered_branches": 0, "missing_branches": 0}, "missing_lines": [], "excluded_lines": [], "executed_branches": [], "missing_branches": []}, "SuiteReportGenerator.generate_all_reports": {"executed_lines": [40, 41, 42, 44, 46, 47, 48, 60, 61, 62, 63, 64, 65, 67, 68, 69, 70, 72, 73, 74, 75], "summary": {"covered_lines": 21, "num_statements": 21, "percent_covered": 100.0, "percent_covered_display": "100", "missing_lines": 0, "excluded_lines": 0, "num_branches": 0, "num_partial_branches": 0, "covered_branches": 0, "missing_branches": 0}, "missing_lines": [], "excluded_lines": [], "executed_branches": [], "missing_branches": []}, "SuiteReportGenerator._generate_individual_stats": {"executed_lines": [80, 81, 82, 83, 85, 86, 87, 95], "summary": {"covered_lines": 8, "num_statements": 9, "percent_covered": 84.61538461538461, "percent_covered_display": "85", "missing_lines": 1, "excluded_lines": 0, "num_branches": 4, "num_partial_branches": 1, "covered_branches": 3, "missing_branches": 1}, "missing_lines": [84], "excluded_lines": [], "executed_branches": [[81, -79], [81, 82], [83, 85]], "missing_branches": [[83, 84]]}, "SuiteReportGenerator._generate_comparative": {"executed_lines": [98, 99, 100, 101, 107, 108, 109, 110, 111, 113, 117, 118], "summary": {"covered_lines": 12, "num_statements": 13, "percent_covered": 85.71428571428571, "percent_covered_display": "86", "missing_lines": 1, "excluded_lines": 0, "num_branches": 8, "num_partial_branches": 2, "covered_branches": 6, "missing_branches": 2}, "missing_lines": [112], "excluded_lines": [], "executed_branches": [[99, 100], [107, 108], [107, 117], [108, 109], [108, 110], [111, 113]], "missing_branches": [[99, 101], [111, 112]]}, "SuiteReportGenerator._generate_recommendations": {"executed_lines": [121, 122, 123, 124, 125, 126, 127, 128, 132, 133], "summary": {"covered_lines": 10, "num_statements": 10, "percent_covered": 92.85714285714286, "percent_covered_display": "93", "missing_lines": 0, "excluded_lines": 0, "num_branches": 4, "num_partial_branches": 1, "covered_branches": 3, "missing_branches": 1}, "missing_lines": [], "excluded_lines": [], "executed_branches": [[122, 123], [122, 132], [127, 128]], "missing_branches": [[127, 122]]}, "SuiteReportGenerator._export_analysis_config": {"executed_lines": [136, 141, 142], "summary": {"covered_lines": 3, "num_statements": 3, "percent_covered": 100.0, "percent_covered_display": "100", "missing_lines": 0, "excluded_lines": 0, "num_branches": 0, "num_partial_branches": 0, "covered_branches": 0, "missing_branches": 0}, "missing_lines": [], "excluded_lines": [], "executed_branches": [], "missing_branches": []}, "SuiteReportGenerator._collect_plugin_summary": {"executed_lines": [145, 146, 147, 148, 149, 150, 151, 152, 153, 154, 155, 156, 157, 158, 159, 160, 161, 162, 163, 164, 165, 166], "summary": {"covered_lines": 22, "num_statements": 22, "percent_covered": 90.0, "percent_covered_display": "90", "missing_lines": 0, "excluded_lines": 0, "num_branches": 18, "num_partial_branches": 4, "covered_branches": 14, "missing_branches": 4}, "missing_lines": [], "excluded_lines": [], "executed_branches": [[149, 150], [149, 166], [150, 151], [150, 154], [152, 153], [154, 155], [154, 158], [156, 157], [158, 159], [158, 162], [160, 161], [162, 149], [162, 163], [164, 165]], "missing_branches": [[152, 150], [156, 154], [160, 158], [164, 162]]}, "SuiteReportGenerator._generate_failure_report": {"executed_lines": [174, 175, 176, 177, 178, 179], "summary": {"covered_lines": 6, "num_statements": 6, "percent_covered": 100.0, "percent_covered_display": "100", "missing_lines": 0, "excluded_lines": 0, "num_branches": 4, "num_partial_branches": 0, "covered_branches": 4, "missing_branches": 0}, "missing_lines": [], "excluded_lines": [], "executed_branches": [[175, 176], [175, 179], [177, 175], [177, 178]], "missing_branches": []}, "SuiteReportGenerator._generate_executive_summary": {"executed_lines": [187, 188, 189, 190, 191, 192, 193, 194, 197, 198, 199, 200, 201, 203, 204, 205, 206, 207, 208, 209, 210, 211, 212, 213, 214, 215, 216, 217, 218], "summary": {"covered_lines": 29, "num_statements": 30, "percent_covered": 88.63636363636364, "percent_covered_display": "89", "missing_lines": 1, "excluded_lines": 0, "num_branches": 14, "num_partial_branches": 4, "covered_branches": 10, "missing_branches": 4}, "missing_lines": [196], "excluded_lines": [], "executed_branches": [[190, 191], [193, 194], [200, 201], [200, 203], [204, 205], [204, 207], [208, 209], [208, 218], [213, 214], [215, 216]], "missing_branches": [[190, 197], [193, 196], [213, 215], [215, 217]]}, "SuiteReportGenerator._generate_excel_report": {"executed_lines": [226, 228, 229, 230, 237, 238, 247, 248, 249, 250, 251, 252, 259, 261, 262, 263, 264, 265], "summary": {"covered_lines": 18, "num_statements": 18, "percent_covered": 100.0, "percent_covered_display": "100", "missing_lines": 0, "excluded_lines": 0, "num_branches": 4, "num_partial_branches": 0, "covered_branches": 4, "missing_branches": 0}, "missing_lines": [], "excluded_lines": [], "executed_branches": [[237, 238], [237, 247], [250, 251], [250, 259]], "missing_branches": []}, "SuiteReportGenerator._generate_visualizations": {"executed_lines": [268, 269, 271, 273, 274, 275, 277, 278, 279, 280, 281, 283, 284, 285, 286, 287, 289, 290, 291, 293, 294, 295, 296, 297, 298, 299, 300, 301], "summary": {"covered_lines": 28, "num_statements": 28, "percent_covered": 100.0, "percent_covered_display": "100", "missing_lines": 0, "excluded_lines": 0, "num_branches": 6, "num_partial_branches": 0, "covered_branches": 6, "missing_branches": 0}, "missing_lines": [], "excluded_lines": [], "executed_branches": [[277, 278], [277, 283], [283, 284], [283, 289], [289, 290], [289, 293]], "missing_branches": []}, "SuiteReportGenerator._summaries_from_payload": {"executed_lines": [306, 308, 309, 311, 312, 314], "summary": {"covered_lines": 6, "num_statements": 9, "percent_covered": 60.0, "percent_covered_display": "60", "missing_lines": 3, "excluded_lines": 0, "num_branches": 6, "num_partial_branches": 3, "covered_branches": 3, "missing_branches": 3}, "missing_lines": [307, 310, 313], "excluded_lines": [], "executed_branches": [[306, 308], [309, 311], [312, 314]], "missing_branches": [[306, 307], [309, 310], [312, 313]]}, "SuiteReportGenerator._config_dict": {"executed_lines": [318, 320], "summary": {"covered_lines": 2, "num_statements": 3, "percent_covered": 60.0, "percent_covered_display": "60", "missing_lines": 1, "excluded_lines": 0, "num_branches": 2, "num_partial_branches": 1, "covered_branches": 1, "missing_branches": 1}, "missing_lines": [319], "excluded_lines": [], "executed_branches": [[318, 320]], "missing_branches": [[318, 319]]}, "_comparisons_dataframe": {"executed_lines": [332, 334, 335, 336, 337, 339, 340, 341, 342, 351, 359], "summary": {"covered_lines": 11, "num_statements": 12, "percent_covered": 90.9090909090909, "percent_covered_display": "91", "missing_lines": 1, "excluded_lines": 0, "num_branches": 10, "num_partial_branches": 1, "covered_branches": 9, "missing_branches": 1}, "missing_lines": [338], "excluded_lines": [], "executed_branches": [[335, 336], [335, 359], [337, 339], [339, 335], [339, 340], [340, 341], [340, 351], [341, 339], [341, 342]], "missing_branches": [[337, 338]]}, "_safe_get": {"executed_lines": [363, 364, 365, 366, 367, 368], "summary": {"covered_lines": 6, "num_statements": 6, "percent_covered": 100.0, "percent_covered_display": "100", "missing_lines": 0, "excluded_lines": 0, "num_branches": 4, "num_partial_branches": 0, "covered_branches": 4, "missing_branches": 0}, "missing_lines": [], "excluded_lines": [], "executed_branches": [[364, 365], [364, 368], [365, 366], [365, 367]], "missing_branches": []}, "": {"executed_lines": [1, 3, 5, 6, 7, 8, 9, 11, 12, 13, 15, 18, 19, 21, 26, 79, 97, 120, 135, 144, 173, 181, 220, 267, 305, 316, 317, 323, 362, 371], "summary": {"covered_lines": 28, "num_statements": 28, "percent_covered": 100.0, "percent_covered_display": "100", "missing_lines": 0, "excluded_lines": 0, "num_branches": 0, "num_partial_branches": 0, "covered_branches": 0, "missing_branches": 0}, "missing_lines": [], "excluded_lines": [], "executed_branches": [], "missing_branches": []}}, "classes": {"SuiteReportGenerator": {"executed_lines": [22, 23, 24, 40, 41, 42, 44, 46, 47, 48, 60, 61, 62, 63, 64, 65, 67, 68, 69, 70, 72, 73, 74, 75, 80, 81, 82, 83, 85, 86, 87, 95, 98, 99, 100, 101, 107, 108, 109, 110, 111, 113, 117, 118, 121, 122, 123, 124, 125, 126, 127, 128, 132, 133, 136, 141, 142, 145, 146, 147, 148, 149, 150, 151, 152, 153, 154, 155, 156, 157, 158, 159, 160, 161, 162, 163, 164, 165, 166, 174, 175, 176, 177, 178, 179, 187, 188, 189, 190, 191, 192, 193, 194, 197, 198, 199, 200, 201, 203, 204, 205, 206, 207, 208, 209, 210, 211, 212, 213, 214, 215, 216, 217, 218, 226, 228, 229, 230, 237, 238, 247, 248, 249, 250, 251, 252, 259, 261, 262, 263, 264, 265, 268, 269, 271, 273, 274, 275, 277, 278, 279, 280, 281, 283, 284, 285, 286, 287, 289, 290, 291, 293, 294, 295, 296, 297, 298, 299, 300, 301, 306, 308, 309, 311, 312, 314, 318, 320], "summary": {"covered_lines": 168, "num_statements": 175, "percent_covered": 90.61224489795919, "percent_covered_display": "91", "missing_lines": 7, "excluded_lines": 0, "num_branches": 70, "num_partial_branches": 16, "covered_branches": 54, "missing_branches": 16}, "missing_lines": [84, 112, 196, 307, 310, 313, 319], "excluded_lines": [], "executed_branches": [[81, -79], [81, 82], [83, 85], [99, 100], [107, 108], [107, 117], [108, 109], [108, 110], [111, 113], [122, 123], [122, 132], [127, 128], [149, 150], [149, 166], [150, 151], [150, 154], [152, 153], [154, 155], [154, 158], [156, 157], [158, 159], [158, 162], [160, 161], [162, 149], [162, 163], [164, 165], [175, 176], [175, 179], [177, 175], [177, 178], [190, 191], [193, 194], [200, 201], [200, 203], [204, 205], [204, 207], [208, 209], [208, 218], [213, 214], [215, 216], [237, 238], [237, 247], [250, 251], [250, 259], [277, 278], [277, 283], [283, 284], [283, 289], [289, 290], [289, 293], [306, 308], [309, 311], [312, 314], [318, 320]], "missing_branches": [[83, 84], [99, 101], [111, 112], [127, 122], [152, 150], [156, 154], [160, 158], [164, 162], [190, 197], [193, 196], [213, 215], [215, 217], [306, 307], [309, 310], [312, 313], [318, 319]]}, "": {"executed_lines": [1, 3, 5, 6, 7, 8, 9, 11, 12, 13, 15, 18, 19, 21, 26, 79, 97, 120, 135, 144, 173, 181, 220, 267, 305, 316, 317, 323, 332, 334, 335, 336, 337, 339, 340, 341, 342, 351, 359, 362, 363, 364, 365, 366, 367, 368, 371], "summary": {"covered_lines": 45, "num_statements": 46, "percent_covered": 96.66666666666667, "percent_covered_display": "97", "missing_lines": 1, "excluded_lines": 0, "num_branches": 14, "num_partial_branches": 1, "covered_branches": 13, "missing_branches": 1}, "missing_lines": [338], "excluded_lines": [], "executed_branches": [[335, 336], [335, 359], [337, 339], [339, 335], [339, 340], [340, 341], [340, 351], [341, 339], [341, 342], [364, 365], [364, 368], [365, 366], [365, 367]], "missing_branches": [[337, 338]]}}}}, "totals": {"covered_lines": 10299, "num_statements": 11551, "percent_covered": 85.83985006139727, "percent_covered_display": "86", "missing_lines": 1252, "excluded_lines": 775, "num_branches": 3922, "num_partial_branches": 781, "covered_branches": 2983, "missing_branches": 939}}