{"meta": {"format": 3, "version": "7.10.7", "timestamp": "2025-10-14T21:38:10.272353", "branch_coverage": false, "show_contexts": false}, "files": {"src/elspeth/__init__.py": {"executed_lines": [1], "summary": {"covered_lines": 0, "num_statements": 0, "percent_covered": 100.0, "percent_covered_display": "100", "missing_lines": 0, "excluded_lines": 0}, "missing_lines": [], "excluded_lines": [], "functions": {"": {"executed_lines": [1], "summary": {"covered_lines": 0, "num_statements": 0, "percent_covered": 100.0, "percent_covered_display": "100", "missing_lines": 0, "excluded_lines": 0}, "missing_lines": [], "excluded_lines": []}}, "classes": {"": {"executed_lines": [1], "summary": {"covered_lines": 0, "num_statements": 0, "percent_covered": 100.0, "percent_covered_display": "100", "missing_lines": 0, "excluded_lines": 0}, "missing_lines": [], "excluded_lines": []}}}, "src/elspeth/adapters/__init__.py": {"executed_lines": [1, 3, 5], "summary": {"covered_lines": 2, "num_statements": 2, "percent_covered": 100.0, "percent_covered_display": "100", "missing_lines": 0, "excluded_lines": 0}, "missing_lines": [], "excluded_lines": [], "functions": {"": {"executed_lines": [1, 3, 5], "summary": {"covered_lines": 2, "num_statements": 2, "percent_covered": 100.0, "percent_covered_display": "100", "missing_lines": 0, "excluded_lines": 0}, "missing_lines": [], "excluded_lines": []}}, "classes": {"": {"executed_lines": [1, 3, 5], "summary": {"covered_lines": 2, "num_statements": 2, "percent_covered": 100.0, "percent_covered_display": "100", "missing_lines": 0, "excluded_lines": 0}, "missing_lines": [], "excluded_lines": []}}}, "src/elspeth/adapters/blob_store.py": {"executed_lines": [1, 9, 11, 12, 13, 14, 15, 16, 17, 19, 21, 24, 25, 28, 29, 30, 32, 33, 34, 35, 36, 37, 38, 40, 41, 44, 45, 46, 47, 49, 50, 51, 52, 54, 55, 56, 57, 58, 60, 61, 62, 64, 66, 68, 71, 72, 74, 75, 76, 78, 89, 92, 93, 96, 99, 100, 103, 104, 107, 108, 115, 118, 119, 122, 123, 125, 126, 130, 133, 137, 138, 144, 147, 148, 154, 157, 158, 160, 167, 168, 169, 170, 172, 173, 176, 177, 178, 182, 183, 184, 185, 188, 190, 199, 200, 202, 205, 206, 207, 209, 211, 216, 217, 218, 219, 221, 224, 225, 227, 229, 232, 234, 236, 249, 259, 260, 261, 262, 265], "summary": {"covered_lines": 115, "num_statements": 140, "percent_covered": 82.14285714285714, "percent_covered_display": "82", "missing_lines": 25, "excluded_lines": 4}, "missing_lines": [65, 67, 69, 94, 97, 101, 105, 120, 127, 128, 131, 134, 135, 139, 140, 141, 142, 145, 186, 187, 239, 240, 244, 245, 246], "excluded_lines": [179, 180, 241, 242], "functions": {"BlobConfig.from_mapping": {"executed_lines": [44, 45, 46, 47, 49, 50, 51, 52, 54, 55, 56, 57, 58, 60, 61, 62, 64, 66, 68, 71, 72, 74, 75, 76, 78], "summary": {"covered_lines": 25, "num_statements": 28, "percent_covered": 89.28571428571429, "percent_covered_display": "89", "missing_lines": 3, "excluded_lines": 0}, "missing_lines": [65, 67, 69], "excluded_lines": []}, "_parse_storage_uri": {"executed_lines": [92, 93, 96, 99, 100, 103, 104, 107, 108], "summary": {"covered_lines": 9, "num_statements": 13, "percent_covered": 69.23076923076923, "percent_covered_display": "69", "missing_lines": 4, "excluded_lines": 0}, "missing_lines": [94, 97, 101, 105], "excluded_lines": []}, "load_blob_config": {"executed_lines": [118, 119, 122, 123, 125, 126, 130, 133, 137, 138, 144, 147, 148, 154], "summary": {"covered_lines": 14, "num_statements": 25, "percent_covered": 56.0, "percent_covered_display": "56", "missing_lines": 11, "excluded_lines": 0}, "missing_lines": [120, 127, 128, 131, 134, 135, 139, 140, 141, 142, 145], "excluded_lines": []}, "BlobDataLoader.__init__": {"executed_lines": [167, 168, 169, 170], "summary": {"covered_lines": 4, "num_statements": 4, "percent_covered": 100.0, "percent_covered_display": "100", "missing_lines": 0, "excluded_lines": 0}, "missing_lines": [], "excluded_lines": []}, "BlobDataLoader.blob_client": {"executed_lines": [176, 177, 178, 182, 183, 184, 185, 188, 190, 199, 200], "summary": {"covered_lines": 11, "num_statements": 13, "percent_covered": 84.61538461538461, "percent_covered_display": "85", "missing_lines": 2, "excluded_lines": 2}, "missing_lines": [186, 187], "excluded_lines": [179, 180]}, "BlobDataLoader.download_to_file": {"executed_lines": [205, 206, 207, 209, 211, 216, 217, 218, 219], "summary": {"covered_lines": 9, "num_statements": 9, "percent_covered": 100.0, "percent_covered_display": "100", "missing_lines": 0, "excluded_lines": 0}, "missing_lines": [], "excluded_lines": []}, "BlobDataLoader.load_text": {"executed_lines": [224, 225, 227], "summary": {"covered_lines": 3, "num_statements": 3, "percent_covered": 100.0, "percent_covered_display": "100", "missing_lines": 0, "excluded_lines": 0}, "missing_lines": [], "excluded_lines": []}, "BlobDataLoader.load_bytes": {"executed_lines": [232, 234], "summary": {"covered_lines": 2, "num_statements": 2, "percent_covered": 100.0, "percent_covered_display": "100", "missing_lines": 0, "excluded_lines": 0}, "missing_lines": [], "excluded_lines": []}, "BlobDataLoader.load_csv": {"executed_lines": [], "summary": {"covered_lines": 0, "num_statements": 5, "percent_covered": 0.0, "percent_covered_display": "0", "missing_lines": 5, "excluded_lines": 2}, "missing_lines": [239, 240, 244, 245, 246], "excluded_lines": [241, 242]}, "load_blob_csv": {"executed_lines": [259, 260, 261, 262], "summary": {"covered_lines": 4, "num_statements": 4, "percent_covered": 100.0, "percent_covered_display": "100", "missing_lines": 0, "excluded_lines": 0}, "missing_lines": [], "excluded_lines": []}, "": {"executed_lines": [1, 9, 11, 12, 13, 14, 15, 16, 17, 19, 21, 24, 25, 28, 29, 30, 32, 33, 34, 35, 36, 37, 38, 40, 41, 89, 115, 157, 158, 160, 172, 173, 202, 221, 229, 236, 249, 265], "summary": {"covered_lines": 34, "num_statements": 34, "percent_covered": 100.0, "percent_covered_display": "100", "missing_lines": 0, "excluded_lines": 0}, "missing_lines": [], "excluded_lines": []}}, "classes": {"BlobConfigurationError": {"executed_lines": [], "summary": {"covered_lines": 0, "num_statements": 0, "percent_covered": 100.0, "percent_covered_display": "100", "missing_lines": 0, "excluded_lines": 0}, "missing_lines": [], "excluded_lines": []}, "BlobConfig": {"executed_lines": [44, 45, 46, 47, 49, 50, 51, 52, 54, 55, 56, 57, 58, 60, 61, 62, 64, 66, 68, 71, 72, 74, 75, 76, 78], "summary": {"covered_lines": 25, "num_statements": 28, "percent_covered": 89.28571428571429, "percent_covered_display": "89", "missing_lines": 3, "excluded_lines": 0}, "missing_lines": [65, 67, 69], "excluded_lines": []}, "BlobDataLoader": {"executed_lines": [167, 168, 169, 170, 176, 177, 178, 182, 183, 184, 185, 188, 190, 199, 200, 205, 206, 207, 209, 211, 216, 217, 218, 219, 224, 225, 227, 232, 234], "summary": {"covered_lines": 29, "num_statements": 36, "percent_covered": 80.55555555555556, "percent_covered_display": "81", "missing_lines": 7, "excluded_lines": 4}, "missing_lines": [186, 187, 239, 240, 244, 245, 246], "excluded_lines": [179, 180, 241, 242]}, "": {"executed_lines": [1, 9, 11, 12, 13, 14, 15, 16, 17, 19, 21, 24, 25, 28, 29, 30, 32, 33, 34, 35, 36, 37, 38, 40, 41, 89, 92, 93, 96, 99, 100, 103, 104, 107, 108, 115, 118, 119, 122, 123, 125, 126, 130, 133, 137, 138, 144, 147, 148, 154, 157, 158, 160, 172, 173, 202, 221, 229, 236, 249, 259, 260, 261, 262, 265], "summary": {"covered_lines": 61, "num_statements": 76, "percent_covered": 80.26315789473684, "percent_covered_display": "80", "missing_lines": 15, "excluded_lines": 0}, "missing_lines": [94, 97, 101, 105, 120, 127, 128, 131, 134, 135, 139, 140, 141, 142, 145], "excluded_lines": []}}}, "src/elspeth/cli.py": {"executed_lines": [1, 8, 10, 11, 12, 13, 14, 16, 18, 19, 20, 21, 22, 23, 24, 26, 29, 32, 33, 38, 43, 49, 54, 59, 64, 70, 75, 80, 85, 90, 95, 100, 105, 108, 111, 114, 117, 118, 119, 122, 123, 124, 125, 126, 128, 131, 132, 134, 135, 137, 138, 139, 140, 141, 142, 143, 145, 146, 147, 149, 150, 152, 153, 154, 155, 156, 157, 158, 160, 163, 166, 169, 170, 171, 172, 175, 179, 181, 182, 183, 184, 186, 187, 195, 198, 233, 236, 237, 245, 247, 248, 249, 250, 256, 257, 259, 260, 261, 262, 263, 265, 266, 269, 272, 273, 274, 275, 276, 277, 278, 287, 288, 291, 294, 297, 298, 306, 319, 320, 321, 323, 324, 338, 340, 355, 356, 357, 358, 359, 361, 363, 366, 369, 372, 373, 375, 376, 377, 378, 379, 380, 383, 386, 387, 390, 393, 394, 395, 396, 397, 398, 399, 400, 404, 406, 407, 412, 413, 415, 416, 417, 419, 422, 432, 433, 434, 435, 441, 443, 450, 451, 453, 454, 455, 458, 461, 464, 465, 466, 468, 469, 471, 473, 474, 475, 476, 478, 479, 480, 481, 482, 483, 484, 486, 487, 488, 489, 490, 491, 492, 493, 496, 499, 501, 502, 505, 506, 507, 508, 509, 510, 511, 513, 514, 515, 516, 517, 518, 519, 521, 522, 524, 525, 528, 529, 533, 536, 537, 538, 541], "summary": {"covered_lines": 228, "num_statements": 266, "percent_covered": 85.71428571428571, "percent_covered_display": "86", "missing_lines": 38, "excluded_lines": 2}, "missing_lines": [136, 161, 176, 177, 185, 200, 202, 204, 205, 208, 210, 211, 212, 216, 217, 218, 219, 220, 222, 223, 224, 225, 227, 228, 229, 230, 290, 362, 364, 374, 401, 402, 456, 470, 503, 512, 526, 530], "excluded_lines": [541, 542], "functions": {"build_parser": {"executed_lines": [32, 33, 38, 43, 49, 54, 59, 64, 70, 75, 80, 85, 90, 95, 100, 105], "summary": {"covered_lines": 16, "num_statements": 16, "percent_covered": 100.0, "percent_covered_display": "100", "missing_lines": 0, "excluded_lines": 0}, "missing_lines": [], "excluded_lines": []}, "configure_logging": {"executed_lines": [111], "summary": {"covered_lines": 1, "num_statements": 1, "percent_covered": 100.0, "percent_covered_display": "100", "missing_lines": 0, "excluded_lines": 0}, "missing_lines": [], "excluded_lines": []}, "format_preview": {"executed_lines": [117, 118, 119], "summary": {"covered_lines": 3, "num_statements": 3, "percent_covered": 100.0, "percent_covered_display": "100", "missing_lines": 0, "excluded_lines": 0}, "missing_lines": [], "excluded_lines": []}, "_flatten_value": {"executed_lines": [123, 124, 125, 126, 128], "summary": {"covered_lines": 5, "num_statements": 5, "percent_covered": 100.0, "percent_covered_display": "100", "missing_lines": 0, "excluded_lines": 0}, "missing_lines": [], "excluded_lines": []}, "_result_to_row": {"executed_lines": [132, 134, 145, 146, 147, 149, 150, 152, 153, 154, 155, 156, 157, 158, 160, 163], "summary": {"covered_lines": 16, "num_statements": 17, "percent_covered": 94.11764705882354, "percent_covered_display": "94", "missing_lines": 1, "excluded_lines": 0}, "missing_lines": [161], "excluded_lines": []}, "_result_to_row.consume_response": {"executed_lines": [135, 137, 138, 139, 140, 141, 142, 143], "summary": {"covered_lines": 8, "num_statements": 9, "percent_covered": 88.88888888888889, "percent_covered_display": "89", "missing_lines": 1, "excluded_lines": 0}, "missing_lines": [136], "excluded_lines": []}, "run": {"executed_lines": [169, 170, 171, 172, 175, 179, 181, 182, 183, 184, 186, 187, 195], "summary": {"covered_lines": 13, "num_statements": 16, "percent_covered": 81.25, "percent_covered_display": "81", "missing_lines": 3, "excluded_lines": 0}, "missing_lines": [176, 177, 185], "excluded_lines": []}, "_validate_schemas": {"executed_lines": [], "summary": {"covered_lines": 0, "num_statements": 21, "percent_covered": 0.0, "percent_covered_display": "0", "missing_lines": 21, "excluded_lines": 0}, "missing_lines": [200, 202, 204, 205, 208, 210, 211, 212, 216, 217, 218, 219, 220, 222, 223, 224, 225, 227, 228, 229, 230], "excluded_lines": []}, "_run_single": {"executed_lines": [236, 237, 245, 247, 248, 249, 250, 256, 257, 259, 260, 261, 262, 263, 265, 266], "summary": {"covered_lines": 16, "num_statements": 16, "percent_covered": 100.0, "percent_covered_display": "100", "missing_lines": 0, "excluded_lines": 0}, "missing_lines": [], "excluded_lines": []}, "_clone_suite_sinks": {"executed_lines": [272, 273, 274, 275, 276, 277, 278, 287, 288, 291], "summary": {"covered_lines": 10, "num_statements": 11, "percent_covered": 90.9090909090909, "percent_covered_display": "91", "missing_lines": 1, "excluded_lines": 0}, "missing_lines": [290], "excluded_lines": []}, "_assemble_suite_defaults": {"executed_lines": [297, 298, 306, 319, 320, 321, 323, 324, 338, 340, 355, 356, 357, 358, 359, 361, 363, 366], "summary": {"covered_lines": 18, "num_statements": 20, "percent_covered": 90.0, "percent_covered_display": "90", "missing_lines": 2, "excluded_lines": 0}, "missing_lines": [362, 364], "excluded_lines": []}, "_load_settings_from_args": {"executed_lines": [372, 373, 375, 376, 377, 378, 379, 380], "summary": {"covered_lines": 8, "num_statements": 9, "percent_covered": 88.88888888888889, "percent_covered_display": "89", "missing_lines": 1, "excluded_lines": 0}, "missing_lines": [374], "excluded_lines": []}, "_resolve_suite_root": {"executed_lines": [386, 387], "summary": {"covered_lines": 2, "num_statements": 2, "percent_covered": 100.0, "percent_covered_display": "100", "missing_lines": 0, "excluded_lines": 0}, "missing_lines": [], "excluded_lines": []}, "_handle_suite_management": {"executed_lines": [393, 394, 395, 396, 397, 398, 399, 400, 404, 406, 407, 412, 413, 415, 416, 417, 419], "summary": {"covered_lines": 17, "num_statements": 19, "percent_covered": 89.47368421052632, "percent_covered_display": "89", "missing_lines": 2, "excluded_lines": 0}, "missing_lines": [401, 402], "excluded_lines": []}, "_run_suite": {"executed_lines": [432, 433, 434, 435, 441, 443, 450, 451, 453, 454, 455, 458], "summary": {"covered_lines": 12, "num_statements": 13, "percent_covered": 92.3076923076923, "percent_covered_display": "92", "missing_lines": 1, "excluded_lines": 0}, "missing_lines": [456], "excluded_lines": []}, "_strip_metrics_plugins": {"executed_lines": [464, 465, 466, 468, 473, 474, 475, 476, 478, 479, 480, 481, 482, 483, 484, 486, 487, 488, 489, 490, 491, 492, 493], "summary": {"covered_lines": 23, "num_statements": 23, "percent_covered": 100.0, "percent_covered_display": "100", "missing_lines": 0, "excluded_lines": 0}, "missing_lines": [], "excluded_lines": []}, "_strip_metrics_plugins._filter": {"executed_lines": [469, 471], "summary": {"covered_lines": 2, "num_statements": 3, "percent_covered": 66.66666666666667, "percent_covered_display": "67", "missing_lines": 1, "excluded_lines": 0}, "missing_lines": [470], "excluded_lines": []}, "_configure_sink_dry_run": {"executed_lines": [499, 501, 502, 505, 521, 522, 524, 525, 528, 529], "summary": {"covered_lines": 10, "num_statements": 13, "percent_covered": 76.92307692307692, "percent_covered_display": "77", "missing_lines": 3, "excluded_lines": 0}, "missing_lines": [503, 526, 530], "excluded_lines": []}, "_configure_sink_dry_run._update_defs": {"executed_lines": [506, 507, 508, 509, 510, 511, 513, 514, 515, 516, 517, 518, 519], "summary": {"covered_lines": 13, "num_statements": 14, "percent_covered": 92.85714285714286, "percent_covered_display": "93", "missing_lines": 1, "excluded_lines": 0}, "missing_lines": [512], "excluded_lines": []}, "main": {"executed_lines": [536, 537, 538], "summary": {"covered_lines": 3, "num_statements": 3, "percent_covered": 100.0, "percent_covered_display": "100", "missing_lines": 0, "excluded_lines": 0}, "missing_lines": [], "excluded_lines": []}, "": {"executed_lines": [1, 8, 10, 11, 12, 13, 14, 16, 18, 19, 20, 21, 22, 23, 24, 26, 29, 108, 114, 122, 131, 166, 198, 233, 269, 294, 369, 383, 390, 422, 461, 496, 533, 541], "summary": {"covered_lines": 32, "num_statements": 32, "percent_covered": 100.0, "percent_covered_display": "100", "missing_lines": 0, "excluded_lines": 2}, "missing_lines": [], "excluded_lines": [541, 542]}}, "classes": {"": {"executed_lines": [1, 8, 10, 11, 12, 13, 14, 16, 18, 19, 20, 21, 22, 23, 24, 26, 29, 32, 33, 38, 43, 49, 54, 59, 64, 70, 75, 80, 85, 90, 95, 100, 105, 108, 111, 114, 117, 118, 119, 122, 123, 124, 125, 126, 128, 131, 132, 134, 135, 137, 138, 139, 140, 141, 142, 143, 145, 146, 147, 149, 150, 152, 153, 154, 155, 156, 157, 158, 160, 163, 166, 169, 170, 171, 172, 175, 179, 181, 182, 183, 184, 186, 187, 195, 198, 233, 236, 237, 245, 247, 248, 249, 250, 256, 257, 259, 260, 261, 262, 263, 265, 266, 269, 272, 273, 274, 275, 276, 277, 278, 287, 288, 291, 294, 297, 298, 306, 319, 320, 321, 323, 324, 338, 340, 355, 356, 357, 358, 359, 361, 363, 366, 369, 372, 373, 375, 376, 377, 378, 379, 380, 383, 386, 387, 390, 393, 394, 395, 396, 397, 398, 399, 400, 404, 406, 407, 412, 413, 415, 416, 417, 419, 422, 432, 433, 434, 435, 441, 443, 450, 451, 453, 454, 455, 458, 461, 464, 465, 466, 468, 469, 471, 473, 474, 475, 476, 478, 479, 480, 481, 482, 483, 484, 486, 487, 488, 489, 490, 491, 492, 493, 496, 499, 501, 502, 505, 506, 507, 508, 509, 510, 511, 513, 514, 515, 516, 517, 518, 519, 521, 522, 524, 525, 528, 529, 533, 536, 537, 538, 541], "summary": {"covered_lines": 228, "num_statements": 266, "percent_covered": 85.71428571428571, "percent_covered_display": "86", "missing_lines": 38, "excluded_lines": 2}, "missing_lines": [136, 161, 176, 177, 185, 200, 202, 204, 205, 208, 210, 211, 212, 216, 217, 218, 219, 220, 222, 223, 224, 225, 227, 228, 229, 230, 290, 362, 364, 374, 401, 402, 456, 470, 503, 512, 526, 530], "excluded_lines": [541, 542]}}}, "src/elspeth/config.py": {"executed_lines": [1, 3, 5, 6, 7, 9, 11, 12, 13, 14, 15, 16, 19, 20, 21, 23, 24, 25, 26, 27, 28, 29, 30, 31, 32, 35, 36, 37, 39, 40, 41, 42, 45, 46, 47, 49, 50, 51, 52, 53, 54, 55, 56, 57, 58, 59, 60, 63, 66, 69, 70, 71, 72, 73, 74, 76, 77, 82, 83, 84, 85, 86, 88, 89, 94, 95, 96, 97, 100, 103, 104, 105, 108, 111, 112, 114, 115, 117, 120, 127, 129, 130, 132, 133, 134, 135, 136, 139, 142, 150, 153, 154, 157, 158, 159, 161, 162, 163, 165, 166, 167, 168, 170, 171, 172, 174, 175, 178, 194, 201, 202, 204, 205, 206, 207, 208, 209, 211, 212, 213, 214, 215, 217, 218, 219, 223, 227, 228, 229, 230, 231, 236, 237, 239, 243, 250, 251, 252, 253, 254, 258, 264, 265, 266, 267, 269, 270, 271, 272, 273, 274, 276, 279, 282, 283, 284, 285, 288, 296, 317, 323, 324, 325, 326, 327, 328, 331, 332, 333, 334, 335, 336, 337, 338, 339, 340, 344, 348, 352, 356, 358, 361, 364, 365, 366, 367, 368, 370, 371, 373, 374, 375, 376, 378, 379, 380, 382, 389, 390, 392], "summary": {"covered_lines": 196, "num_statements": 238, "percent_covered": 82.3529411764706, "percent_covered_display": "82", "missing_lines": 42, "excluded_lines": 0}, "missing_lines": [75, 78, 79, 87, 90, 91, 113, 116, 128, 131, 155, 160, 173, 176, 220, 221, 222, 224, 225, 226, 232, 233, 234, 238, 240, 255, 268, 275, 329, 341, 342, 343, 345, 346, 347, 349, 350, 351, 353, 354, 355, 357], "excluded_lines": [], "functions": {"_prepare_plugin_definition": {"executed_lines": [66, 69, 70, 71, 72, 73, 74, 76, 77, 82, 83, 84, 85, 86, 88, 89, 94, 95, 96, 97], "summary": {"covered_lines": 20, "num_statements": 26, "percent_covered": 76.92307692307692, "percent_covered_display": "77", "missing_lines": 6, "excluded_lines": 0}, "missing_lines": [75, 78, 79, 87, 90, 91], "excluded_lines": []}, "_merge_pack": {"executed_lines": [103, 104, 105], "summary": {"covered_lines": 3, "num_statements": 3, "percent_covered": 100.0, "percent_covered_display": "100", "missing_lines": 0, "excluded_lines": 0}, "missing_lines": [], "excluded_lines": []}, "_read_profile_data": {"executed_lines": [111, 112, 114, 115, 117], "summary": {"covered_lines": 5, "num_statements": 7, "percent_covered": 71.42857142857143, "percent_covered_display": "71", "missing_lines": 2, "excluded_lines": 0}, "missing_lines": [113, 116], "excluded_lines": []}, "_instantiate_plugin": {"executed_lines": [127, 129, 130, 132, 133, 134, 135, 136], "summary": {"covered_lines": 8, "num_statements": 10, "percent_covered": 80.0, "percent_covered_display": "80", "missing_lines": 2, "excluded_lines": 0}, "missing_lines": [128, 131], "excluded_lines": []}, "_collect_prompt_configuration": {"executed_lines": [142], "summary": {"covered_lines": 1, "num_statements": 1, "percent_covered": 100.0, "percent_covered_display": "100", "missing_lines": 0, "excluded_lines": 0}, "missing_lines": [], "excluded_lines": []}, "_collect_plugin_definitions": {"executed_lines": [153, 154, 157, 158, 159, 161, 162, 163, 165, 166, 167, 168, 170, 171, 172, 174, 175, 178], "summary": {"covered_lines": 18, "num_statements": 22, "percent_covered": 81.81818181818181, "percent_covered_display": "82", "missing_lines": 4, "excluded_lines": 0}, "missing_lines": [155, 160, 173, 176], "excluded_lines": []}, "_apply_prompt_pack_overrides": {"executed_lines": [201, 202, 204, 205, 206, 207, 208, 209, 211, 212, 213, 214, 215, 217, 218, 219, 223, 227, 228, 229, 230, 231, 236, 237, 239], "summary": {"covered_lines": 25, "num_statements": 36, "percent_covered": 69.44444444444444, "percent_covered_display": "69", "missing_lines": 11, "excluded_lines": 0}, "missing_lines": [220, 221, 222, 224, 225, 226, 232, 233, 234, 238, 240], "excluded_lines": []}, "_resolve_sink_definitions": {"executed_lines": [250, 251, 252, 253, 254], "summary": {"covered_lines": 5, "num_statements": 6, "percent_covered": 83.33333333333333, "percent_covered_display": "83", "missing_lines": 1, "excluded_lines": 0}, "missing_lines": [255], "excluded_lines": []}, "_sinks_from_suite_defaults": {"executed_lines": [264, 265, 266, 267, 269, 270, 271, 272, 273, 274, 276], "summary": {"covered_lines": 11, "num_statements": 13, "percent_covered": 84.61538461538461, "percent_covered_display": "85", "missing_lines": 2, "excluded_lines": 0}, "missing_lines": [268, 275], "excluded_lines": []}, "_instantiate_sinks": {"executed_lines": [282, 283, 284, 285], "summary": {"covered_lines": 4, "num_statements": 4, "percent_covered": 100.0, "percent_covered_display": "100", "missing_lines": 0, "excluded_lines": 0}, "missing_lines": [], "excluded_lines": []}, "_build_orchestrator_config": {"executed_lines": [296], "summary": {"covered_lines": 1, "num_statements": 1, "percent_covered": 100.0, "percent_covered_display": "100", "missing_lines": 0, "excluded_lines": 0}, "missing_lines": [], "excluded_lines": []}, "_prepare_suite_defaults": {"executed_lines": [323, 324, 325, 326, 327, 328, 331, 332, 333, 334, 335, 336, 337, 338, 339, 340, 344, 348, 352, 356, 358], "summary": {"covered_lines": 21, "num_statements": 35, "percent_covered": 60.0, "percent_covered_display": "60", "missing_lines": 14, "excluded_lines": 0}, "missing_lines": [329, 341, 342, 343, 345, 346, 347, 349, 350, 351, 353, 354, 355, 357], "excluded_lines": []}, "load_settings": {"executed_lines": [364, 365, 366, 367, 368, 370, 371, 373, 374, 375, 376, 378, 379, 380, 382, 389, 390, 392], "summary": {"covered_lines": 18, "num_statements": 18, "percent_covered": 100.0, "percent_covered_display": "100", "missing_lines": 0, "excluded_lines": 0}, "missing_lines": [], "excluded_lines": []}, "": {"executed_lines": [1, 3, 5, 6, 7, 9, 11, 12, 13, 14, 15, 16, 19, 20, 21, 23, 24, 25, 26, 27, 28, 29, 30, 31, 32, 35, 36, 37, 39, 40, 41, 42, 45, 46, 47, 49, 50, 51, 52, 53, 54, 55, 56, 57, 58, 59, 60, 63, 100, 108, 120, 139, 150, 194, 243, 258, 279, 288, 317, 361], "summary": {"covered_lines": 56, "num_statements": 56, "percent_covered": 100.0, "percent_covered_display": "100", "missing_lines": 0, "excluded_lines": 0}, "missing_lines": [], "excluded_lines": []}}, "classes": {"Settings": {"executed_lines": [], "summary": {"covered_lines": 0, "num_statements": 0, "percent_covered": 100.0, "percent_covered_display": "100", "missing_lines": 0, "excluded_lines": 0}, "missing_lines": [], "excluded_lines": []}, "PromptConfiguration": {"executed_lines": [], "summary": {"covered_lines": 0, "num_statements": 0, "percent_covered": 100.0, "percent_covered_display": "100", "missing_lines": 0, "excluded_lines": 0}, "missing_lines": [], "excluded_lines": []}, "PluginDefinitions": {"executed_lines": [], "summary": {"covered_lines": 0, "num_statements": 0, "percent_covered": 100.0, "percent_covered_display": "100", "missing_lines": 0, "excluded_lines": 0}, "missing_lines": [], "excluded_lines": []}, "": {"executed_lines": [1, 3, 5, 6, 7, 9, 11, 12, 13, 14, 15, 16, 19, 20, 21, 23, 24, 25, 26, 27, 28, 29, 30, 31, 32, 35, 36, 37, 39, 40, 41, 42, 45, 46, 47, 49, 50, 51, 52, 53, 54, 55, 56, 57, 58, 59, 60, 63, 66, 69, 70, 71, 72, 73, 74, 76, 77, 82, 83, 84, 85, 86, 88, 89, 94, 95, 96, 97, 100, 103, 104, 105, 108, 111, 112, 114, 115, 117, 120, 127, 129, 130, 132, 133, 134, 135, 136, 139, 142, 150, 153, 154, 157, 158, 159, 161, 162, 163, 165, 166, 167, 168, 170, 171, 172, 174, 175, 178, 194, 201, 202, 204, 205, 206, 207, 208, 209, 211, 212, 213, 214, 215, 217, 218, 219, 223, 227, 228, 229, 230, 231, 236, 237, 239, 243, 250, 251, 252, 253, 254, 258, 264, 265, 266, 267, 269, 270, 271, 272, 273, 274, 276, 279, 282, 283, 284, 285, 288, 296, 317, 323, 324, 325, 326, 327, 328, 331, 332, 333, 334, 335, 336, 337, 338, 339, 340, 344, 348, 352, 356, 358, 361, 364, 365, 366, 367, 368, 370, 371, 373, 374, 375, 376, 378, 379, 380, 382, 389, 390, 392], "summary": {"covered_lines": 196, "num_statements": 238, "percent_covered": 82.3529411764706, "percent_covered_display": "82", "missing_lines": 42, "excluded_lines": 0}, "missing_lines": [75, 78, 79, 87, 90, 91, 113, 116, 128, 131, 155, 160, 173, 176, 220, 221, 222, 224, 225, 226, 232, 233, 234, 238, 240, 255, 268, 275, 329, 341, 342, 343, 345, 346, 347, 349, 350, 351, 353, 354, 355, 357], "excluded_lines": []}}}, "src/elspeth/core/__init__.py": {"executed_lines": [1, 3, 5], "summary": {"covered_lines": 2, "num_statements": 2, "percent_covered": 100.0, "percent_covered_display": "100", "missing_lines": 0, "excluded_lines": 0}, "missing_lines": [], "excluded_lines": [], "functions": {"": {"executed_lines": [1, 3, 5], "summary": {"covered_lines": 2, "num_statements": 2, "percent_covered": 100.0, "percent_covered_display": "100", "missing_lines": 0, "excluded_lines": 0}, "missing_lines": [], "excluded_lines": []}}, "classes": {"": {"executed_lines": [1, 3, 5], "summary": {"covered_lines": 2, "num_statements": 2, "percent_covered": 100.0, "percent_covered_display": "100", "missing_lines": 0, "excluded_lines": 0}, "missing_lines": [], "excluded_lines": []}}}, "src/elspeth/core/artifact_pipeline.py": {"executed_lines": [1, 3, 5, 6, 7, 8, 10, 11, 12, 14, 15, 19, 20, 21, 23, 24, 27, 28, 30, 31, 34, 37, 38, 39, 40, 41, 42, 44, 45, 46, 49, 50, 53, 58, 59, 60, 62, 63, 64, 65, 66, 67, 68, 69, 73, 74, 76, 79, 80, 81, 83, 86, 87, 88, 89, 90, 91, 92, 93, 95, 96, 97, 99, 101, 104, 106, 109, 111, 114, 115, 116, 117, 119, 120, 121, 122, 123, 124, 126, 127, 130, 132, 133, 135, 136, 137, 138, 139, 141, 144, 147, 148, 150, 153, 154, 156, 157, 160, 161, 162, 163, 164, 165, 166, 174, 175, 177, 178, 179, 180, 181, 182, 183, 184, 186, 187, 188, 189, 190, 191, 192, 193, 195, 196, 199, 201, 202, 204, 205, 208, 209, 211, 212, 213, 214, 216, 217, 219, 221, 222, 225, 226, 228, 229, 230, 231, 232, 233, 235, 237, 238, 246, 247, 250, 251, 252, 253, 254, 255, 258, 259, 263, 264, 265, 266, 267, 269, 270, 277, 278, 280, 281, 282, 283, 285, 286, 288, 290, 291, 299, 306, 308, 309, 310, 311, 312, 313, 315, 316, 317, 318, 319, 321, 324, 327, 328, 329, 330, 332, 333, 334, 335, 336, 342, 343, 344, 346, 348, 349, 350, 351, 352, 353, 355, 356, 357, 358, 359, 360, 361, 363, 364, 365, 367], "summary": {"covered_lines": 218, "num_statements": 234, "percent_covered": 93.16239316239316, "percent_covered_display": "93", "missing_lines": 16, "excluded_lines": 0}, "missing_lines": [35, 36, 43, 47, 54, 118, 128, 129, 200, 248, 256, 260, 261, 284, 314, 337], "excluded_lines": [], "functions": {"ArtifactRequestParser.parse": {"executed_lines": [34, 37, 38, 39, 40, 41, 42, 44, 45, 46], "summary": {"covered_lines": 10, "num_statements": 14, "percent_covered": 71.42857142857143, "percent_covered_display": "71", "missing_lines": 4, "excluded_lines": 0}, "missing_lines": [35, 36, 43, 47], "excluded_lines": []}, "ArtifactRequestParser._validate": {"executed_lines": [53], "summary": {"covered_lines": 1, "num_statements": 2, "percent_covered": 50.0, "percent_covered_display": "50", "missing_lines": 1, "excluded_lines": 0}, "missing_lines": [54], "excluded_lines": []}, "ArtifactStore.__init__": {"executed_lines": [79, 80, 81], "summary": {"covered_lines": 3, "num_statements": 3, "percent_covered": 100.0, "percent_covered_display": "100", "missing_lines": 0, "excluded_lines": 0}, "missing_lines": [], "excluded_lines": []}, "ArtifactStore.register": {"executed_lines": [86, 87, 88, 89, 90, 91, 92, 93, 95, 96, 97, 99], "summary": {"covered_lines": 12, "num_statements": 12, "percent_covered": 100.0, "percent_covered_display": "100", "missing_lines": 0, "excluded_lines": 0}, "missing_lines": [], "excluded_lines": []}, "ArtifactStore.get_by_alias": {"executed_lines": [104], "summary": {"covered_lines": 1, "num_statements": 1, "percent_covered": 100.0, "percent_covered_display": "100", "missing_lines": 0, "excluded_lines": 0}, "missing_lines": [], "excluded_lines": []}, "ArtifactStore.get_by_type": {"executed_lines": [109], "summary": {"covered_lines": 1, "num_statements": 1, "percent_covered": 100.0, "percent_covered_display": "100", "missing_lines": 0, "excluded_lines": 0}, "missing_lines": [], "excluded_lines": []}, "ArtifactStore.resolve_requests": {"executed_lines": [114, 115, 116, 117, 119, 120, 121, 122, 123, 124, 126, 127, 130, 132, 133, 135, 136, 137, 138, 139], "summary": {"covered_lines": 20, "num_statements": 23, "percent_covered": 86.95652173913044, "percent_covered_display": "87", "missing_lines": 3, "excluded_lines": 0}, "missing_lines": [118, 128, 129], "excluded_lines": []}, "ArtifactStore.items": {"executed_lines": [144], "summary": {"covered_lines": 1, "num_statements": 1, "percent_covered": 100.0, "percent_covered_display": "100", "missing_lines": 0, "excluded_lines": 0}, "missing_lines": [], "excluded_lines": []}, "ArtifactPipeline.__init__": {"executed_lines": [153, 154], "summary": {"covered_lines": 2, "num_statements": 2, "percent_covered": 100.0, "percent_covered_display": "100", "missing_lines": 0, "excluded_lines": 0}, "missing_lines": [], "excluded_lines": []}, "ArtifactPipeline._prepare_binding": {"executed_lines": [160, 161, 162, 163, 164, 165, 166, 174, 175, 177, 178, 179, 180, 181, 182, 183, 184, 186, 187, 188, 189, 190, 191, 192, 193], "summary": {"covered_lines": 25, "num_statements": 25, "percent_covered": 100.0, "percent_covered_display": "100", "missing_lines": 0, "excluded_lines": 0}, "missing_lines": [], "excluded_lines": []}, "ArtifactPipeline._enforce_dependency_security": {"executed_lines": [199, 201, 202], "summary": {"covered_lines": 3, "num_statements": 4, "percent_covered": 75.0, "percent_covered_display": "75", "missing_lines": 1, "excluded_lines": 0}, "missing_lines": [200], "excluded_lines": []}, "ArtifactPipeline._resolve_order": {"executed_lines": [208, 209, 211, 212, 213, 214, 216, 217, 219], "summary": {"covered_lines": 9, "num_statements": 9, "percent_covered": 100.0, "percent_covered_display": "100", "missing_lines": 0, "excluded_lines": 0}, "missing_lines": [], "excluded_lines": []}, "ArtifactPipeline._build_producer_indexes": {"executed_lines": [225, 226, 228, 229, 230, 231, 232, 233, 235], "summary": {"covered_lines": 9, "num_statements": 9, "percent_covered": 100.0, "percent_covered_display": "100", "missing_lines": 0, "excluded_lines": 0}, "missing_lines": [], "excluded_lines": []}, "ArtifactPipeline._iter_producers_for_request": {"executed_lines": [246, 247, 250, 251, 252, 253, 254, 255, 258, 259, 263, 264, 265, 266, 267], "summary": {"covered_lines": 15, "num_statements": 19, "percent_covered": 78.94736842105263, "percent_covered_display": "79", "missing_lines": 4, "excluded_lines": 0}, "missing_lines": [248, 256, 260, 261], "excluded_lines": []}, "ArtifactPipeline._build_dependency_graph": {"executed_lines": [277, 278, 280, 281, 282, 283, 285, 286, 288], "summary": {"covered_lines": 9, "num_statements": 10, "percent_covered": 90.0, "percent_covered_display": "90", "missing_lines": 1, "excluded_lines": 0}, "missing_lines": [284], "excluded_lines": []}, "ArtifactPipeline._topological_sort": {"executed_lines": [299, 306, 308, 309, 310, 311, 312, 313, 315, 316, 317, 318, 319, 321], "summary": {"covered_lines": 14, "num_statements": 15, "percent_covered": 93.33333333333333, "percent_covered_display": "93", "missing_lines": 1, "excluded_lines": 0}, "missing_lines": [314], "excluded_lines": []}, "ArtifactPipeline.execute": {"executed_lines": [327, 328, 329, 330, 332, 333, 334, 335, 336, 342, 343, 344, 346, 348, 349, 350, 351, 352, 353, 355, 356, 357, 358, 359, 360, 361, 363, 364, 365, 367], "summary": {"covered_lines": 30, "num_statements": 31, "percent_covered": 96.7741935483871, "percent_covered_display": "97", "missing_lines": 1, "excluded_lines": 0}, "missing_lines": [337], "excluded_lines": []}, "": {"executed_lines": [1, 3, 5, 6, 7, 8, 10, 11, 12, 14, 15, 19, 20, 21, 23, 24, 27, 28, 30, 31, 49, 50, 58, 59, 60, 62, 63, 64, 65, 66, 67, 68, 69, 73, 74, 76, 83, 101, 106, 111, 141, 147, 148, 150, 156, 157, 195, 196, 204, 205, 221, 222, 237, 238, 269, 270, 290, 291, 324], "summary": {"covered_lines": 53, "num_statements": 53, "percent_covered": 100.0, "percent_covered_display": "100", "missing_lines": 0, "excluded_lines": 0}, "missing_lines": [], "excluded_lines": []}}, "classes": {"ArtifactRequest": {"executed_lines": [], "summary": {"covered_lines": 0, "num_statements": 0, "percent_covered": 100.0, "percent_covered_display": "100", "missing_lines": 0, "excluded_lines": 0}, "missing_lines": [], "excluded_lines": []}, "ArtifactRequestParser": {"executed_lines": [34, 37, 38, 39, 40, 41, 42, 44, 45, 46, 53], "summary": {"covered_lines": 11, "num_statements": 16, "percent_covered": 68.75, "percent_covered_display": "69", "missing_lines": 5, "excluded_lines": 0}, "missing_lines": [35, 36, 43, 47, 54], "excluded_lines": []}, "SinkBinding": {"executed_lines": [], "summary": {"covered_lines": 0, "num_statements": 0, "percent_covered": 100.0, "percent_covered_display": "100", "missing_lines": 0, "excluded_lines": 0}, "missing_lines": [], "excluded_lines": []}, "ArtifactStore": {"executed_lines": [79, 80, 81, 86, 87, 88, 89, 90, 91, 92, 93, 95, 96, 97, 99, 104, 109, 114, 115, 116, 117, 119, 120, 121, 122, 123, 124, 126, 127, 130, 132, 133, 135, 136, 137, 138, 139, 144], "summary": {"covered_lines": 38, "num_statements": 41, "percent_covered": 92.6829268292683, "percent_covered_display": "93", "missing_lines": 3, "excluded_lines": 0}, "missing_lines": [118, 128, 129], "excluded_lines": []}, "ArtifactPipeline": {"executed_lines": [153, 154, 160, 161, 162, 163, 164, 165, 166, 174, 175, 177, 178, 179, 180, 181, 182, 183, 184, 186, 187, 188, 189, 190, 191, 192, 193, 199, 201, 202, 208, 209, 211, 212, 213, 214, 216, 217, 219, 225, 226, 228, 229, 230, 231, 232, 233, 235, 246, 247, 250, 251, 252, 253, 254, 255, 258, 259, 263, 264, 265, 266, 267, 277, 278, 280, 281, 282, 283, 285, 286, 288, 299, 306, 308, 309, 310, 311, 312, 313, 315, 316, 317, 318, 319, 321, 327, 328, 329, 330, 332, 333, 334, 335, 336, 342, 343, 344, 346, 348, 349, 350, 351, 352, 353, 355, 356, 357, 358, 359, 360, 361, 363, 364, 365, 367], "summary": {"covered_lines": 116, "num_statements": 124, "percent_covered": 93.54838709677419, "percent_covered_display": "94", "missing_lines": 8, "excluded_lines": 0}, "missing_lines": [200, 248, 256, 260, 261, 284, 314, 337], "excluded_lines": []}, "": {"executed_lines": [1, 3, 5, 6, 7, 8, 10, 11, 12, 14, 15, 19, 20, 21, 23, 24, 27, 28, 30, 31, 49, 50, 58, 59, 60, 62, 63, 64, 65, 66, 67, 68, 69, 73, 74, 76, 83, 101, 106, 111, 141, 147, 148, 150, 156, 157, 195, 196, 204, 205, 221, 222, 237, 238, 269, 270, 290, 291, 324], "summary": {"covered_lines": 53, "num_statements": 53, "percent_covered": 100.0, "percent_covered_display": "100", "missing_lines": 0, "excluded_lines": 0}, "missing_lines": [], "excluded_lines": []}}}, "src/elspeth/core/artifacts.py": {"executed_lines": [1, 3, 5, 7, 8, 9, 12, 15, 18, 21, 24, 27, 28, 29, 30, 31, 32, 35, 38, 41], "summary": {"covered_lines": 19, "num_statements": 19, "percent_covered": 100.0, "percent_covered_display": "100", "missing_lines": 0, "excluded_lines": 0}, "missing_lines": [], "excluded_lines": [], "functions": {"is_file_type": {"executed_lines": [15], "summary": {"covered_lines": 1, "num_statements": 1, "percent_covered": 100.0, "percent_covered_display": "100", "missing_lines": 0, "excluded_lines": 0}, "missing_lines": [], "excluded_lines": []}, "is_data_type": {"executed_lines": [21], "summary": {"covered_lines": 1, "num_statements": 1, "percent_covered": 100.0, "percent_covered_display": "100", "missing_lines": 0, "excluded_lines": 0}, "missing_lines": [], "excluded_lines": []}, "validate_artifact_type": {"executed_lines": [27, 28, 29, 30, 31, 32], "summary": {"covered_lines": 6, "num_statements": 6, "percent_covered": 100.0, "percent_covered_display": "100", "missing_lines": 0, "excluded_lines": 0}, "missing_lines": [], "excluded_lines": []}, "normalize_metadata": {"executed_lines": [38], "summary": {"covered_lines": 1, "num_statements": 1, "percent_covered": 100.0, "percent_covered_display": "100", "missing_lines": 0, "excluded_lines": 0}, "missing_lines": [], "excluded_lines": []}, "": {"executed_lines": [1, 3, 5, 7, 8, 9, 12, 18, 24, 35, 41], "summary": {"covered_lines": 10, "num_statements": 10, "percent_covered": 100.0, "percent_covered_display": "100", "missing_lines": 0, "excluded_lines": 0}, "missing_lines": [], "excluded_lines": []}}, "classes": {"": {"executed_lines": [1, 3, 5, 7, 8, 9, 12, 15, 18, 21, 24, 27, 28, 29, 30, 31, 32, 35, 38, 41], "summary": {"covered_lines": 19, "num_statements": 19, "percent_covered": 100.0, "percent_covered_display": "100", "missing_lines": 0, "excluded_lines": 0}, "missing_lines": [], "excluded_lines": []}}}, "src/elspeth/core/config_schema.py": {"executed_lines": [1, 3, 5, 7, 9, 20, 47, 50, 51], "summary": {"covered_lines": 8, "num_statements": 10, "percent_covered": 80.0, "percent_covered_display": "80", "missing_lines": 2, "excluded_lines": 0}, "missing_lines": [52, 53], "excluded_lines": [], "functions": {"validate_experiment_config": {"executed_lines": [50, 51], "summary": {"covered_lines": 2, "num_statements": 4, "percent_covered": 50.0, "percent_covered_display": "50", "missing_lines": 2, "excluded_lines": 0}, "missing_lines": [52, 53], "excluded_lines": []}, "": {"executed_lines": [1, 3, 5, 7, 9, 20, 47], "summary": {"covered_lines": 6, "num_statements": 6, "percent_covered": 100.0, "percent_covered_display": "100", "missing_lines": 0, "excluded_lines": 0}, "missing_lines": [], "excluded_lines": []}}, "classes": {"": {"executed_lines": [1, 3, 5, 7, 9, 20, 47, 50, 51], "summary": {"covered_lines": 8, "num_statements": 10, "percent_covered": 80.0, "percent_covered_display": "80", "missing_lines": 2, "excluded_lines": 0}, "missing_lines": [52, 53], "excluded_lines": []}}}, "src/elspeth/core/controls/__init__.py": {"executed_lines": [1, 3, 4, 5, 7], "summary": {"covered_lines": 4, "num_statements": 4, "percent_covered": 100.0, "percent_covered_display": "100", "missing_lines": 0, "excluded_lines": 0}, "missing_lines": [], "excluded_lines": [], "functions": {"": {"executed_lines": [1, 3, 4, 5, 7], "summary": {"covered_lines": 4, "num_statements": 4, "percent_covered": 100.0, "percent_covered_display": "100", "missing_lines": 0, "excluded_lines": 0}, "missing_lines": [], "excluded_lines": []}}, "classes": {"": {"executed_lines": [1, 3, 4, 5, 7], "summary": {"covered_lines": 4, "num_statements": 4, "percent_covered": 100.0, "percent_covered_display": "100", "missing_lines": 0, "excluded_lines": 0}, "missing_lines": [], "excluded_lines": []}}}, "src/elspeth/core/controls/cost_tracker.py": {"executed_lines": [1, 3, 5, 8, 9, 11, 16, 22, 23, 25, 30, 36, 37, 39, 40, 41, 42, 43, 44, 46, 49, 50, 51, 53, 55, 56, 57, 59, 65, 68, 74, 75, 78, 79, 80, 81, 83, 84, 85, 87, 89, 91, 97], "summary": {"covered_lines": 36, "num_statements": 42, "percent_covered": 85.71428571428571, "percent_covered_display": "86", "missing_lines": 6, "excluded_lines": 12}, "missing_lines": [14, 19, 82, 86, 88, 90], "excluded_lines": [22, 23, 24, 25, 26, 27, 28, 29, 30, 31, 32, 33], "functions": {"CostTracker.record": {"executed_lines": [], "summary": {"covered_lines": 0, "num_statements": 1, "percent_covered": 0.0, "percent_covered_display": "0", "missing_lines": 1, "excluded_lines": 0}, "missing_lines": [14], "excluded_lines": []}, "CostTracker.summary": {"executed_lines": [], "summary": {"covered_lines": 0, "num_statements": 1, "percent_covered": 0.0, "percent_covered_display": "0", "missing_lines": 1, "excluded_lines": 0}, "missing_lines": [19], "excluded_lines": []}, "NoopCostTracker.record": {"executed_lines": [], "summary": {"covered_lines": 0, "num_statements": 0, "percent_covered": 100.0, "percent_covered_display": "100", "missing_lines": 0, "excluded_lines": 3}, "missing_lines": [], "excluded_lines": [26, 27, 28]}, "NoopCostTracker.summary": {"executed_lines": [], "summary": {"covered_lines": 0, "num_statements": 0, "percent_covered": 100.0, "percent_covered_display": "100", "missing_lines": 0, "excluded_lines": 3}, "missing_lines": [], "excluded_lines": [31, 32, 33]}, "FixedPriceCostTracker.__init__": {"executed_lines": [40, 41, 42, 43, 44], "summary": {"covered_lines": 5, "num_statements": 5, "percent_covered": 100.0, "percent_covered_display": "100", "missing_lines": 0, "excluded_lines": 0}, "missing_lines": [], "excluded_lines": []}, "FixedPriceCostTracker.record": {"executed_lines": [49, 50, 51, 53, 55, 56, 57, 59], "summary": {"covered_lines": 8, "num_statements": 8, "percent_covered": 100.0, "percent_covered_display": "100", "missing_lines": 0, "excluded_lines": 0}, "missing_lines": [], "excluded_lines": []}, "FixedPriceCostTracker.summary": {"executed_lines": [68], "summary": {"covered_lines": 1, "num_statements": 1, "percent_covered": 100.0, "percent_covered_display": "100", "missing_lines": 0, "excluded_lines": 0}, "missing_lines": [], "excluded_lines": []}, "FixedPriceCostTracker._extract_usage": {"executed_lines": [78, 79, 80, 81, 83, 84, 85, 87, 89, 91], "summary": {"covered_lines": 10, "num_statements": 14, "percent_covered": 71.42857142857143, "percent_covered_display": "71", "missing_lines": 4, "excluded_lines": 0}, "missing_lines": [82, 86, 88, 90], "excluded_lines": []}, "": {"executed_lines": [1, 3, 5, 8, 9, 11, 16, 22, 23, 25, 30, 36, 37, 39, 46, 65, 74, 75, 97], "summary": {"covered_lines": 12, "num_statements": 12, "percent_covered": 100.0, "percent_covered_display": "100", "missing_lines": 0, "excluded_lines": 6}, "missing_lines": [], "excluded_lines": [22, 23, 24, 25, 29, 30]}}, "classes": {"CostTracker": {"executed_lines": [], "summary": {"covered_lines": 0, "num_statements": 2, "percent_covered": 0.0, "percent_covered_display": "0", "missing_lines": 2, "excluded_lines": 0}, "missing_lines": [14, 19], "excluded_lines": []}, "NoopCostTracker": {"executed_lines": [], "summary": {"covered_lines": 0, "num_statements": 0, "percent_covered": 100.0, "percent_covered_display": "100", "missing_lines": 0, "excluded_lines": 6}, "missing_lines": [], "excluded_lines": [26, 27, 28, 31, 32, 33]}, "FixedPriceCostTracker": {"executed_lines": [40, 41, 42, 43, 44, 49, 50, 51, 53, 55, 56, 57, 59, 68, 78, 79, 80, 81, 83, 84, 85, 87, 89, 91], "summary": {"covered_lines": 24, "num_statements": 28, "percent_covered": 85.71428571428571, "percent_covered_display": "86", "missing_lines": 4, "excluded_lines": 0}, "missing_lines": [82, 86, 88, 90], "excluded_lines": []}, "": {"executed_lines": [1, 3, 5, 8, 9, 11, 16, 22, 23, 25, 30, 36, 37, 39, 46, 65, 74, 75, 97], "summary": {"covered_lines": 12, "num_statements": 12, "percent_covered": 100.0, "percent_covered_display": "100", "missing_lines": 0, "excluded_lines": 6}, "missing_lines": [], "excluded_lines": [22, 23, 24, 25, 29, 30]}}}, "src/elspeth/core/controls/cost_tracker_registry.py": {"executed_lines": [1, 10, 12, 14, 15, 16, 19, 23, 25, 28, 37, 42, 52, 53], "summary": {"covered_lines": 13, "num_statements": 14, "percent_covered": 92.85714285714286, "percent_covered_display": "93", "missing_lines": 1, "excluded_lines": 0}, "missing_lines": [30], "excluded_lines": [], "functions": {"_create_noop_cost_tracker": {"executed_lines": [25], "summary": {"covered_lines": 1, "num_statements": 1, "percent_covered": 100.0, "percent_covered_display": "100", "missing_lines": 0, "excluded_lines": 0}, "missing_lines": [], "excluded_lines": []}, "_create_fixed_price_cost_tracker": {"executed_lines": [], "summary": {"covered_lines": 0, "num_statements": 1, "percent_covered": 0.0, "percent_covered_display": "0", "missing_lines": 1, "excluded_lines": 0}, "missing_lines": [30], "excluded_lines": []}, "": {"executed_lines": [1, 10, 12, 14, 15, 16, 19, 23, 28, 37, 42, 52, 53], "summary": {"covered_lines": 12, "num_statements": 12, "percent_covered": 100.0, "percent_covered_display": "100", "missing_lines": 0, "excluded_lines": 0}, "missing_lines": [], "excluded_lines": []}}, "classes": {"": {"executed_lines": [1, 10, 12, 14, 15, 16, 19, 23, 25, 28, 37, 42, 52, 53], "summary": {"covered_lines": 13, "num_statements": 14, "percent_covered": 92.85714285714286, "percent_covered_display": "93", "missing_lines": 1, "excluded_lines": 0}, "missing_lines": [30], "excluded_lines": []}}}, "src/elspeth/core/controls/rate_limit.py": {"executed_lines": [1, 3, 5, 6, 7, 8, 9, 12, 15, 20, 21, 25, 26, 28, 34, 39, 44, 47, 48, 50, 51, 52, 53, 55, 57, 58, 61, 62, 64, 65, 67, 68, 69, 70, 71, 72, 74, 75, 76, 77, 78, 79, 80, 81, 82, 83, 84, 85, 86, 87, 88, 89, 90, 92, 94, 95, 96, 97, 98, 99, 100, 101, 104, 105, 107, 114, 116, 118, 119, 120, 121, 122, 123, 124, 126, 127, 128, 129, 130, 132, 133, 135, 136, 137, 138, 139, 140, 141, 142, 143, 144, 145, 146, 147, 148, 149, 150, 151, 152, 154, 156, 157, 159, 160, 161, 162, 163, 164, 165, 166, 167, 168, 170, 171, 172, 173, 175, 176, 177, 178, 179, 180, 181, 182, 183, 184, 186, 187, 188, 189, 190, 193, 194, 195, 196, 197, 199, 202], "summary": {"covered_lines": 123, "num_statements": 138, "percent_covered": 89.1304347826087, "percent_covered_display": "89", "missing_lines": 15, "excluded_lines": 18}, "missing_lines": [16, 17, 18, 19, 22, 31, 32, 66, 115, 117, 131, 158, 169, 191, 198], "excluded_lines": [34, 35, 36, 37, 39, 40, 41, 42, 43, 44, 50, 51, 52, 53, 54, 55, 57, 58], "functions": {"_coerce_float": {"executed_lines": [15, 20, 21], "summary": {"covered_lines": 3, "num_statements": 8, "percent_covered": 37.5, "percent_covered_display": "38", "missing_lines": 5, "excluded_lines": 0}, "missing_lines": [16, 17, 18, 19, 22], "excluded_lines": []}, "RateLimiter.acquire": {"executed_lines": [], "summary": {"covered_lines": 0, "num_statements": 2, "percent_covered": 0.0, "percent_covered_display": "0", "missing_lines": 2, "excluded_lines": 0}, "missing_lines": [31, 32], "excluded_lines": []}, "RateLimiter.utilization": {"executed_lines": [], "summary": {"covered_lines": 0, "num_statements": 0, "percent_covered": 100.0, "percent_covered_display": "100", "missing_lines": 0, "excluded_lines": 3}, "missing_lines": [], "excluded_lines": [35, 36, 37]}, "RateLimiter.update_usage": {"executed_lines": [44], "summary": {"covered_lines": 0, "num_statements": 0, "percent_covered": 100.0, "percent_covered_display": "100", "missing_lines": 0, "excluded_lines": 3}, "missing_lines": [], "excluded_lines": [42, 43, 44]}, "NoopRateLimiter.acquire": {"executed_lines": [52, 55], "summary": {"covered_lines": 0, "num_statements": 0, "percent_covered": 100.0, "percent_covered_display": "100", "missing_lines": 0, "excluded_lines": 3}, "missing_lines": [], "excluded_lines": [52, 54, 55]}, "NoopRateLimiter.acquire._cm": {"executed_lines": [53], "summary": {"covered_lines": 0, "num_statements": 0, "percent_covered": 100.0, "percent_covered_display": "100", "missing_lines": 0, "excluded_lines": 1}, "missing_lines": [], "excluded_lines": [53]}, "NoopRateLimiter.utilization": {"executed_lines": [58], "summary": {"covered_lines": 0, "num_statements": 0, "percent_covered": 100.0, "percent_covered_display": "100", "missing_lines": 0, "excluded_lines": 1}, "missing_lines": [], "excluded_lines": [58]}, "FixedWindowRateLimiter.__init__": {"executed_lines": [65, 67, 68, 69, 70, 71, 72], "summary": {"covered_lines": 7, "num_statements": 8, "percent_covered": 87.5, "percent_covered_display": "88", "missing_lines": 1, "excluded_lines": 0}, "missing_lines": [66], "excluded_lines": []}, "FixedWindowRateLimiter.acquire": {"executed_lines": [76, 92], "summary": {"covered_lines": 2, "num_statements": 2, "percent_covered": 100.0, "percent_covered_display": "100", "missing_lines": 0, "excluded_lines": 0}, "missing_lines": [], "excluded_lines": []}, "FixedWindowRateLimiter.acquire._cm": {"executed_lines": [77, 78, 79, 80, 81, 82, 83, 84, 85, 86, 87, 88, 89, 90], "summary": {"covered_lines": 14, "num_statements": 14, "percent_covered": 100.0, "percent_covered_display": "100", "missing_lines": 0, "excluded_lines": 0}, "missing_lines": [], "excluded_lines": []}, "FixedWindowRateLimiter.utilization": {"executed_lines": [95, 96, 97, 98, 99, 100, 101], "summary": {"covered_lines": 7, "num_statements": 7, "percent_covered": 100.0, "percent_covered_display": "100", "missing_lines": 0, "excluded_lines": 0}, "missing_lines": [], "excluded_lines": []}, "AdaptiveRateLimiter.__init__": {"executed_lines": [114, 116, 118, 119, 120, 121, 122, 123, 124], "summary": {"covered_lines": 9, "num_statements": 11, "percent_covered": 81.81818181818181, "percent_covered_display": "82", "missing_lines": 2, "excluded_lines": 0}, "missing_lines": [115, 117], "excluded_lines": []}, "AdaptiveRateLimiter.acquire": {"executed_lines": [127, 128, 129, 130, 132, 133, 135, 136, 154], "summary": {"covered_lines": 9, "num_statements": 10, "percent_covered": 90.0, "percent_covered_display": "90", "missing_lines": 1, "excluded_lines": 0}, "missing_lines": [131], "excluded_lines": []}, "AdaptiveRateLimiter.acquire._cm": {"executed_lines": [137, 138, 139, 140, 141, 142, 143, 144, 145, 146, 147, 148, 149, 150, 151, 152], "summary": {"covered_lines": 16, "num_statements": 16, "percent_covered": 100.0, "percent_covered_display": "100", "missing_lines": 0, "excluded_lines": 0}, "missing_lines": [], "excluded_lines": []}, "AdaptiveRateLimiter.update_usage": {"executed_lines": [157, 159, 160, 161, 162, 163, 164, 165, 166, 167, 168, 170, 171, 172, 173], "summary": {"covered_lines": 15, "num_statements": 17, "percent_covered": 88.23529411764706, "percent_covered_display": "88", "missing_lines": 2, "excluded_lines": 0}, "missing_lines": [158, 169], "excluded_lines": []}, "AdaptiveRateLimiter.utilization": {"executed_lines": [176, 177, 178, 179, 180, 181, 182, 183, 184], "summary": {"covered_lines": 9, "num_statements": 9, "percent_covered": 100.0, "percent_covered_display": "100", "missing_lines": 0, "excluded_lines": 0}, "missing_lines": [], "excluded_lines": []}, "AdaptiveRateLimiter._trim": {"executed_lines": [187, 188, 189, 190], "summary": {"covered_lines": 4, "num_statements": 5, "percent_covered": 80.0, "percent_covered_display": "80", "missing_lines": 1, "excluded_lines": 0}, "missing_lines": [191], "excluded_lines": []}, "AdaptiveRateLimiter._next_available_time": {"executed_lines": [194, 195, 196, 197, 199], "summary": {"covered_lines": 5, "num_statements": 6, "percent_covered": 83.33333333333333, "percent_covered_display": "83", "missing_lines": 1, "excluded_lines": 0}, "missing_lines": [198], "excluded_lines": []}, "": {"executed_lines": [1, 3, 5, 6, 7, 8, 9, 12, 25, 26, 28, 34, 39, 47, 48, 50, 51, 57, 61, 62, 64, 74, 75, 94, 104, 105, 107, 126, 156, 175, 186, 193, 202], "summary": {"covered_lines": 23, "num_statements": 23, "percent_covered": 100.0, "percent_covered_display": "100", "missing_lines": 0, "excluded_lines": 7}, "missing_lines": [], "excluded_lines": [34, 39, 40, 41, 50, 51, 57]}}, "classes": {"RateLimiter": {"executed_lines": [44], "summary": {"covered_lines": 0, "num_statements": 2, "percent_covered": 0.0, "percent_covered_display": "0", "missing_lines": 2, "excluded_lines": 6}, "missing_lines": [31, 32], "excluded_lines": [35, 36, 37, 42, 43, 44]}, "NoopRateLimiter": {"executed_lines": [52, 53, 55, 58], "summary": {"covered_lines": 0, "num_statements": 0, "percent_covered": 100.0, "percent_covered_display": "100", "missing_lines": 0, "excluded_lines": 5}, "missing_lines": [], "excluded_lines": [52, 53, 54, 55, 58]}, "FixedWindowRateLimiter": {"executed_lines": [65, 67, 68, 69, 70, 71, 72, 76, 77, 78, 79, 80, 81, 82, 83, 84, 85, 86, 87, 88, 89, 90, 92, 95, 96, 97, 98, 99, 100, 101], "summary": {"covered_lines": 30, "num_statements": 31, "percent_covered": 96.7741935483871, "percent_covered_display": "97", "missing_lines": 1, "excluded_lines": 0}, "missing_lines": [66], "excluded_lines": []}, "AdaptiveRateLimiter": {"executed_lines": [114, 116, 118, 119, 120, 121, 122, 123, 124, 127, 128, 129, 130, 132, 133, 135, 136, 137, 138, 139, 140, 141, 142, 143, 144, 145, 146, 147, 148, 149, 150, 151, 152, 154, 157, 159, 160, 161, 162, 163, 164, 165, 166, 167, 168, 170, 171, 172, 173, 176, 177, 178, 179, 180, 181, 182, 183, 184, 187, 188, 189, 190, 194, 195, 196, 197, 199], "summary": {"covered_lines": 67, "num_statements": 74, "percent_covered": 90.54054054054055, "percent_covered_display": "91", "missing_lines": 7, "excluded_lines": 0}, "missing_lines": [115, 117, 131, 158, 169, 191, 198], "excluded_lines": []}, "": {"executed_lines": [1, 3, 5, 6, 7, 8, 9, 12, 15, 20, 21, 25, 26, 28, 34, 39, 47, 48, 50, 51, 57, 61, 62, 64, 74, 75, 94, 104, 105, 107, 126, 156, 175, 186, 193, 202], "summary": {"covered_lines": 26, "num_statements": 31, "percent_covered": 83.87096774193549, "percent_covered_display": "84", "missing_lines": 5, "excluded_lines": 7}, "missing_lines": [16, 17, 18, 19, 22], "excluded_lines": [34, 39, 40, 41, 50, 51, 57]}}}, "src/elspeth/core/controls/rate_limiter_registry.py": {"executed_lines": [1, 10, 12, 14, 20, 21, 24, 28, 30, 33, 41, 55, 60, 69, 81, 82, 83], "summary": {"covered_lines": 16, "num_statements": 22, "percent_covered": 72.72727272727273, "percent_covered_display": "73", "missing_lines": 6, "excluded_lines": 0}, "missing_lines": [35, 43, 44, 45, 46, 47], "excluded_lines": [], "functions": {"_create_noop_rate_limiter": {"executed_lines": [30], "summary": {"covered_lines": 1, "num_statements": 1, "percent_covered": 100.0, "percent_covered_display": "100", "missing_lines": 0, "excluded_lines": 0}, "missing_lines": [], "excluded_lines": []}, "_create_fixed_window_rate_limiter": {"executed_lines": [], "summary": {"covered_lines": 0, "num_statements": 1, "percent_covered": 0.0, "percent_covered_display": "0", "missing_lines": 1, "excluded_lines": 0}, "missing_lines": [35], "excluded_lines": []}, "_create_adaptive_rate_limiter": {"executed_lines": [], "summary": {"covered_lines": 0, "num_statements": 5, "percent_covered": 0.0, "percent_covered_display": "0", "missing_lines": 5, "excluded_lines": 0}, "missing_lines": [43, 44, 45, 46, 47], "excluded_lines": []}, "": {"executed_lines": [1, 10, 12, 14, 20, 21, 24, 28, 33, 41, 55, 60, 69, 81, 82, 83], "summary": {"covered_lines": 15, "num_statements": 15, "percent_covered": 100.0, "percent_covered_display": "100", "missing_lines": 0, "excluded_lines": 0}, "missing_lines": [], "excluded_lines": []}}, "classes": {"": {"executed_lines": [1, 10, 12, 14, 20, 21, 24, 28, 30, 33, 41, 55, 60, 69, 81, 82, 83], "summary": {"covered_lines": 16, "num_statements": 22, "percent_covered": 72.72727272727273, "percent_covered_display": "73", "missing_lines": 6, "excluded_lines": 0}, "missing_lines": [35, 43, 44, 45, 46, 47], "excluded_lines": []}}}, "src/elspeth/core/controls/registry.py": {"executed_lines": [1, 13, 15, 16, 18, 19, 20, 22, 23, 24, 25, 28, 35, 37, 45, 48, 55, 57, 65, 68, 80, 82, 92, 104, 106, 116, 122, 123, 125, 126, 129, 131, 133, 137, 138, 139, 140, 143, 144, 145, 147, 148, 149, 152, 155, 161, 162, 164, 165, 168, 170, 172, 176, 177, 182, 183, 184, 186, 187, 196, 197, 200], "summary": {"covered_lines": 61, "num_statements": 77, "percent_covered": 79.22077922077922, "percent_covered_display": "79", "missing_lines": 16, "excluded_lines": 0}, "missing_lines": [39, 40, 42, 59, 60, 62, 127, 132, 134, 166, 171, 173, 178, 179, 188, 191], "excluded_lines": [], "functions": {"register_rate_limiter": {"executed_lines": [35, 37, 45], "summary": {"covered_lines": 3, "num_statements": 5, "percent_covered": 60.0, "percent_covered_display": "60", "missing_lines": 2, "excluded_lines": 0}, "missing_lines": [39, 42], "excluded_lines": []}, "register_rate_limiter._wrapped": {"executed_lines": [], "summary": {"covered_lines": 0, "num_statements": 1, "percent_covered": 0.0, "percent_covered_display": "0", "missing_lines": 1, "excluded_lines": 0}, "missing_lines": [40], "excluded_lines": []}, "register_cost_tracker": {"executed_lines": [55, 57, 65], "summary": {"covered_lines": 3, "num_statements": 5, "percent_covered": 60.0, "percent_covered_display": "60", "missing_lines": 2, "excluded_lines": 0}, "missing_lines": [59, 62], "excluded_lines": []}, "register_cost_tracker._wrapped": {"executed_lines": [], "summary": {"covered_lines": 0, "num_statements": 1, "percent_covered": 0.0, "percent_covered_display": "0", "missing_lines": 1, "excluded_lines": 0}, "missing_lines": [60], "excluded_lines": []}, "create_rate_limiter": {"executed_lines": [80, 82], "summary": {"covered_lines": 2, "num_statements": 2, "percent_covered": 100.0, "percent_covered_display": "100", "missing_lines": 0, "excluded_lines": 0}, "missing_lines": [], "excluded_lines": []}, "create_cost_tracker": {"executed_lines": [104, 106], "summary": {"covered_lines": 2, "num_statements": 2, "percent_covered": 100.0, "percent_covered_display": "100", "missing_lines": 0, "excluded_lines": 0}, "missing_lines": [], "excluded_lines": []}, "validate_rate_limiter": {"executed_lines": [122, 123, 125, 126, 129, 131, 133, 137, 138, 139, 140, 143, 144, 145, 147, 148, 149, 152], "summary": {"covered_lines": 18, "num_statements": 21, "percent_covered": 85.71428571428571, "percent_covered_display": "86", "missing_lines": 3, "excluded_lines": 0}, "missing_lines": [127, 132, 134], "excluded_lines": []}, "validate_cost_tracker": {"executed_lines": [161, 162, 164, 165, 168, 170, 172, 176, 177, 182, 183, 184, 186, 187], "summary": {"covered_lines": 14, "num_statements": 21, "percent_covered": 66.66666666666667, "percent_covered_display": "67", "missing_lines": 7, "excluded_lines": 0}, "missing_lines": [166, 171, 173, 178, 179, 188, 191], "excluded_lines": []}, "": {"executed_lines": [1, 13, 15, 16, 18, 19, 20, 22, 23, 24, 25, 28, 48, 68, 92, 116, 155, 196, 197, 200], "summary": {"covered_lines": 19, "num_statements": 19, "percent_covered": 100.0, "percent_covered_display": "100", "missing_lines": 0, "excluded_lines": 0}, "missing_lines": [], "excluded_lines": []}}, "classes": {"": {"executed_lines": [1, 13, 15, 16, 18, 19, 20, 22, 23, 24, 25, 28, 35, 37, 45, 48, 55, 57, 65, 68, 80, 82, 92, 104, 106, 116, 122, 123, 125, 126, 129, 131, 133, 137, 138, 139, 140, 143, 144, 145, 147, 148, 149, 152, 155, 161, 162, 164, 165, 168, 170, 172, 176, 177, 182, 183, 184, 186, 187, 196, 197, 200], "summary": {"covered_lines": 61, "num_statements": 77, "percent_covered": 79.22077922077922, "percent_covered_display": "79", "missing_lines": 16, "excluded_lines": 0}, "missing_lines": [39, 40, 42, 59, 60, 62, 127, 132, 134, 166, 171, 173, 178, 179, 188, 191], "excluded_lines": []}}}, "src/elspeth/core/datasource_registry.py": {"executed_lines": [1, 8, 10, 12, 13, 14, 15, 16, 19, 27, 29, 32, 34, 37, 39, 46, 62, 78, 99, 105, 111, 122], "summary": {"covered_lines": 21, "num_statements": 21, "percent_covered": 100.0, "percent_covered_display": "100", "missing_lines": 0, "excluded_lines": 0}, "missing_lines": [], "excluded_lines": [], "functions": {"_create_blob_datasource": {"executed_lines": [29], "summary": {"covered_lines": 1, "num_statements": 1, "percent_covered": 100.0, "percent_covered_display": "100", "missing_lines": 0, "excluded_lines": 0}, "missing_lines": [], "excluded_lines": []}, "_create_csv_blob_datasource": {"executed_lines": [34], "summary": {"covered_lines": 1, "num_statements": 1, "percent_covered": 100.0, "percent_covered_display": "100", "missing_lines": 0, "excluded_lines": 0}, "missing_lines": [], "excluded_lines": []}, "_create_csv_datasource": {"executed_lines": [39], "summary": {"covered_lines": 1, "num_statements": 1, "percent_covered": 100.0, "percent_covered_display": "100", "missing_lines": 0, "excluded_lines": 0}, "missing_lines": [], "excluded_lines": []}, "": {"executed_lines": [1, 8, 10, 12, 13, 14, 15, 16, 19, 27, 32, 37, 46, 62, 78, 99, 105, 111, 122], "summary": {"covered_lines": 18, "num_statements": 18, "percent_covered": 100.0, "percent_covered_display": "100", "missing_lines": 0, "excluded_lines": 0}, "missing_lines": [], "excluded_lines": []}}, "classes": {"": {"executed_lines": [1, 8, 10, 12, 13, 14, 15, 16, 19, 27, 29, 32, 34, 37, 39, 46, 62, 78, 99, 105, 111, 122], "summary": {"covered_lines": 21, "num_statements": 21, "percent_covered": 100.0, "percent_covered_display": "100", "missing_lines": 0, "excluded_lines": 0}, "missing_lines": [], "excluded_lines": []}}}, "src/elspeth/core/experiments/__init__.py": {"executed_lines": [1, 3, 4, 5, 6, 8], "summary": {"covered_lines": 5, "num_statements": 5, "percent_covered": 100.0, "percent_covered_display": "100", "missing_lines": 0, "excluded_lines": 0}, "missing_lines": [], "excluded_lines": [], "functions": {"": {"executed_lines": [1, 3, 4, 5, 6, 8], "summary": {"covered_lines": 5, "num_statements": 5, "percent_covered": 100.0, "percent_covered_display": "100", "missing_lines": 0, "excluded_lines": 0}, "missing_lines": [], "excluded_lines": []}}, "classes": {"": {"executed_lines": [1, 3, 4, 5, 6, 8], "summary": {"covered_lines": 5, "num_statements": 5, "percent_covered": 100.0, "percent_covered_display": "100", "missing_lines": 0, "excluded_lines": 0}, "missing_lines": [], "excluded_lines": []}}}, "src/elspeth/core/experiments/aggregation_plugin_registry.py": {"executed_lines": [1, 10, 12, 14, 15, 18, 22, 23, 25, 27, 31, 37], "summary": {"covered_lines": 9, "num_statements": 10, "percent_covered": 90.0, "percent_covered_display": "90", "missing_lines": 1, "excluded_lines": 3}, "missing_lines": [33], "excluded_lines": [27, 28, 29], "functions": {"_NoopAggPlugin.finalize": {"executed_lines": [], "summary": {"covered_lines": 0, "num_statements": 0, "percent_covered": 100.0, "percent_covered_display": "100", "missing_lines": 0, "excluded_lines": 2}, "missing_lines": [], "excluded_lines": [28, 29]}, "_NoopAggPlugin.input_schema": {"executed_lines": [], "summary": {"covered_lines": 0, "num_statements": 1, "percent_covered": 0.0, "percent_covered_display": "0", "missing_lines": 1, "excluded_lines": 0}, "missing_lines": [33], "excluded_lines": []}, "": {"executed_lines": [1, 10, 12, 14, 15, 18, 22, 23, 25, 27, 31, 37], "summary": {"covered_lines": 9, "num_statements": 9, "percent_covered": 100.0, "percent_covered_display": "100", "missing_lines": 0, "excluded_lines": 1}, "missing_lines": [], "excluded_lines": [27]}}, "classes": {"_NoopAggPlugin": {"executed_lines": [], "summary": {"covered_lines": 0, "num_statements": 1, "percent_covered": 0.0, "percent_covered_display": "0", "missing_lines": 1, "excluded_lines": 2}, "missing_lines": [33], "excluded_lines": [28, 29]}, "": {"executed_lines": [1, 10, 12, 14, 15, 18, 22, 23, 25, 27, 31, 37], "summary": {"covered_lines": 9, "num_statements": 9, "percent_covered": 100.0, "percent_covered_display": "100", "missing_lines": 0, "excluded_lines": 1}, "missing_lines": [], "excluded_lines": [27]}}}, "src/elspeth/core/experiments/baseline_plugin_registry.py": {"executed_lines": [1, 10, 12, 14, 15, 18, 22, 23, 25, 27, 33, 34, 36, 37, 38, 40, 42, 43, 44, 48, 54], "summary": {"covered_lines": 17, "num_statements": 17, "percent_covered": 100.0, "percent_covered_display": "100", "missing_lines": 0, "excluded_lines": 3}, "missing_lines": [], "excluded_lines": [27, 28, 29], "functions": {"_NoopBaselinePlugin.compare": {"executed_lines": [], "summary": {"covered_lines": 0, "num_statements": 0, "percent_covered": 100.0, "percent_covered_display": "100", "missing_lines": 0, "excluded_lines": 2}, "missing_lines": [], "excluded_lines": [28, 29]}, "_RowCountBaselinePlugin.__init__": {"executed_lines": [37, 38], "summary": {"covered_lines": 2, "num_statements": 2, "percent_covered": 100.0, "percent_covered_display": "100", "missing_lines": 0, "excluded_lines": 0}, "missing_lines": [], "excluded_lines": []}, "_RowCountBaselinePlugin.compare": {"executed_lines": [42, 43, 44], "summary": {"covered_lines": 3, "num_statements": 3, "percent_covered": 100.0, "percent_covered_display": "100", "missing_lines": 0, "excluded_lines": 0}, "missing_lines": [], "excluded_lines": []}, "": {"executed_lines": [1, 10, 12, 14, 15, 18, 22, 23, 25, 27, 33, 34, 36, 40, 48, 54], "summary": {"covered_lines": 12, "num_statements": 12, "percent_covered": 100.0, "percent_covered_display": "100", "missing_lines": 0, "excluded_lines": 1}, "missing_lines": [], "excluded_lines": [27]}}, "classes": {"_NoopBaselinePlugin": {"executed_lines": [], "summary": {"covered_lines": 0, "num_statements": 0, "percent_covered": 100.0, "percent_covered_display": "100", "missing_lines": 0, "excluded_lines": 2}, "missing_lines": [], "excluded_lines": [28, 29]}, "_RowCountBaselinePlugin": {"executed_lines": [37, 38, 42, 43, 44], "summary": {"covered_lines": 5, "num_statements": 5, "percent_covered": 100.0, "percent_covered_display": "100", "missing_lines": 0, "excluded_lines": 0}, "missing_lines": [], "excluded_lines": []}, "": {"executed_lines": [1, 10, 12, 14, 15, 18, 22, 23, 25, 27, 33, 34, 36, 40, 48, 54], "summary": {"covered_lines": 12, "num_statements": 12, "percent_covered": 100.0, "percent_covered_display": "100", "missing_lines": 0, "excluded_lines": 1}, "missing_lines": [], "excluded_lines": [27]}}}, "src/elspeth/core/experiments/config.py": {"executed_lines": [1, 3, 5, 6, 7, 9, 11, 12, 13, 15, 16, 17, 18, 21, 22, 29, 30, 31, 34, 35, 38, 39, 40, 41, 42, 45, 46, 47, 48, 51, 52, 53, 54, 55, 56, 57, 60, 61, 64, 65, 66, 67, 68, 71, 73, 84, 85, 86, 88, 90, 92, 93, 94, 96, 98, 100, 101, 111, 112, 115, 116, 120, 123, 124, 125, 126, 128, 129, 130, 131, 134, 135, 139, 172, 174, 181, 184, 191, 194, 196, 198, 208, 209, 210, 211, 212, 213, 214, 221, 224, 235, 236, 242, 243, 244, 246, 252, 253, 259, 260, 262, 263, 264, 266, 267, 268, 269, 270, 272, 273, 276], "summary": {"covered_lines": 108, "num_statements": 114, "percent_covered": 94.73684210526316, "percent_covered_display": "95", "missing_lines": 6, "excluded_lines": 0}, "missing_lines": [89, 97, 117, 118, 136, 265], "excluded_lines": [], "functions": {"ExperimentConfig.validate_temperature": {"executed_lines": [88, 90], "summary": {"covered_lines": 2, "num_statements": 3, "percent_covered": 66.66666666666667, "percent_covered_display": "67", "missing_lines": 1, "excluded_lines": 0}, "missing_lines": [89], "excluded_lines": []}, "ExperimentConfig.validate_max_tokens": {"executed_lines": [96, 98], "summary": {"covered_lines": 2, "num_statements": 3, "percent_covered": 66.66666666666667, "percent_covered_display": "67", "missing_lines": 1, "excluded_lines": 0}, "missing_lines": [97], "excluded_lines": []}, "ExperimentConfig.from_file": {"executed_lines": [111, 112, 115, 116, 120, 123, 124, 125, 126, 128, 129, 130, 131, 134, 135, 139, 172], "summary": {"covered_lines": 17, "num_statements": 20, "percent_covered": 85.0, "percent_covered_display": "85", "missing_lines": 3, "excluded_lines": 0}, "missing_lines": [117, 118, 136], "excluded_lines": []}, "ExperimentConfig.to_export_dict": {"executed_lines": [181, 184, 191, 194, 196], "summary": {"covered_lines": 5, "num_statements": 5, "percent_covered": 100.0, "percent_covered_display": "100", "missing_lines": 0, "excluded_lines": 0}, "missing_lines": [], "excluded_lines": []}, "ExperimentConfig.estimated_cost": {"executed_lines": [208, 209, 210, 211, 212, 213, 214], "summary": {"covered_lines": 7, "num_statements": 7, "percent_covered": 100.0, "percent_covered_display": "100", "missing_lines": 0, "excluded_lines": 0}, "missing_lines": [], "excluded_lines": []}, "ExperimentConfig.summary": {"executed_lines": [224], "summary": {"covered_lines": 1, "num_statements": 1, "percent_covered": 100.0, "percent_covered_display": "100", "missing_lines": 0, "excluded_lines": 0}, "missing_lines": [], "excluded_lines": []}, "ExperimentSuite.load": {"executed_lines": [259, 260, 262, 263, 264, 266, 267, 268, 269, 270, 272, 273, 276], "summary": {"covered_lines": 13, "num_statements": 14, "percent_covered": 92.85714285714286, "percent_covered_display": "93", "missing_lines": 1, "excluded_lines": 0}, "missing_lines": [265], "excluded_lines": []}, "": {"executed_lines": [1, 3, 5, 6, 7, 9, 11, 12, 13, 15, 16, 17, 18, 21, 22, 29, 30, 31, 34, 35, 38, 39, 40, 41, 42, 45, 46, 47, 48, 51, 52, 53, 54, 55, 56, 57, 60, 61, 64, 65, 66, 67, 68, 71, 73, 84, 85, 86, 92, 93, 94, 100, 101, 174, 198, 221, 235, 236, 242, 243, 244, 246, 252, 253], "summary": {"covered_lines": 61, "num_statements": 61, "percent_covered": 100.0, "percent_covered_display": "100", "missing_lines": 0, "excluded_lines": 0}, "missing_lines": [], "excluded_lines": []}}, "classes": {"ExperimentConfig": {"executed_lines": [88, 90, 96, 98, 111, 112, 115, 116, 120, 123, 124, 125, 126, 128, 129, 130, 131, 134, 135, 139, 172, 181, 184, 191, 194, 196, 208, 209, 210, 211, 212, 213, 214, 224], "summary": {"covered_lines": 34, "num_statements": 39, "percent_covered": 87.17948717948718, "percent_covered_display": "87", "missing_lines": 5, "excluded_lines": 0}, "missing_lines": [89, 97, 117, 118, 136], "excluded_lines": []}, "ExperimentSuite": {"executed_lines": [259, 260, 262, 263, 264, 266, 267, 268, 269, 270, 272, 273, 276], "summary": {"covered_lines": 13, "num_statements": 14, "percent_covered": 92.85714285714286, "percent_covered_display": "93", "missing_lines": 1, "excluded_lines": 0}, "missing_lines": [265], "excluded_lines": []}, "": {"executed_lines": [1, 3, 5, 6, 7, 9, 11, 12, 13, 15, 16, 17, 18, 21, 22, 29, 30, 31, 34, 35, 38, 39, 40, 41, 42, 45, 46, 47, 48, 51, 52, 53, 54, 55, 56, 57, 60, 61, 64, 65, 66, 67, 68, 71, 73, 84, 85, 86, 92, 93, 94, 100, 101, 174, 198, 221, 235, 236, 242, 243, 244, 246, 252, 253], "summary": {"covered_lines": 61, "num_statements": 61, "percent_covered": 100.0, "percent_covered_display": "100", "missing_lines": 0, "excluded_lines": 0}, "missing_lines": [], "excluded_lines": []}}}, "src/elspeth/core/experiments/config_merger.py": {"executed_lines": [1, 12, 14, 16, 18, 21, 22, 39, 52, 53, 54, 56, 84, 87, 88, 89, 90, 91, 93, 94, 97, 98, 99, 100, 108, 109, 110, 111, 113, 115, 117, 139, 142, 143, 144, 145, 146, 149, 150, 151, 152, 153, 154, 157, 158, 161, 163, 192, 195, 197, 200, 201, 202, 203, 205, 208, 209, 210, 212, 215, 217, 245, 249, 252, 255, 260, 261, 262, 264, 267], "summary": {"covered_lines": 68, "num_statements": 78, "percent_covered": 87.17948717948718, "percent_covered_display": "87", "missing_lines": 10, "excluded_lines": 0}, "missing_lines": [92, 101, 102, 103, 104, 105, 112, 159, 247, 257], "excluded_lines": [], "functions": {"ConfigMerger.__init__": {"executed_lines": [52, 53, 54], "summary": {"covered_lines": 3, "num_statements": 3, "percent_covered": 100.0, "percent_covered_display": "100", "missing_lines": 0, "excluded_lines": 0}, "missing_lines": [], "excluded_lines": []}, "ConfigMerger.merge_list": {"executed_lines": [84, 87, 88, 89, 90, 91, 93, 94, 97, 98, 99, 100, 108, 109, 110, 111, 113, 115], "summary": {"covered_lines": 18, "num_statements": 25, "percent_covered": 72.0, "percent_covered_display": "72", "missing_lines": 7, "excluded_lines": 0}, "missing_lines": [92, 101, 102, 103, 104, 105, 112], "excluded_lines": []}, "ConfigMerger.merge_dict": {"executed_lines": [139, 142, 143, 144, 145, 146, 149, 150, 151, 152, 153, 154, 157, 158, 161], "summary": {"covered_lines": 15, "num_statements": 16, "percent_covered": 93.75, "percent_covered_display": "94", "missing_lines": 1, "excluded_lines": 0}, "missing_lines": [159], "excluded_lines": []}, "ConfigMerger.merge_scalar": {"executed_lines": [192, 195, 197, 200, 201, 202, 203, 205, 208, 209, 210, 212, 215], "summary": {"covered_lines": 13, "num_statements": 13, "percent_covered": 100.0, "percent_covered_display": "100", "missing_lines": 0, "excluded_lines": 0}, "missing_lines": [], "excluded_lines": []}, "ConfigMerger.merge_plugin_definitions": {"executed_lines": [245, 249, 252, 255, 260, 261, 262, 264], "summary": {"covered_lines": 8, "num_statements": 10, "percent_covered": 80.0, "percent_covered_display": "80", "missing_lines": 2, "excluded_lines": 0}, "missing_lines": [247, 257], "excluded_lines": []}, "": {"executed_lines": [1, 12, 14, 16, 18, 21, 22, 39, 56, 117, 163, 217, 267], "summary": {"covered_lines": 11, "num_statements": 11, "percent_covered": 100.0, "percent_covered_display": "100", "missing_lines": 0, "excluded_lines": 0}, "missing_lines": [], "excluded_lines": []}}, "classes": {"ConfigMerger": {"executed_lines": [52, 53, 54, 84, 87, 88, 89, 90, 91, 93, 94, 97, 98, 99, 100, 108, 109, 110, 111, 113, 115, 139, 142, 143, 144, 145, 146, 149, 150, 151, 152, 153, 154, 157, 158, 161, 192, 195, 197, 200, 201, 202, 203, 205, 208, 209, 210, 212, 215, 245, 249, 252, 255, 260, 261, 262, 264], "summary": {"covered_lines": 57, "num_statements": 67, "percent_covered": 85.07462686567165, "percent_covered_display": "85", "missing_lines": 10, "excluded_lines": 0}, "missing_lines": [92, 101, 102, 103, 104, 105, 112, 159, 247, 257], "excluded_lines": []}, "": {"executed_lines": [1, 12, 14, 16, 18, 21, 22, 39, 56, 117, 163, 217, 267], "summary": {"covered_lines": 11, "num_statements": 11, "percent_covered": 100.0, "percent_covered_display": "100", "missing_lines": 0, "excluded_lines": 0}, "missing_lines": [], "excluded_lines": []}}}, "src/elspeth/core/experiments/early_stop_plugin_registry.py": {"executed_lines": [1, 10, 12, 13, 16], "summary": {"covered_lines": 4, "num_statements": 4, "percent_covered": 100.0, "percent_covered_display": "100", "missing_lines": 0, "excluded_lines": 0}, "missing_lines": [], "excluded_lines": [], "functions": {"": {"executed_lines": [1, 10, 12, 13, 16], "summary": {"covered_lines": 4, "num_statements": 4, "percent_covered": 100.0, "percent_covered_display": "100", "missing_lines": 0, "excluded_lines": 0}, "missing_lines": [], "excluded_lines": []}}, "classes": {"": {"executed_lines": [1, 10, 12, 13, 16], "summary": {"covered_lines": 4, "num_statements": 4, "percent_covered": 100.0, "percent_covered_display": "100", "missing_lines": 0, "excluded_lines": 0}, "missing_lines": [], "excluded_lines": []}}}, "src/elspeth/core/experiments/plugin_registry.py": {"executed_lines": [1, 15, 17, 18, 19, 21, 22, 23, 24, 31, 32, 33, 34, 35, 40, 50, 53, 63, 66, 76, 79, 89, 92, 102, 108, 118, 120, 121, 131, 132, 133, 135, 136, 137, 141, 151, 153, 162, 163, 166, 176, 178, 187, 188, 191, 201, 203, 212, 213, 216, 226, 228, 237, 238, 244, 249, 252, 253, 256, 258, 260, 264, 265, 269, 270, 271, 273, 274, 275, 279, 284, 287, 288, 291, 293, 295, 298, 299, 303, 304, 305, 307, 308, 313, 318, 321, 322, 325, 327, 329, 332, 333, 337, 338, 339, 341, 342, 347, 381, 418, 420, 421, 422, 423, 424, 425, 428, 430, 432, 433, 434, 437, 439, 440, 442, 443, 444, 445, 447, 448, 449, 450, 451, 453, 459, 461, 462, 467, 470], "summary": {"covered_lines": 126, "num_statements": 196, "percent_covered": 64.28571428571429, "percent_covered_display": "64", "missing_lines": 70, "excluded_lines": 2}, "missing_lines": [138, 250, 254, 259, 261, 266, 267, 276, 285, 289, 294, 296, 300, 301, 309, 310, 319, 323, 328, 330, 334, 335, 343, 344, 352, 353, 355, 356, 357, 359, 361, 362, 363, 364, 366, 367, 368, 369, 371, 372, 373, 375, 376, 377, 378, 386, 387, 389, 390, 391, 393, 395, 396, 397, 398, 400, 401, 402, 403, 405, 406, 407, 409, 410, 411, 412, 431, 446, 463, 464], "excluded_lines": [461, 462], "functions": {"register_row_plugin": {"executed_lines": [50], "summary": {"covered_lines": 1, "num_statements": 1, "percent_covered": 100.0, "percent_covered_display": "100", "missing_lines": 0, "excluded_lines": 0}, "missing_lines": [], "excluded_lines": []}, "register_aggregation_plugin": {"executed_lines": [63], "summary": {"covered_lines": 1, "num_statements": 1, "percent_covered": 100.0, "percent_covered_display": "100", "missing_lines": 0, "excluded_lines": 0}, "missing_lines": [], "excluded_lines": []}, "register_baseline_plugin": {"executed_lines": [76], "summary": {"covered_lines": 1, "num_statements": 1, "percent_covered": 100.0, "percent_covered_display": "100", "missing_lines": 0, "excluded_lines": 0}, "missing_lines": [], "excluded_lines": []}, "register_validation_plugin": {"executed_lines": [89], "summary": {"covered_lines": 1, "num_statements": 1, "percent_covered": 100.0, "percent_covered_display": "100", "missing_lines": 0, "excluded_lines": 0}, "missing_lines": [], "excluded_lines": []}, "register_early_stop_plugin": {"executed_lines": [102], "summary": {"covered_lines": 1, "num_statements": 1, "percent_covered": 100.0, "percent_covered_display": "100", "missing_lines": 0, "excluded_lines": 0}, "missing_lines": [], "excluded_lines": []}, "create_row_plugin": {"executed_lines": [118, 120, 121, 131, 132, 133, 135, 136, 137], "summary": {"covered_lines": 9, "num_statements": 10, "percent_covered": 90.0, "percent_covered_display": "90", "missing_lines": 1, "excluded_lines": 0}, "missing_lines": [138], "excluded_lines": []}, "create_aggregation_plugin": {"executed_lines": [151, 153, 162, 163], "summary": {"covered_lines": 4, "num_statements": 4, "percent_covered": 100.0, "percent_covered_display": "100", "missing_lines": 0, "excluded_lines": 0}, "missing_lines": [], "excluded_lines": []}, "create_baseline_plugin": {"executed_lines": [176, 178, 187, 188], "summary": {"covered_lines": 4, "num_statements": 4, "percent_covered": 100.0, "percent_covered_display": "100", "missing_lines": 0, "excluded_lines": 0}, "missing_lines": [], "excluded_lines": []}, "create_validation_plugin": {"executed_lines": [201, 203, 212, 213], "summary": {"covered_lines": 4, "num_statements": 4, "percent_covered": 100.0, "percent_covered_display": "100", "missing_lines": 0, "excluded_lines": 0}, "missing_lines": [], "excluded_lines": []}, "create_early_stop_plugin": {"executed_lines": [226, 228, 237, 238], "summary": {"covered_lines": 4, "num_statements": 4, "percent_covered": 100.0, "percent_covered_display": "100", "missing_lines": 0, "excluded_lines": 0}, "missing_lines": [], "excluded_lines": []}, "validate_row_plugin_definition": {"executed_lines": [249, 252, 253, 256, 258, 260, 264, 265, 269, 270, 271, 273, 274, 275], "summary": {"covered_lines": 14, "num_statements": 21, "percent_covered": 66.66666666666667, "percent_covered_display": "67", "missing_lines": 7, "excluded_lines": 0}, "missing_lines": [250, 254, 259, 261, 266, 267, 276], "excluded_lines": []}, "validate_aggregation_plugin_definition": {"executed_lines": [284, 287, 288, 291, 293, 295, 298, 299, 303, 304, 305, 307, 308], "summary": {"covered_lines": 13, "num_statements": 21, "percent_covered": 61.904761904761905, "percent_covered_display": "62", "missing_lines": 8, "excluded_lines": 0}, "missing_lines": [285, 289, 294, 296, 300, 301, 309, 310], "excluded_lines": []}, "validate_baseline_plugin_definition": {"executed_lines": [318, 321, 322, 325, 327, 329, 332, 333, 337, 338, 339, 341, 342], "summary": {"covered_lines": 13, "num_statements": 21, "percent_covered": 61.904761904761905, "percent_covered_display": "62", "missing_lines": 8, "excluded_lines": 0}, "missing_lines": [319, 323, 328, 330, 334, 335, 343, 344], "excluded_lines": []}, "validate_validation_plugin_definition": {"executed_lines": [], "summary": {"covered_lines": 0, "num_statements": 21, "percent_covered": 0.0, 
[...]
 8, 9, 10, 11, 13, 15, 18, 19, 21, 23, 55, 112, 131, 142, 168, 176, 189, 196, 197, 198, 199, 200, 201, 203, 206, 261], "summary": {"covered_lines": 28, "num_statements": 29, "percent_covered": 96.55172413793103, "percent_covered_display": "97", "missing_lines": 1, "excluded_lines": 0}, "missing_lines": [202], "excluded_lines": []}}}, "src/elspeth/retrieval/__init__.py": {"executed_lines": [1, 3, 4, 6], "summary": {"covered_lines": 3, "num_statements": 3, "percent_covered": 100.0, "percent_covered_display": "100", "missing_lines": 0, "excluded_lines": 0}, "missing_lines": [], "excluded_lines": [], "functions": {"": {"executed_lines": [1, 3, 4, 6], "summary": {"covered_lines": 3, "num_statements": 3, "percent_covered": 100.0, "percent_covered_display": "100", "missing_lines": 0, "excluded_lines": 0}, "missing_lines": [], "excluded_lines": []}}, "classes": {"": {"executed_lines": [1, 3, 4, 6], "summary": {"covered_lines": 3, "num_statements": 3, "percent_covered": 100.0, "percent_covered_display": "100", "missing_lines": 0, "excluded_lines": 0}, "missing_lines": [], "excluded_lines": []}}}, "src/elspeth/retrieval/embedding.py": {"executed_lines": [1, 3, 5, 6, 8, 11, 12, 14, 18, 19, 21, 22, 23, 27, 28, 29, 30, 31, 33, 34, 35, 38, 39, 41, 49, 50, 54, 55, 56, 58, 59, 62, 64, 69, 71, 72, 73], "summary": {"covered_lines": 32, "num_statements": 33, "percent_covered": 96.96969696969697, "percent_covered_display": "97", "missing_lines": 1, "excluded_lines": 6}, "missing_lines": [60], "excluded_lines": [14, 15, 24, 25, 51, 52], "functions": {"Embedder.embed": {"executed_lines": [], "summary": {"covered_lines": 0, "num_statements": 0, "percent_covered": 100.0, "percent_covered_display": "100", "missing_lines": 0, "excluded_lines": 1}, "missing_lines": [], "excluded_lines": [15]}, "OpenAIEmbedder.__init__": {"executed_lines": [22, 23, 27, 28, 29, 30, 31], "summary": {"covered_lines": 7, "num_statements": 7, "percent_covered": 100.0, "percent_covered_display": "100", "missing_lines": 0, "excluded_lines": 2}, "missing_lines": [], "excluded_lines": [24, 25]}, "OpenAIEmbedder.embed": {"executed_lines": [34, 35], "summary": {"covered_lines": 2, "num_statements": 2, "percent_covered": 100.0, "percent_covered_display": "100", "missing_lines": 0, "excluded_lines": 0}, "missing_lines": [], "excluded_lines": []}, "AzureOpenAIEmbedder.__init__": {"executed_lines": [49, 50, 54, 55, 56, 58, 59, 62, 64, 69], "summary": {"covered_lines": 10, "num_statements": 11, "percent_covered": 90.9090909090909, "percent_covered_display": "91", "missing_lines": 1, "excluded_lines": 2}, "missing_lines": [60], "excluded_lines": [51, 52]}, "AzureOpenAIEmbedder.embed": {"executed_lines": [72, 73], "summary": {"covered_lines": 2, "num_statements": 2, "percent_covered": 100.0, "percent_covered_display": "100", "missing_lines": 0, "excluded_lines": 0}, "missing_lines": [], "excluded_lines": []}, "": {"executed_lines": [1, 3, 5, 6, 8, 11, 12, 14, 18, 19, 21, 33, 38, 39, 41, 71], "summary": {"covered_lines": 11, "num_statements": 11, "percent_covered": 100.0, "percent_covered_display": "100", "missing_lines": 0, "excluded_lines": 1}, "missing_lines": [], "excluded_lines": [14]}}, "classes": {"Embedder": {"executed_lines": [], "summary": {"covered_lines": 0, "num_statements": 0, "percent_covered": 100.0, "percent_covered_display": "100", "missing_lines": 0, "excluded_lines": 1}, "missing_lines": [], "excluded_lines": [15]}, "OpenAIEmbedder": {"executed_lines": [22, 23, 27, 28, 29, 30, 31, 34, 35], "summary": {"covered_lines": 9, "num_statements": 9, "percent_covered": 100.0, "percent_covered_display": "100", "missing_lines": 0, "excluded_lines": 2}, "missing_lines": [], "excluded_lines": [24, 25]}, "AzureOpenAIEmbedder": {"executed_lines": [49, 50, 54, 55, 56, 58, 59, 62, 64, 69, 72, 73], "summary": {"covered_lines": 12, "num_statements": 13, "percent_covered": 92.3076923076923, "percent_covered_display": "92", "missing_lines": 1, "excluded_lines": 2}, "missing_lines": [60], "excluded_lines": [51, 52]}, "": {"executed_lines": [1, 3, 5, 6, 8, 11, 12, 14, 18, 19, 21, 33, 38, 39, 41, 71], "summary": {"covered_lines": 11, "num_statements": 11, "percent_covered": 100.0, "percent_covered_display": "100", "missing_lines": 0, "excluded_lines": 1}, "missing_lines": [], "excluded_lines": [14]}}}, "src/elspeth/retrieval/providers.py": {"executed_lines": [1, 3, 5, 6, 7, 8, 10, 13, 14, 15, 16, 17, 18, 21, 22, 24, 35, 36, 37, 38, 42, 43, 44, 46, 54, 55, 56, 57, 58, 71, 72, 73, 74, 75, 76, 77, 78, 81, 88, 90, 91, 92, 95, 96, 106, 107, 108, 112, 113, 114, 115, 116, 117, 119, 127, 128, 135, 136, 137, 139, 140, 141, 149, 150, 151, 152, 153, 154, 156, 157, 158, 159, 160, 161, 162, 164], "summary": {"covered_lines": 73, "num_statements": 77, "percent_covered": 94.8051948051948, "percent_covered_display": "95", "missing_lines": 4, "excluded_lines": 15}, "missing_lines": [138, 155, 163, 172], "excluded_lines": [24, 25, 26, 27, 28, 29, 30, 31, 32, 39, 40, 79, 80, 109, 110], "functions": {"VectorQueryClient.query": {"executed_lines": [], "summary": {"covered_lines": 0, "num_statements": 0, "percent_covered": 100.0, "percent_covered_display": "100", "missing_lines": 0, "excluded_lines": 1}, "missing_lines": [], "excluded_lines": [32]}, "PgVectorQueryClient.__init__": {"executed_lines": [37, 38, 42, 43, 44], "summary": {"covered_lines": 5, "num_statements": 5, "percent_covered": 100.0, "percent_covered_display": "100", "missing_lines": 0, "excluded_lines": 2}, "missing_lines": [], "excluded_lines": [39, 40]}, "PgVectorQueryClient.query": {"executed_lines": [54, 55, 56, 57, 58, 71, 72, 73, 74, 75, 76, 77, 78, 81, 88], "summary": {"covered_lines": 15, "num_statements": 15, "percent_covered": 100.0, "percent_covered_display": "100", "missing_lines": 0, "excluded_lines": 2}, "missing_lines": [], "excluded_lines": [79, 80]}, "PgVectorQueryClient._vector_literal": {"executed_lines": [91, 92], "summary": {"covered_lines": 2, "num_statements": 2, "percent_covered": 100.0, "percent_covered_display": "100", "missing_lines": 0, "excluded_lines": 0}, "missing_lines": [], "excluded_lines": []}, "AzureSearchQueryClient.__init__": {"executed_lines": [106, 107, 108, 112, 113, 114, 115, 116, 117], "summary": {"covered_lines": 9, "num_statements": 9, "percent_covered": 100.0, "percent_covered_display": "100", "missing_lines": 0, "excluded_lines": 2}, "missing_lines": [], "excluded_lines": [109, 110]}, "AzureSearchQueryClient.query": {"executed_lines": [127, 128, 135, 136, 137, 139, 140, 141], "summary": {"covered_lines": 8, "num_statements": 9, "percent_covered": 88.88888888888889, "percent_covered_display": "89", "missing_lines": 1, "excluded_lines": 0}, "missing_lines": [138], "excluded_lines": []}, "create_query_client": {"executed_lines": [150, 151, 152, 153, 154, 156, 157, 158, 159, 160, 161, 162, 164], "summary": {"covered_lines": 13, "num_statements": 16, "percent_covered": 81.25, "percent_covered_display": "81", "missing_lines": 3, "excluded_lines": 0}, "missing_lines": [155, 163, 172], "excluded_lines": []}, "": {"executed_lines": [1, 3, 5, 6, 7, 8, 10, 13, 14, 15, 16, 17, 18, 21, 22, 24, 35, 36, 46, 90, 95, 96, 119, 149], "summary": {"covered_lines": 21, "num_statements": 21, "percent_covered": 100.0, "percent_covered_display": "100", "missing_lines": 0, "excluded_lines": 8}, "missing_lines": [], "excluded_lines": [24, 25, 26, 27, 28, 29, 30, 31]}}, "classes": {"QueryResult": {"executed_lines": [], "summary": {"covered_lines": 0, "num_statements": 0, "percent_covered": 100.0, "percent_covered_display": "100", "missing_lines": 0, "excluded_lines": 0}, "missing_lines": [], "excluded_lines": []}, "VectorQueryClient": {"executed_lines": [], "summary": {"covered_lines": 0, "num_statements": 0, "percent_covered": 100.0, "percent_covered_display": "100", "missing_lines": 0, "excluded_lines": 1}, "missing_lines": [], "excluded_lines": [32]}, "PgVectorQueryClient": {"executed_lines": [37, 38, 42, 43, 44, 54, 55, 56, 57, 58, 71, 72, 73, 74, 75, 76, 77, 78, 81, 88, 91, 92], "summary": {"covered_lines": 22, "num_statements": 22, "percent_covered": 100.0, "percent_covered_display": "100", "missing_lines": 0, "excluded_lines": 4}, "missing_lines": [], "excluded_lines": [39, 40, 79, 80]}, "AzureSearchQueryClient": {"executed_lines": [106, 107, 108, 112, 113, 114, 115, 116, 117, 127, 128, 135, 136, 137, 139, 140, 141], "summary": {"covered_lines": 17, "num_statements": 18, "percent_covered": 94.44444444444444, "percent_covered_display": "94", "missing_lines": 1, "excluded_lines": 2}, "missing_lines": [138], "excluded_lines": [109, 110]}, "": {"executed_lines": [1, 3, 5, 6, 7, 8, 10, 13, 14, 15, 16, 17, 18, 21, 22, 24, 35, 36, 46, 90, 95, 96, 119, 149, 150, 151, 152, 153, 154, 156, 157, 158, 159, 160, 161, 162, 164], "summary": {"covered_lines": 34, "num_statements": 37, "percent_covered": 91.89189189189189, "percent_covered_display": "92", "missing_lines": 3, "excluded_lines": 8}, "missing_lines": [155, 163, 172], "excluded_lines": [24, 25, 26, 27, 28, 29, 30, 31]}}}, "src/elspeth/retrieval/service.py": {"executed_lines": [1, 3, 5, 7, 8, 11, 12, 14, 15, 16, 18, 26, 27, 30, 31, 32, 33, 35, 37, 38, 39, 41, 42, 43, 46, 47, 48, 49, 50, 51, 52, 53, 67], "summary": {"covered_lines": 31, "num_statements": 40, "percent_covered": 77.5, "percent_covered_display": "78", "missing_lines": 9, "excluded_lines": 0}, "missing_lines": [34, 54, 55, 56, 57, 58, 59, 60, 61], "excluded_lines": [], "functions": {"RetrievalService.__init__": {"executed_lines": [15, 16], "summary": {"covered_lines": 2, "num_statements": 2, "percent_covered": 100.0, "percent_covered_display": "100", "missing_lines": 0, "excluded_lines": 0}, "missing_lines": [], "excluded_lines": []}, "RetrievalService.retrieve": {"executed_lines": [26, 27], "summary": {"covered_lines": 2, "num_statements": 2, "percent_covered": 100.0, "percent_covered_display": "100", "missing_lines": 0, "excluded_lines": 0}, "missing_lines": [], "excluded_lines": []}, "create_retrieval_service": {"executed_lines": [31, 32, 33, 35, 37, 38, 39, 41, 42, 43], "summary": {"covered_lines": 10, "num_statements": 11, "percent_covered": 90.9090909090909, "percent_covered_display": "91", "missing_lines": 1, "excluded_lines": 0}, "missing_lines": [34], "excluded_lines": []}, "_create_embedder": {"executed_lines": [47, 48, 49, 50, 51, 52, 53, 67], "summary": {"covered_lines": 8, "num_statements": 16, "percent_covered": 50.0, "percent_covered_display": "50", "missing_lines": 8, "excluded_lines": 0}, "missing_lines": [54, 55, 56, 57, 58, 59, 60, 61], "excluded_lines": []}, "": {"executed_lines": [1, 3, 5, 7, 8, 11, 12, 14, 18, 30, 46], "summary": {"covered_lines": 9, "num_statements": 9, "percent_covered": 100.0, "percent_covered_display": "100", "missing_lines": 0, "excluded_lines": 0}, "missing_lines": [], "excluded_lines": []}}, "classes": {"RetrievalService": {"executed_lines": [15, 16, 26, 27], "summary": {"covered_lines": 4, "num_statements": 4, "percent_covered": 100.0, "percent_covered_display": "100", "missing_lines": 0, "excluded_lines": 0}, "missing_lines": [], "excluded_lines": []}, "": {"executed_lines": [1, 3, 5, 7, 8, 11, 12, 14, 18, 30, 31, 32, 33, 35, 37, 38, 39, 41, 42, 43, 46, 47, 48, 49, 50, 51, 52, 53, 67], "summary": {"covered_lines": 27, "num_statements": 36, "percent_covered": 75.0, "percent_covered_display": "75", "missing_lines": 9, "excluded_lines": 0}, "missing_lines": [34, 54, 55, 56, 57, 58, 59, 60, 61], "excluded_lines": []}}}, "src/elspeth/tools/reporting.py": {"executed_lines": [1, 3, 5, 6, 7, 8, 9, 11, 12, 13, 15, 18, 19, 21, 22, 23, 24, 26, 27, 28, 29, 31, 33, 34, 35, 47, 48, 49, 50, 51, 52, 53, 54, 58, 59, 60, 61, 62, 64, 65, 66, 74, 76, 77, 78, 79, 80, 86, 87, 88, 89, 90, 92, 96, 97, 99, 100, 101, 102, 103, 104, 105, 106, 107, 111, 112, 114, 115, 120, 121, 123, 124, 125, 126, 127, 128, 129, 130, 131, 132, 133, 134, 135, 136, 137, 138, 139, 140, 141, 142, 143, 144, 145, 152, 153, 154, 155, 156, 157, 158, 160, 166, 167, 168, 169, 170, 171, 172, 173, 176, 177, 178, 179, 180, 182, 183, 184, 185, 186, 187, 188, 189, 190, 191, 192, 193, 194, 195, 196, 197, 199, 205, 206, 207, 208, 209, 211, 212, 213, 220, 221, 230, 231, 232, 233, 234, 235, 242, 244, 245, 246, 247, 248, 249, 253, 254, 255, 257, 258, 259, 260, 261, 263, 264, 265, 267, 268, 269, 270, 271, 273, 274, 275, 276, 277, 279, 283, 284, 285, 286, 287, 288, 289, 290, 291, 295, 296, 298, 299, 301, 302, 304, 306, 307, 308, 310, 313, 314, 315, 316, 317, 319, 320, 321, 322, 339, 342, 343, 344, 345, 347, 348, 351], "summary": {"covered_lines": 205, "num_statements": 217, "percent_covered": 94.47004608294931, "percent_covered_display": "94", "missing_lines": 12, "excluded_lines": 8}, "missing_lines": [63, 91, 175, 280, 281, 297, 300, 303, 309, 318, 331, 346], "excluded_lines": [207, 208, 209, 250, 251, 259, 260, 261], "functions": {"SuiteReportGenerator.__init__": {"executed_lines": [22, 23, 24], "summary": {"covered_lines": 3, "num_statements": 3, "percent_covered": 100.0, "percent_covered_display": "100", "missing_lines": 0, "excluded_lines": 0}, "missing_lines": [], "excluded_lines": []}, "SuiteReportGenerator.generate_all_reports": {"executed_lines": [27, 28, 29, 31, 33, 34, 35, 47, 48, 49, 50, 51, 52, 53, 54], "summary": {"covered_lines": 15, "num_statements": 15, "percent_covered": 100.0, "percent_covered_display": "100", "missing_lines": 0, "excluded_lines": 0}, "missing_lines": [], "excluded_lines": []}, "SuiteReportGenerator._generate_individual_stats": {"executed_lines": [59, 60, 61, 62, 64, 65, 66, 74], "summary": {"covered_lines": 8, "num_statements": 9, "percent_covered": 88.88888888888889, "percent_covered_display": "89", "missing_lines": 1, "excluded_lines": 0}, "missing_lines": [63], "excluded_lines": []}, "SuiteReportGenerator._generate_comparative": {"executed_lines": [77, 78, 79, 80, 86, 87, 88, 89, 90, 92, 96, 97], "summary": {"covered_lines": 12, "num_statements": 13, "percent_covered": 92.3076923076923, "percent_covered_display": "92", "missing_lines": 1, "excluded_lines": 0}, "missing_lines": [91], "excluded_lines": []}, "SuiteReportGenerator._generate_recommendations": {"executed_lines": [100, 101, 102, 103, 104, 105, 106, 107, 111, 112], "summary": {"covered_lines": 10, "num_statements": 10, "percent_covered": 100.0, "percent_covered_display": "100", "missing_lines": 0, "excluded_lines": 0}, "missing_lines": [], "excluded_lines": []}, "SuiteReportGenerator._export_analysis_config": {"executed_lines": [115, 120, 121], "summary": {"covered_lines": 3, "num_statements": 3, "percent_covered": 100.0, "percent_covered_display": "100", "missing_lines": 0, "excluded_lines": 0}, "missing_lines": [], "excluded_lines": []}, "SuiteReportGenerator._collect_plugin_summary": {"executed_lines": [124, 125, 126, 127, 128, 129, 130, 131, 132, 133, 134, 135, 136, 137, 138, 139, 140, 141, 142, 143, 144, 145], "summary": {"covered_lines": 22, "num_statements": 22, "percent_covered": 100.0, "percent_covered_display": "100", "missing_lines": 0, "excluded_lines": 0}, "missing_lines": [], "excluded_lines": []}, "SuiteReportGenerator._generate_failure_report": {"executed_lines": [153, 154, 155, 156, 157, 158], "summary": {"covered_lines": 6, "num_statements": 6, "percent_covered": 100.0, "percent_covered_display": "100", "missing_lines": 0, "excluded_lines": 0}, "missing_lines": [], "excluded_lines": []}, "SuiteReportGenerator._generate_executive_summary": {"executed_lines": [166, 167, 168, 169, 170, 171, 172, 173, 176, 177, 178, 179, 180, 182, 183, 184, 185, 186, 187, 188, 189, 190, 191, 192, 193, 194, 195, 196, 197], "summary": {"covered_lines": 29, "num_statements": 30, "percent_covered": 96.66666666666667, "percent_covered_display": "97", "missing_lines": 1, "excluded_lines": 0}, "missing_lines": [175], "excluded_lines": []}, "SuiteReportGenerator._generate_excel_report": {"executed_lines": [205, 206, 207, 208, 209, 211, 212, 213, 220, 221, 230, 231, 232, 233, 234, 235, 242, 244, 245, 246, 247, 248, 249], "summary": {"covered_lines": 20, "num_statements": 20, "percent_covered": 100.0, "percent_covered_display": "100", "missing_lines": 0, "excluded_lines": 5}, "missing_lines": [], "excluded_lines": [207, 208, 209, 250, 251]}, "SuiteReportGenerator._generate_visualizations": {"executed_lines": [254, 255, 257, 258, 259, 260, 261, 263, 264, 265, 267, 268, 269, 270, 271, 273, 274, 275, 276, 277, 279, 283, 284, 285, 286, 287, 288, 289, 290, 291], "summary": {"covered_lines": 27, "num_statements": 29, "percent_covered": 93.10344827586206, "percent_covered_display": "93", "missing_lines": 2, "excluded_lines": 3}, "missing_lines": [280, 281], "excluded_lines": [259, 260, 261]}, "SuiteReportGenerator._summaries_from_payload": {"executed_lines": [296, 298, 299, 301, 302, 304], "summary": {"covered_lines": 6, "num_statements": 9, "percent_covered": 66.66666666666667, "percent_covered_display": "67", "missing_lines": 3, "excluded_lines": 0}, "missing_lines": [297, 300, 303], "excluded_lines": []}, "SuiteReportGenerator._config_dict": {"executed_lines": [308, 310], "summary": {"covered_lines": 2, "num_statements": 3, "percent_covered": 66.66666666666667, "percent_covered_display": "67", "missing_lines": 1, "excluded_lines": 0}, "missing_lines": [309], "excluded_lines": []}, "_comparisons_dataframe": {"executed_lines": [314, 315, 316, 317, 319, 320, 321, 322, 339], "summary": {"covered_lines": 9, "num_statements": 11, "percent_covered": 81.81818181818181, "percent_covered_display": "82", "missing_lines": 2, "excluded_lines": 0}, "missing_lines": [318, 331], "excluded_lines": []}, "_safe_get": {"executed_lines": [343, 344, 345, 347, 348], "summary": {"covered_lines": 5, "num_statements": 6, "percent_covered": 83.33333333333333, "percent_covered_display": "83", "missing_lines": 1, "excluded_lines": 0}, "missing_lines": [346], "excluded_lines": []}, "": {"executed_lines": [1, 3, 5, 6, 7, 8, 9, 11, 12, 13, 15, 18, 19, 21, 26, 58, 76, 99, 114, 123, 152, 160, 199, 253, 295, 306, 307, 313, 342, 351], "summary": {"covered_lines": 28, "num_statements": 28, "percent_covered": 100.0, "percent_covered_display": "100", "missing_lines": 0, "excluded_lines": 0}, "missing_lines": [], "excluded_lines": []}}, "classes": {"SuiteReportGenerator": {"executed_lines": [22, 23, 24, 27, 28, 29, 31, 33, 34, 35, 47, 48, 49, 50, 51, 52, 53, 54, 59, 60, 61, 62, 64, 65, 66, 74, 77, 78, 79, 80, 86, 87, 88, 89, 90, 92, 96, 97, 100, 101, 102, 103, 104, 105, 106, 107, 111, 112, 115, 120, 121, 124, 125, 126, 127, 128, 129, 130, 131, 132, 133, 134, 135, 136, 137, 138, 139, 140, 141, 142, 143, 144, 145, 153, 154, 155, 156, 157, 158, 166, 167, 168, 169, 170, 171, 172, 173, 176, 177, 178, 179, 180, 182, 183, 184, 185, 186, 187, 188, 189, 190, 191, 192, 193, 194, 195, 196, 197, 205, 206, 207, 208, 209, 211, 212, 213, 220, 221, 230, 231, 232, 233, 234, 235, 242, 244, 245, 246, 247, 248, 249, 254, 255, 257, 258, 259, 260, 261, 263, 264, 265, 267, 268, 269, 270, 271, 273, 274, 275, 276, 277, 279, 283, 284, 285, 286, 287, 288, 289, 290, 291, 296, 298, 299, 301, 302, 304, 308, 310], "summary": {"covered_lines": 163, "num_statements": 172, "percent_covered": 94.76744186046511, "percent_covered_display": "95", "missing_lines": 9, "excluded_lines": 8}, "missing_lines": [63, 91, 175, 280, 281, 297, 300, 303, 309], "excluded_lines": [207, 208, 209, 250, 251, 259, 260, 261]}, "": {"executed_lines": [1, 3, 5, 6, 7, 8, 9, 11, 12, 13, 15, 18, 19, 21, 26, 58, 76, 99, 114, 123, 152, 160, 199, 253, 295, 306, 307, 313, 314, 315, 316, 317, 319, 320, 321, 322, 339, 342, 343, 344, 345, 347, 348, 351], "summary": {"covered_lines": 42, "num_statements": 45, "percent_covered": 93.33333333333333, "percent_covered_display": "93", "missing_lines": 3, "excluded_lines": 0}, "missing_lines": [318, 331, 346], "excluded_lines": []}}}}, "totals": {"covered_lines": 7810, "num_statements": 8969, "percent_covered": 87.0777121195228, "percent_covered_display": "87", "missing_lines": 1159, "excluded_lines": 559}}