### version information

```
pre-commit version: 4.5.1
git --version: git version 2.43.0
sys.version:
    3.13.1 (main, Dec 19 2024, 14:32:25) [Clang 18.1.8 ]
sys.executable: /home/john/elspeth-rapid/.venv/bin/python3
os.name: posix
sys.platform: linux
```

### error information

```
An unexpected error has occurred: CalledProcessError: command: ('/usr/lib/git-core/git', 'fetch', 'origin', '--tags')
return code: 128
stdout: (none)
stderr:
    fatal: unable to access 'https://github.com/pre-commit/pre-commit-hooks/': Could not resolve host: github.com
```

```
Traceback (most recent call last):
  File "/home/john/elspeth-rapid/.venv/lib/python3.13/site-packages/pre_commit/store.py", line 206, in clone_strategy
    self._shallow_clone(ref, _git_cmd)
    ~~~~~~~~~~~~~~~~~~~^^^^^^^^^^^^^^^
  File "/home/john/elspeth-rapid/.venv/lib/python3.13/site-packages/pre_commit/store.py", line 188, in _shallow_clone
    git_cmd('-c', git_config, 'fetch', 'origin', ref, '--depth=1')
    ~~~~~~~^^^^^^^^^^^^^^^^^^^^^^^^^^^^^^^^^^^^^^^^^^^^^^^^^^^^^^^
  File "/home/john/elspeth-rapid/.venv/lib/python3.13/site-packages/pre_commit/store.py", line 203, in _git_cmd
    cmd_output_b('git', *args, cwd=directory, env=env)
    ~~~~~~~~~~~~^^^^^^^^^^^^^^^^^^^^^^^^^^^^^^^^^^^^^^
  File "/home/john/elspeth-rapid/.venv/lib/python3.13/site-packages/pre_commit/util.py", line 111, in cmd_output_b
    raise CalledProcessError(returncode, cmd, stdout_b, stderr_b)
pre_commit.util.CalledProcessError: command: ('/usr/lib/git-core/git', '-c', 'protocol.version=2', 'fetch', 'origin', 'v4.5.0', '--depth=1')
return code: 128
stdout: (none)
stderr:
    fatal: unable to access 'https://github.com/pre-commit/pre-commit-hooks/': Could not resolve host: github.com

During handling of the above exception, another exception occurred:

Traceback (most recent call last):
  File "/home/john/elspeth-rapid/.venv/lib/python3.13/site-packages/pre_commit/error_handler.py", line 73, in error_handler
    yield
  File "/home/john/elspeth-rapid/.venv/lib/python3.13/site-packages/pre_commit/main.py", line 401, in main
    return hook_impl(
        store,
    ...<5 lines>...
        args=args.rest[1:],
    )
  File "/home/john/elspeth-rapid/.venv/lib/python3.13/site-packages/pre_commit/commands/hook_impl.py", line 272, in hook_impl
    return retv | run(config, store, ns)
                  ~~~^^^^^^^^^^^^^^^^^^^
  File "/home/john/elspeth-rapid/.venv/lib/python3.13/site-packages/pre_commit/commands/run.py", line 426, in run
    for hook in all_hooks(config, store)
                ~~~~~~~~~^^^^^^^^^^^^^^^
  File "/home/john/elspeth-rapid/.venv/lib/python3.13/site-packages/pre_commit/repository.py", line 233, in all_hooks
    return tuple(
        hook
        for repo in root_config['repos']
        for hook in _repository_hooks(repo, store, root_config)
    )
  File "/home/john/elspeth-rapid/.venv/lib/python3.13/site-packages/pre_commit/repository.py", line 236, in <genexpr>
    for hook in _repository_hooks(repo, store, root_config)
                ~~~~~~~~~~~~~~~~~^^^^^^^^^^^^^^^^^^^^^^^^^^
  File "/home/john/elspeth-rapid/.venv/lib/python3.13/site-packages/pre_commit/repository.py", line 211, in _repository_hooks
    return _cloned_repository_hooks(repo_config, store, root_config)
  File "/home/john/elspeth-rapid/.venv/lib/python3.13/site-packages/pre_commit/repository.py", line 177, in _cloned_repository_hooks
    manifest_path = os.path.join(store.clone(repo, rev), C.MANIFEST_FILE)
                                 ~~~~~~~~~~~^^^^^^^^^^^
  File "/home/john/elspeth-rapid/.venv/lib/python3.13/site-packages/pre_commit/store.py", line 210, in clone
    return self._new_repo(repo, ref, deps, clone_strategy)
           ~~~~~~~~~~~~~~^^^^^^^^^^^^^^^^^^^^^^^^^^^^^^^^^
  File "/home/john/elspeth-rapid/.venv/lib/python3.13/site-packages/pre_commit/store.py", line 164, in _new_repo
    make_strategy(directory)
    ~~~~~~~~~~~~~^^^^^^^^^^^
  File "/home/john/elspeth-rapid/.venv/lib/python3.13/site-packages/pre_commit/store.py", line 208, in clone_strategy
    self._complete_clone(ref, _git_cmd)
    ~~~~~~~~~~~~~~~~~~~~^^^^^^^^^^^^^^^
  File "/home/john/elspeth-rapid/.venv/lib/python3.13/site-packages/pre_commit/store.py", line 180, in _complete_clone
    git_cmd('fetch', 'origin', '--tags')
    ~~~~~~~^^^^^^^^^^^^^^^^^^^^^^^^^^^^^
  File "/home/john/elspeth-rapid/.venv/lib/python3.13/site-packages/pre_commit/store.py", line 203, in _git_cmd
    cmd_output_b('git', *args, cwd=directory, env=env)
    ~~~~~~~~~~~~^^^^^^^^^^^^^^^^^^^^^^^^^^^^^^^^^^^^^^
  File "/home/john/elspeth-rapid/.venv/lib/python3.13/site-packages/pre_commit/util.py", line 111, in cmd_output_b
    raise CalledProcessError(returncode, cmd, stdout_b, stderr_b)
pre_commit.util.CalledProcessError: command: ('/usr/lib/git-core/git', 'fetch', 'origin', '--tags')
return code: 128
stdout: (none)
stderr:
    fatal: unable to access 'https://github.com/pre-commit/pre-commit-hooks/': Could not resolve host: github.com
```
